[ 2017-09-26T10:25:46+08:00 ] 127.0.0.1 /index.php
INFO: [ app_init ] --START--
INFO: Run Behavior\BuildLiteBehavior [ RunTime:0.000000s ]
INFO: [ app_init ] --END-- [ RunTime:0.002000s ]
INFO: [ app_begin ] --START--
INFO: Run Behavior\ReadHtmlCacheBehavior [ RunTime:0.001000s ]
INFO: [ app_begin ] --END-- [ RunTime:0.001000s ]
SQL: SHOW COLUMNS FROM `region` [ RunTime:0.0080s ]
SQL: SELECT `region_id`,`region_name` FROM `region` WHERE ( level=1 )  [ RunTime:0.0070s ]
SQL: SHOW COLUMNS FROM `house_image` [ RunTime:0.0080s ]
SQL: SELECT a.image,b.house_name,b.build_type,b.dili,b.mix_mianji,b.max_mianji,b.last_time,b.decorate FROM house_image a left join house_info b ON a.house_id = b.house_id  WHERE ( a.img_class='face' )  [ RunTime:0.0080s ]
INFO: [ view_parse ] --START--
INFO: [ template_filter ] --START--
INFO: Run Behavior\ContentReplaceBehavior [ RunTime:0.001000s ]
INFO: [ template_filter ] --END-- [ RunTime:0.001000s ]
INFO: Run Behavior\ParseTemplateBehavior [ RunTime:0.034000s ]
INFO: [ view_parse ] --END-- [ RunTime:0.034000s ]
INFO: [ view_filter ] --START--
INFO: Run Behavior\WriteHtmlCacheBehavior [ RunTime:0.001000s ]
INFO: [ view_filter ] --END-- [ RunTime:0.001000s ]
INFO: [ app_end ] --START--
INFO: Run Behavior\ShowPageTraceBehavior [ RunTime:0.001000s ]
INFO: [ app_end ] --END-- [ RunTime:0.001000s ]

[ 2017-09-26T10:25:47+08:00 ] 127.0.0.1 /favicon.ico
INFO: [ app_init ] --START--
INFO: Run Behavior\BuildLiteBehavior [ RunTime:0.000000s ]
INFO: [ app_init ] --END-- [ RunTime:0.001000s ]

[ 2017-09-26T10:25:57+08:00 ] 127.0.0.1 /index.php/Hot/hot
INFO: [ app_init ] --START--
INFO: Run Behavior\BuildLiteBehavior [ RunTime:0.000000s ]
INFO: [ app_init ] --END-- [ RunTime:0.001000s ]
INFO: [ app_begin ] --START--
INFO: Run Behavior\ReadHtmlCacheBehavior [ RunTime:0.001000s ]
INFO: [ app_begin ] --END-- [ RunTime:0.001000s ]
SQL: SHOW COLUMNS FROM `region` [ RunTime:0.0050s ]
SQL: SELECT `region_id`,`region_name` FROM `region` WHERE ( level=1 )  [ RunTime:0.0050s ]
INFO: [ view_parse ] --START--
INFO: [ template_filter ] --START--
INFO: Run Behavior\ContentReplaceBehavior [ RunTime:0.000000s ]
INFO: [ template_filter ] --END-- [ RunTime:0.000000s ]
INFO: Run Behavior\ParseTemplateBehavior [ RunTime:0.009000s ]
INFO: [ view_parse ] --END-- [ RunTime:0.009000s ]
INFO: [ view_filter ] --START--
INFO: Run Behavior\WriteHtmlCacheBehavior [ RunTime:0.001000s ]
INFO: [ view_filter ] --END-- [ RunTime:0.001000s ]
INFO: [ app_end ] --START--
INFO: Run Behavior\ShowPageTraceBehavior [ RunTime:0.001000s ]
INFO: [ app_end ] --END-- [ RunTime:0.001000s ]

[ 2017-09-26T10:26:20+08:00 ] 127.0.0.1 /index.php/Index/index
INFO: [ app_init ] --START--
INFO: Run Behavior\BuildLiteBehavior [ RunTime:0.000000s ]
INFO: [ app_init ] --END-- [ RunTime:0.000000s ]
INFO: [ app_begin ] --START--
INFO: Run Behavior\ReadHtmlCacheBehavior [ RunTime:0.001000s ]
INFO: [ app_begin ] --END-- [ RunTime:0.001000s ]
SQL: SHOW COLUMNS FROM `region` [ RunTime:0.0060s ]
SQL: SELECT `region_id`,`region_name` FROM `region` WHERE ( level=1 )  [ RunTime:0.0050s ]
SQL: SHOW COLUMNS FROM `house_image` [ RunTime:0.0060s ]
SQL: SELECT a.image,b.house_name,b.build_type,b.dili,b.mix_mianji,b.max_mianji,b.last_time,b.decorate FROM house_image a left join house_info b ON a.house_id = b.house_id  WHERE ( a.img_class='face' )  [ RunTime:0.0070s ]
INFO: [ view_parse ] --START--
INFO: [ template_filter ] --START--
INFO: Run Behavior\ContentReplaceBehavior [ RunTime:0.001000s ]
INFO: [ template_filter ] --END-- [ RunTime:0.001000s ]
INFO: Run Behavior\ParseTemplateBehavior [ RunTime:0.023000s ]
INFO: [ view_parse ] --END-- [ RunTime:0.023000s ]
INFO: [ view_filter ] --START--
INFO: Run Behavior\WriteHtmlCacheBehavior [ RunTime:0.000000s ]
INFO: [ view_filter ] --END-- [ RunTime:0.001000s ]
INFO: [ app_end ] --START--
INFO: Run Behavior\ShowPageTraceBehavior [ RunTime:0.001000s ]
INFO: [ app_end ] --END-- [ RunTime:0.001000s ]

[ 2017-09-26T10:26:27+08:00 ] 127.0.0.1 /index.php/Hot/hot
INFO: [ app_init ] --START--
INFO: Run Behavior\BuildLiteBehavior [ RunTime:0.000000s ]
INFO: [ app_init ] --END-- [ RunTime:0.000000s ]
INFO: [ app_begin ] --START--
INFO: Run Behavior\ReadHtmlCacheBehavior [ RunTime:0.001000s ]
INFO: [ app_begin ] --END-- [ RunTime:0.001000s ]
SQL: SHOW COLUMNS FROM `region` [ RunTime:0.0060s ]
SQL: SELECT `region_id`,`region_name` FROM `region` WHERE ( level=1 )  [ RunTime:0.0050s ]
INFO: [ view_parse ] --START--
INFO: [ template_filter ] --START--
INFO: Run Behavior\ContentReplaceBehavior [ RunTime:0.001000s ]
INFO: [ template_filter ] --END-- [ RunTime:0.001000s ]
INFO: Run Behavior\ParseTemplateBehavior [ RunTime:0.013000s ]
INFO: [ view_parse ] --END-- [ RunTime:0.013000s ]
INFO: [ view_filter ] --START--
INFO: Run Behavior\WriteHtmlCacheBehavior [ RunTime:0.000000s ]
INFO: [ view_filter ] --END-- [ RunTime:0.000000s ]
INFO: [ app_end ] --START--
INFO: Run Behavior\ShowPageTraceBehavior [ RunTime:0.001000s ]
INFO: [ app_end ] --END-- [ RunTime:0.001000s ]

[ 2017-09-26T10:28:33+08:00 ] 127.0.0.1 /index.php/Index/index
INFO: [ app_init ] --START--
INFO: Run Behavior\BuildLiteBehavior [ RunTime:0.000000s ]
INFO: [ app_init ] --END-- [ RunTime:0.001000s ]
INFO: [ app_begin ] --START--
INFO: Run Behavior\ReadHtmlCacheBehavior [ RunTime:0.001000s ]
INFO: [ app_begin ] --END-- [ RunTime:0.001000s ]
SQL: SHOW COLUMNS FROM `region` [ RunTime:0.0060s ]
SQL: SELECT `region_id`,`region_name` FROM `region` WHERE ( level=1 )  [ RunTime:0.0050s ]
SQL: SHOW COLUMNS FROM `house_image` [ RunTime:0.0050s ]
SQL: SELECT a.image,b.house_name,b.build_type,b.dili,b.mix_mianji,b.max_mianji,b.last_time,b.decorate FROM house_image a left join house_info b ON a.house_id = b.house_id  WHERE ( a.img_class='face' )  [ RunTime:0.0060s ]
INFO: [ view_parse ] --START--
INFO: [ template_filter ] --START--
INFO: Run Behavior\ContentReplaceBehavior [ RunTime:0.000000s ]
INFO: [ template_filter ] --END-- [ RunTime:0.001000s ]
INFO: Run Behavior\ParseTemplateBehavior [ RunTime:0.025000s ]
INFO: [ view_parse ] --END-- [ RunTime:0.025000s ]
INFO: [ view_filter ] --START--
INFO: Run Behavior\WriteHtmlCacheBehavior [ RunTime:0.000000s ]
INFO: [ view_filter ] --END-- [ RunTime:0.000000s ]
INFO: [ app_end ] --START--
INFO: Run Behavior\ShowPageTraceBehavior [ RunTime:0.001000s ]
INFO: [ app_end ] --END-- [ RunTime:0.001000s ]

[ 2017-09-26T10:28:47+08:00 ] 127.0.0.1 /index.php/Search/search?guanjianzi=%E4%B8%8A%E6%B5%B7
INFO: [ app_init ] --START--
INFO: Run Behavior\BuildLiteBehavior [ RunTime:0.000000s ]
INFO: [ app_init ] --END-- [ RunTime:0.000000s ]
INFO: [ app_begin ] --START--
INFO: Run Behavior\ReadHtmlCacheBehavior [ RunTime:0.001000s ]
INFO: [ app_begin ] --END-- [ RunTime:0.001000s ]
SQL: SHOW COLUMNS FROM `region` [ RunTime:0.0060s ]
SQL: SELECT `region_id`,`region_name` FROM `region` WHERE ( level=1 )  [ RunTime:0.0060s ]
SQL: SHOW COLUMNS FROM `house_info` [ RunTime:0.0070s ]
SQL: SELECT `house_id`,`house_name` FROM `house_info` WHERE ( `house_name` LIKE '%上海%' OR `house_address` LIKE '%上海%' OR `dili` LIKE '%上海%' )  [ RunTime:0.0070s ]
NOTIC: [8] Undefined variable: list E:\phpStudy\WWW\99xinfang\Application\Home\Controller\SearchController.class.php 第 15 行.
NOTIC: [8] Undefined index: id E:\phpStudy\WWW\99xinfang\Application\Home\Controller\SearchController.class.php 第 18 行.
INFO: [ view_parse ] --START--
INFO: [ template_filter ] --START--
INFO: Run Behavior\ContentReplaceBehavior [ RunTime:0.000000s ]
INFO: [ template_filter ] --END-- [ RunTime:0.000000s ]
INFO: Run Behavior\ParseTemplateBehavior [ RunTime:0.030000s ]
INFO: [ view_parse ] --END-- [ RunTime:0.031000s ]
INFO: [ view_filter ] --START--
INFO: Run Behavior\WriteHtmlCacheBehavior [ RunTime:0.000000s ]
INFO: [ view_filter ] --END-- [ RunTime:0.000000s ]
INFO: [ app_end ] --START--
INFO: Run Behavior\ShowPageTraceBehavior [ RunTime:0.001000s ]
INFO: [ app_end ] --END-- [ RunTime:0.001000s ]

[ 2017-09-26T10:45:06+08:00 ] 127.0.0.1 /index.php/Search/search?id=1
INFO: [ app_init ] --START--
INFO: Run Behavior\BuildLiteBehavior [ RunTime:0.000000s ]
INFO: [ app_init ] --END-- [ RunTime:0.001000s ]
INFO: [ app_begin ] --START--
INFO: Run Behavior\ReadHtmlCacheBehavior [ RunTime:0.000000s ]
INFO: [ app_begin ] --END-- [ RunTime:0.000000s ]
SQL: SHOW COLUMNS FROM `region` [ RunTime:0.0070s ]
SQL: SELECT `region_id`,`region_name` FROM `region` WHERE ( level=1 )  [ RunTime:0.0070s ]
NOTIC: [8] Undefined index: guanjianzi E:\phpStudy\WWW\99xinfang\Application\Home\Controller\SearchController.class.php 第 10 行.
SQL: SELECT `region_id` FROM `region`  [ RunTime:0.0060s ]
SQL: SHOW COLUMNS FROM `house_info` [ RunTime:0.0070s ]
SQL: SELECT `house_id`,`house_name` FROM `house_info` WHERE `region_id` IN ('1','2','3','4','5','6','7','8','9','10','11','12','13','14')  [ RunTime:0.0070s ]
NOTIC: [8] Undefined variable: list E:\phpStudy\WWW\99xinfang\Application\Home\Controller\SearchController.class.php 第 28 行.
INFO: [ view_parse ] --START--
INFO: [ template_filter ] --START--
INFO: Run Behavior\ContentReplaceBehavior [ RunTime:0.000000s ]
INFO: [ template_filter ] --END-- [ RunTime:0.000000s ]
INFO: Run Behavior\ParseTemplateBehavior [ RunTime:0.030000s ]
INFO: [ view_parse ] --END-- [ RunTime:0.030000s ]
INFO: [ view_filter ] --START--
INFO: Run Behavior\WriteHtmlCacheBehavior [ RunTime:0.000000s ]
INFO: [ view_filter ] --END-- [ RunTime:0.001000s ]
INFO: [ app_end ] --START--
INFO: Run Behavior\ShowPageTraceBehavior [ RunTime:0.001000s ]
INFO: [ app_end ] --END-- [ RunTime:0.001000s ]

[ 2017-09-26T11:17:30+08:00 ] 127.0.0.1 /index.php/Search/img/radio.png
INFO: [ app_init ] --START--
INFO: Run Behavior\BuildLiteBehavior [ RunTime:0.000000s ]
INFO: [ app_init ] --END-- [ RunTime:0.001000s ]

[ 2017-09-26T11:17:30+08:00 ] 127.0.0.1 /index.php/Search/img/radios.png
INFO: [ app_init ] --START--
INFO: Run Behavior\BuildLiteBehavior [ RunTime:0.000000s ]
INFO: [ app_init ] --END-- [ RunTime:0.000000s ]

[ 2017-09-26T11:17:33+08:00 ] 127.0.0.1 /index.php/Search/img/radio.png
INFO: [ app_init ] --START--
INFO: Run Behavior\BuildLiteBehavior [ RunTime:0.000000s ]
INFO: [ app_init ] --END-- [ RunTime:0.001000s ]

[ 2017-09-26T11:17:33+08:00 ] 127.0.0.1 /index.php/Search/img/radios.png
INFO: [ app_init ] --START--
INFO: Run Behavior\BuildLiteBehavior [ RunTime:0.000000s ]
INFO: [ app_init ] --END-- [ RunTime:0.000000s ]

[ 2017-09-26T11:17:34+08:00 ] 127.0.0.1 /index.php/Search/img/radio.png
INFO: [ app_init ] --START--
INFO: Run Behavior\BuildLiteBehavior [ RunTime:0.000000s ]
INFO: [ app_init ] --END-- [ RunTime:0.000000s ]

[ 2017-09-26T11:17:34+08:00 ] 127.0.0.1 /index.php/Search/img/radios.png
INFO: [ app_init ] --START--
INFO: Run Behavior\BuildLiteBehavior [ RunTime:0.000000s ]
INFO: [ app_init ] --END-- [ RunTime:0.000000s ]

[ 2017-09-26T11:17:36+08:00 ] 127.0.0.1 /index.php/Search/img/radio.png
INFO: [ app_init ] --START--
INFO: Run Behavior\BuildLiteBehavior [ RunTime:0.000000s ]
INFO: [ app_init ] --END-- [ RunTime:0.000000s ]

[ 2017-09-26T11:17:36+08:00 ] 127.0.0.1 /index.php/Search/img/radios.png
INFO: [ app_init ] --START--
INFO: Run Behavior\BuildLiteBehavior [ RunTime:0.000000s ]
INFO: [ app_init ] --END-- [ RunTime:0.001000s ]

[ 2017-09-26T11:17:37+08:00 ] 127.0.0.1 /index.php/Search/img/radios.png
INFO: [ app_init ] --START--
INFO: Run Behavior\BuildLiteBehavior [ RunTime:0.000000s ]
INFO: [ app_init ] --END-- [ RunTime:0.000000s ]

[ 2017-09-26T11:17:37+08:00 ] 127.0.0.1 /index.php/Search/img/radio.png
INFO: [ app_init ] --START--
INFO: Run Behavior\BuildLiteBehavior [ RunTime:0.000000s ]
INFO: [ app_init ] --END-- [ RunTime:0.000000s ]

[ 2017-09-26T11:17:43+08:00 ] 127.0.0.1 /index.php/Search/img/radios.png
INFO: [ app_init ] --START--
INFO: Run Behavior\BuildLiteBehavior [ RunTime:0.000000s ]
INFO: [ app_init ] --END-- [ RunTime:0.001000s ]

[ 2017-09-26T11:17:43+08:00 ] 127.0.0.1 /index.php/Search/img/radio.png
INFO: [ app_init ] --START--
INFO: Run Behavior\BuildLiteBehavior [ RunTime:0.000000s ]
INFO: [ app_init ] --END-- [ RunTime:0.000000s ]

[ 2017-09-26T11:17:58+08:00 ] 127.0.0.1 /index.php/Search/search?qy=on&xc=on&jg=on&lx=on&mj=on&xs=on&jz=on
INFO: [ app_init ] --START--
INFO: Run Behavior\BuildLiteBehavior [ RunTime:0.000000s ]
INFO: [ app_init ] --END-- [ RunTime:0.000000s ]
INFO: [ app_begin ] --START--
INFO: Run Behavior\ReadHtmlCacheBehavior [ RunTime:0.001000s ]
INFO: [ app_begin ] --END-- [ RunTime:0.001000s ]
SQL: SHOW COLUMNS FROM `region` [ RunTime:0.0050s ]
SQL: SELECT `region_id`,`region_name` FROM `region` WHERE ( level=1 )  [ RunTime:0.0060s ]
NOTIC: [8] Undefined index: guanjianzi E:\phpStudy\WWW\99xinfang\Application\Home\Controller\SearchController.class.php 第 10 行.
NOTIC: [8] Undefined index: id E:\phpStudy\WWW\99xinfang\Application\Home\Controller\SearchController.class.php 第 18 行.
INFO: [ view_parse ] --START--
INFO: [ template_filter ] --START--
INFO: Run Behavior\ContentReplaceBehavior [ RunTime:0.000000s ]
INFO: [ template_filter ] --END-- [ RunTime:0.001000s ]
INFO: Run Behavior\ParseTemplateBehavior [ RunTime:0.015000s ]
INFO: [ view_parse ] --END-- [ RunTime:0.015000s ]
INFO: [ view_filter ] --START--
INFO: Run Behavior\WriteHtmlCacheBehavior [ RunTime:0.000000s ]
INFO: [ view_filter ] --END-- [ RunTime:0.000000s ]
INFO: [ app_end ] --START--
INFO: Run Behavior\ShowPageTraceBehavior [ RunTime:0.000000s ]
INFO: [ app_end ] --END-- [ RunTime:0.000000s ]

[ 2017-09-26T15:02:39+08:00 ] 127.0.0.1 /index.php
INFO: [ app_init ] --START--
INFO: Run Behavior\BuildLiteBehavior [ RunTime:0.000000s ]
INFO: [ app_init ] --END-- [ RunTime:0.000000s ]
INFO: [ app_begin ] --START--
INFO: Run Behavior\ReadHtmlCacheBehavior [ RunTime:0.001000s ]
INFO: [ app_begin ] --END-- [ RunTime:0.001000s ]
SQL: SHOW COLUMNS FROM `region` [ RunTime:0.0060s ]
SQL: SELECT `region_id`,`region_name` FROM `region` WHERE ( level=1 )  [ RunTime:0.0060s ]
SQL: SHOW COLUMNS FROM `house_image` [ RunTime:0.0060s ]
SQL: SELECT a.image,b.house_name,b.build_type,b.dili,b.mix_mianji,b.max_mianji,b.last_time,b.decorate FROM house_image a left join house_info b ON a.house_id = b.house_id  WHERE ( a.img_class='face' )  [ RunTime:0.0070s ]
INFO: [ view_parse ] --START--
INFO: [ template_filter ] --START--
INFO: Run Behavior\ContentReplaceBehavior [ RunTime:0.000000s ]
INFO: [ template_filter ] --END-- [ RunTime:0.001000s ]
INFO: Run Behavior\ParseTemplateBehavior [ RunTime:0.012000s ]
INFO: [ view_parse ] --END-- [ RunTime:0.012000s ]
INFO: [ view_filter ] --START--
INFO: Run Behavior\WriteHtmlCacheBehavior [ RunTime:0.001000s ]
INFO: [ view_filter ] --END-- [ RunTime:0.001000s ]
INFO: [ app_end ] --START--
INFO: Run Behavior\ShowPageTraceBehavior [ RunTime:0.001000s ]
INFO: [ app_end ] --END-- [ RunTime:0.001000s ]

[ 2017-09-26T15:02:39+08:00 ] 127.0.0.1 /favicon.ico
INFO: [ app_init ] --START--
INFO: Run Behavior\BuildLiteBehavior [ RunTime:0.000000s ]
INFO: [ app_init ] --END-- [ RunTime:0.000000s ]

[ 2017-09-26T15:02:41+08:00 ] 127.0.0.1 /index.php/Search/search
INFO: [ app_init ] --START--
INFO: Run Behavior\BuildLiteBehavior [ RunTime:0.000000s ]
INFO: [ app_init ] --END-- [ RunTime:0.000000s ]
INFO: [ app_begin ] --START--
INFO: Run Behavior\ReadHtmlCacheBehavior [ RunTime:0.000000s ]
INFO: [ app_begin ] --END-- [ RunTime:0.000000s ]
SQL: SHOW COLUMNS FROM `region` [ RunTime:0.0060s ]
SQL: SELECT `region_id`,`region_name` FROM `region` WHERE ( level=1 )  [ RunTime:0.0070s ]
NOTIC: [8] Undefined index: guanjianzi E:\phpStudy\WWW\99xinfang\Application\Home\Controller\SearchController.class.php 第 10 行.
NOTIC: [8] Undefined index: id E:\phpStudy\WWW\99xinfang\Application\Home\Controller\SearchController.class.php 第 18 行.
INFO: [ view_parse ] --START--
INFO: [ template_filter ] --START--
INFO: Run Behavior\ContentReplaceBehavior [ RunTime:0.000000s ]
INFO: [ template_filter ] --END-- [ RunTime:0.001000s ]
INFO: Run Behavior\ParseTemplateBehavior [ RunTime:0.017000s ]
INFO: [ view_parse ] --END-- [ RunTime:0.017000s ]
INFO: [ view_filter ] --START--
INFO: Run Behavior\WriteHtmlCacheBehavior [ RunTime:0.001000s ]
INFO: [ view_filter ] --END-- [ RunTime:0.001000s ]
INFO: [ app_end ] --START--
INFO: Run Behavior\ShowPageTraceBehavior [ RunTime:0.001000s ]
INFO: [ app_end ] --END-- [ RunTime:0.001000s ]

[ 2017-09-26T15:03:01+08:00 ] 127.0.0.1 /index.php/Search/search
INFO: [ app_init ] --START--
INFO: Run Behavior\BuildLiteBehavior [ RunTime:0.000000s ]
INFO: [ app_init ] --END-- [ RunTime:0.001000s ]
INFO: [ app_begin ] --START--
INFO: Run Behavior\ReadHtmlCacheBehavior [ RunTime:0.001000s ]
INFO: [ app_begin ] --END-- [ RunTime:0.001000s ]
SQL: SHOW COLUMNS FROM `region` [ RunTime:0.0070s ]
SQL: SELECT `region_id`,`region_name` FROM `region` WHERE ( level=1 )  [ RunTime:0.0070s ]
NOTIC: [8] Undefined index: guanjianzi E:\phpStudy\WWW\99xinfang\Application\Home\Controller\SearchController.class.php 第 10 行.
NOTIC: [8] Undefined index: id E:\phpStudy\WWW\99xinfang\Application\Home\Controller\SearchController.class.php 第 18 行.
INFO: [ view_parse ] --START--
INFO: [ template_filter ] --START--
INFO: Run Behavior\ContentReplaceBehavior [ RunTime:0.000000s ]
INFO: [ template_filter ] --END-- [ RunTime:0.000000s ]
INFO: Run Behavior\ParseTemplateBehavior [ RunTime:0.021000s ]
INFO: [ view_parse ] --END-- [ RunTime:0.022000s ]
INFO: [ view_filter ] --START--
INFO: Run Behavior\WriteHtmlCacheBehavior [ RunTime:0.001000s ]
INFO: [ view_filter ] --END-- [ RunTime:0.001000s ]
INFO: [ app_end ] --START--
INFO: Run Behavior\ShowPageTraceBehavior [ RunTime:0.001000s ]
INFO: [ app_end ] --END-- [ RunTime:0.001000s ]

[ 2017-09-26T15:12:47+08:00 ] 127.0.0.1 /index.php/Search/search
INFO: [ app_init ] --START--
INFO: Run Behavior\BuildLiteBehavior [ RunTime:0.000000s ]
INFO: [ app_init ] --END-- [ RunTime:0.001000s ]
INFO: [ app_begin ] --START--
INFO: Run Behavior\ReadHtmlCacheBehavior [ RunTime:0.001000s ]
INFO: [ app_begin ] --END-- [ RunTime:0.001000s ]
SQL: SHOW COLUMNS FROM `region` [ RunTime:0.0060s ]
SQL: SELECT `region_id`,`region_name` FROM `region` WHERE ( level=1 )  [ RunTime:0.0060s ]
NOTIC: [8] Undefined index: guanjianzi E:\phpStudy\WWW\99xinfang\Application\Home\Controller\SearchController.class.php 第 10 行.
NOTIC: [8] Undefined index: id E:\phpStudy\WWW\99xinfang\Application\Home\Controller\SearchController.class.php 第 18 行.
INFO: [ view_parse ] --START--
INFO: [ template_filter ] --START--
INFO: Run Behavior\ContentReplaceBehavior [ RunTime:0.001000s ]
INFO: [ template_filter ] --END-- [ RunTime:0.001000s ]
INFO: Run Behavior\ParseTemplateBehavior [ RunTime:0.026000s ]
INFO: [ view_parse ] --END-- [ RunTime:0.026000s ]
INFO: [ view_filter ] --START--
INFO: Run Behavior\WriteHtmlCacheBehavior [ RunTime:0.001000s ]
INFO: [ view_filter ] --END-- [ RunTime:0.001000s ]
INFO: [ app_end ] --START--
INFO: Run Behavior\ShowPageTraceBehavior [ RunTime:0.001000s ]
INFO: [ app_end ] --END-- [ RunTime:0.001000s ]

[ 2017-09-26T15:24:19+08:00 ] 127.0.0.1 /index.php/Search/search
INFO: [ app_init ] --START--
INFO: Run Behavior\BuildLiteBehavior [ RunTime:0.000000s ]
INFO: [ app_init ] --END-- [ RunTime:0.001000s ]
INFO: [ app_begin ] --START--
INFO: Run Behavior\ReadHtmlCacheBehavior [ RunTime:0.000000s ]
INFO: [ app_begin ] --END-- [ RunTime:0.000000s ]
SQL: SHOW COLUMNS FROM `region` [ RunTime:0.0080s ]
SQL: SELECT `region_id`,`region_name` FROM `region` WHERE ( level=1 )  [ RunTime:0.0070s ]
NOTIC: [8] Undefined index: guanjianzi E:\phpStudy\WWW\99xinfang\Application\Home\Controller\SearchController.class.php 第 11 行.
NOTIC: [8] Undefined index: id E:\phpStudy\WWW\99xinfang\Application\Home\Controller\SearchController.class.php 第 19 行.
SQL: SHOW COLUMNS FROM `house_info` [ RunTime:0.0080s ]
SQL: SELECT COUNT(*) AS tp_count FROM `house_info` LIMIT 1   [ RunTime:0.0070s ]
NOTIC: [8] Undefined variable: m_counselor E:\phpStudy\WWW\99xinfang\Application\Home\Controller\SearchController.class.php 第 35 行.

[ 2017-09-26T15:24:57+08:00 ] 127.0.0.1 /index.php/Search/search
INFO: [ app_init ] --START--
INFO: Run Behavior\BuildLiteBehavior [ RunTime:0.000000s ]
INFO: [ app_init ] --END-- [ RunTime:0.001000s ]
INFO: [ app_begin ] --START--
INFO: Run Behavior\ReadHtmlCacheBehavior [ RunTime:0.000000s ]
INFO: [ app_begin ] --END-- [ RunTime:0.000000s ]
SQL: SHOW COLUMNS FROM `region` [ RunTime:0.0070s ]
SQL: SELECT `region_id`,`region_name` FROM `region` WHERE ( level=1 )  [ RunTime:0.0060s ]
NOTIC: [8] Undefined index: guanjianzi E:\phpStudy\WWW\99xinfang\Application\Home\Controller\SearchController.class.php 第 11 行.
NOTIC: [8] Undefined index: id E:\phpStudy\WWW\99xinfang\Application\Home\Controller\SearchController.class.php 第 19 行.
SQL: SHOW COLUMNS FROM `house_info` [ RunTime:0.0070s ]
SQL: SELECT COUNT(*) AS tp_count FROM `house_info` LIMIT 1   [ RunTime:0.0050s ]
SQL: SELECT * FROM `house_info` LIMIT 0,8   [ RunTime:0.0080s ]

[ 2017-09-26T15:25:02+08:00 ] 127.0.0.1 /index.php/Search/search
INFO: [ app_init ] --START--
INFO: Run Behavior\BuildLiteBehavior [ RunTime:0.000000s ]
INFO: [ app_init ] --END-- [ RunTime:0.001000s ]
INFO: [ app_begin ] --START--
INFO: Run Behavior\ReadHtmlCacheBehavior [ RunTime:0.001000s ]
INFO: [ app_begin ] --END-- [ RunTime:0.001000s ]
SQL: SHOW COLUMNS FROM `region` [ RunTime:0.0060s ]
SQL: SELECT `region_id`,`region_name` FROM `region` WHERE ( level=1 )  [ RunTime:0.0050s ]
NOTIC: [8] Undefined index: guanjianzi E:\phpStudy\WWW\99xinfang\Application\Home\Controller\SearchController.class.php 第 11 行.
NOTIC: [8] Undefined index: id E:\phpStudy\WWW\99xinfang\Application\Home\Controller\SearchController.class.php 第 19 行.
SQL: SHOW COLUMNS FROM `house_info` [ RunTime:0.0060s ]
SQL: SELECT COUNT(*) AS tp_count FROM `house_info` LIMIT 1   [ RunTime:0.0050s ]
SQL: SELECT * FROM `house_info` LIMIT 0,8   [ RunTime:0.0060s ]

[ 2017-09-26T15:33:36+08:00 ] 127.0.0.1 /Public/houtaiimg/houtaiimg/left-li.jpg
INFO: [ app_init ] --START--
INFO: Run Behavior\BuildLiteBehavior [ RunTime:0.000000s ]
INFO: [ app_init ] --END-- [ RunTime:0.001000s ]

[ 2017-09-26T15:33:37+08:00 ] 127.0.0.1 /left-li.jpg
INFO: [ app_init ] --START--
INFO: Run Behavior\BuildLiteBehavior [ RunTime:0.000000s ]
INFO: [ app_init ] --END-- [ RunTime:0.000000s ]

[ 2017-09-26T15:33:38+08:00 ] 127.0.0.1 /Public/houtaiimg/houtaiimg/left-li.jpg
INFO: [ app_init ] --START--
INFO: Run Behavior\BuildLiteBehavior [ RunTime:0.000000s ]
INFO: [ app_init ] --END-- [ RunTime:0.000000s ]

[ 2017-09-26T15:41:50+08:00 ] 127.0.0.1 /index.php/Search/search
INFO: [ app_init ] --START--
INFO: Run Behavior\BuildLiteBehavior [ RunTime:0.000000s ]
INFO: [ app_init ] --END-- [ RunTime:0.000000s ]
INFO: [ app_begin ] --START--
INFO: Run Behavior\ReadHtmlCacheBehavior [ RunTime:0.001000s ]
INFO: [ app_begin ] --END-- [ RunTime:0.001000s ]
SQL: SHOW COLUMNS FROM `region` [ RunTime:0.0060s ]
SQL: SELECT `region_id`,`region_name` FROM `region` WHERE ( level=1 )  [ RunTime:0.0050s ]
NOTIC: [8] Undefined index: guanjianzi E:\phpStudy\WWW\99xinfang\Application\Home\Controller\SearchController.class.php 第 11 行.
NOTIC: [8] Undefined index: id E:\phpStudy\WWW\99xinfang\Application\Home\Controller\SearchController.class.php 第 19 行.
SQL: SHOW COLUMNS FROM `house_info` [ RunTime:0.0060s ]
SQL: SELECT COUNT(*) AS tp_count FROM `house_info` LIMIT 1   [ RunTime:0.0050s ]
SQL: SELECT `house_id`,`house_name`,`max_mianji`,`mix_mianji`,`dili`,`property_right`,`decorate`,`xiaoshou_zt` FROM `house_info` LIMIT 0,8   [ RunTime:0.0050s ]

[ 2017-09-26T15:41:55+08:00 ] 127.0.0.1 /index.php/Search/search
INFO: [ app_init ] --START--
INFO: Run Behavior\BuildLiteBehavior [ RunTime:0.000000s ]
INFO: [ app_init ] --END-- [ RunTime:0.001000s ]
INFO: [ app_begin ] --START--
INFO: Run Behavior\ReadHtmlCacheBehavior [ RunTime:0.000000s ]
INFO: [ app_begin ] --END-- [ RunTime:0.001000s ]
SQL: SHOW COLUMNS FROM `region` [ RunTime:0.0060s ]
SQL: SELECT `region_id`,`region_name` FROM `region` WHERE ( level=1 )  [ RunTime:0.0060s ]
NOTIC: [8] Undefined index: guanjianzi E:\phpStudy\WWW\99xinfang\Application\Home\Controller\SearchController.class.php 第 11 行.
NOTIC: [8] Undefined index: id E:\phpStudy\WWW\99xinfang\Application\Home\Controller\SearchController.class.php 第 19 行.
SQL: SHOW COLUMNS FROM `house_info` [ RunTime:0.0060s ]
SQL: SELECT COUNT(*) AS tp_count FROM `house_info` LIMIT 1   [ RunTime:0.0050s ]
SQL: SELECT `house_id`,`house_name`,`max_mianji`,`mix_mianji`,`dili`,`property_right`,`decorate`,`xiaoshou_zt` FROM `house_info` LIMIT 0,8   [ RunTime:0.0070s ]

[ 2017-09-26T15:45:16+08:00 ] 127.0.0.1 /index.php/Search/search
INFO: [ app_init ] --START--
INFO: Run Behavior\BuildLiteBehavior [ RunTime:0.000000s ]
INFO: [ app_init ] --END-- [ RunTime:0.000000s ]
INFO: [ app_begin ] --START--
INFO: Run Behavior\ReadHtmlCacheBehavior [ RunTime:0.001000s ]
INFO: [ app_begin ] --END-- [ RunTime:0.001000s ]
SQL: SHOW COLUMNS FROM `region` [ RunTime:0.0060s ]
SQL: SELECT `region_id`,`region_name` FROM `region` WHERE ( level=1 )  [ RunTime:0.0050s ]
NOTIC: [8] Undefined index: guanjianzi E:\phpStudy\WWW\99xinfang\Application\Home\Controller\SearchController.class.php 第 11 行.
NOTIC: [8] Undefined index: id E:\phpStudy\WWW\99xinfang\Application\Home\Controller\SearchController.class.php 第 19 行.
SQL: SHOW COLUMNS FROM `house_info` [ RunTime:0.0070s ]
SQL: SELECT COUNT(*) AS tp_count FROM `house_info` LIMIT 1   [ RunTime:0.0060s ]
SQL: SELECT `house_id`,`house_name`,`max_mianji`,`mix_mianji`,`dili`,`property_right`,`decorate`,`xiaoshou_zt`,`junjia` FROM `house_info` LIMIT 0,8   [ RunTime:0.0090s ]
INFO: [ view_parse ] --START--
INFO: [ template_filter ] --START--
INFO: Run Behavior\ContentReplaceBehavior [ RunTime:0.001000s ]
INFO: [ template_filter ] --END-- [ RunTime:0.001000s ]
NOTIC: [8] Undefined index: xjunjia E:\phpStudy\WWW\99xinfang\Application\Runtime\Cache\Home\dc21e6da2e1dbcec494898213c16ba46.php 第 383 行.
NOTIC: [8] Undefined index: xjunjia E:\phpStudy\WWW\99xinfang\Application\Runtime\Cache\Home\dc21e6da2e1dbcec494898213c16ba46.php 第 383 行.
NOTIC: [8] Undefined index: xjunjia E:\phpStudy\WWW\99xinfang\Application\Runtime\Cache\Home\dc21e6da2e1dbcec494898213c16ba46.php 第 383 行.
NOTIC: [8] Undefined index: xjunjia E:\phpStudy\WWW\99xinfang\Application\Runtime\Cache\Home\dc21e6da2e1dbcec494898213c16ba46.php 第 383 行.
NOTIC: [8] Undefined index: xjunjia E:\phpStudy\WWW\99xinfang\Application\Runtime\Cache\Home\dc21e6da2e1dbcec494898213c16ba46.php 第 383 行.
NOTIC: [8] Undefined index: xjunjia E:\phpStudy\WWW\99xinfang\Application\Runtime\Cache\Home\dc21e6da2e1dbcec494898213c16ba46.php 第 383 行.
NOTIC: [8] Undefined index: xjunjia E:\phpStudy\WWW\99xinfang\Application\Runtime\Cache\Home\dc21e6da2e1dbcec494898213c16ba46.php 第 383 行.
NOTIC: [8] Undefined index: xjunjia E:\phpStudy\WWW\99xinfang\Application\Runtime\Cache\Home\dc21e6da2e1dbcec494898213c16ba46.php 第 383 行.
INFO: Run Behavior\ParseTemplateBehavior [ RunTime:0.024000s ]
INFO: [ view_parse ] --END-- [ RunTime:0.024000s ]
INFO: [ view_filter ] --START--
INFO: Run Behavior\WriteHtmlCacheBehavior [ RunTime:0.001000s ]
INFO: [ view_filter ] --END-- [ RunTime:0.001000s ]
INFO: [ app_end ] --START--
INFO: Run Behavior\ShowPageTraceBehavior [ RunTime:0.001000s ]
INFO: [ app_end ] --END-- [ RunTime:0.001000s ]

[ 2017-09-26T15:45:39+08:00 ] 127.0.0.1 /index.php/Search/search/p/2.html
INFO: [ app_init ] --START--
INFO: Run Behavior\BuildLiteBehavior [ RunTime:0.000000s ]
INFO: [ app_init ] --END-- [ RunTime:0.000000s ]
INFO: [ app_begin ] --START--
INFO: Run Behavior\ReadHtmlCacheBehavior [ RunTime:0.001000s ]
INFO: [ app_begin ] --END-- [ RunTime:0.001000s ]
SQL: SHOW COLUMNS FROM `region` [ RunTime:0.0050s ]
SQL: SELECT `region_id`,`region_name` FROM `region` WHERE ( level=1 )  [ RunTime:0.0050s ]
NOTIC: [8] Undefined index: guanjianzi E:\phpStudy\WWW\99xinfang\Application\Home\Controller\SearchController.class.php 第 11 行.
NOTIC: [8] Undefined index: id E:\phpStudy\WWW\99xinfang\Application\Home\Controller\SearchController.class.php 第 19 行.
SQL: SHOW COLUMNS FROM `house_info` [ RunTime:0.0060s ]
SQL: SELECT COUNT(*) AS tp_count FROM `house_info` LIMIT 1   [ RunTime:0.0050s ]
SQL: SELECT `house_id`,`house_name`,`max_mianji`,`mix_mianji`,`dili`,`property_right`,`decorate`,`xiaoshou_zt`,`junjia` FROM `house_info` LIMIT 8,8   [ RunTime:0.0070s ]
INFO: [ view_parse ] --START--
INFO: [ template_filter ] --START--
INFO: Run Behavior\ContentReplaceBehavior [ RunTime:0.000000s ]
INFO: [ template_filter ] --END-- [ RunTime:0.001000s ]
NOTIC: [8] Undefined index: xjunjia E:\phpStudy\WWW\99xinfang\Application\Runtime\Cache\Home\dc21e6da2e1dbcec494898213c16ba46.php 第 383 行.
NOTIC: [8] Undefined index: xjunjia E:\phpStudy\WWW\99xinfang\Application\Runtime\Cache\Home\dc21e6da2e1dbcec494898213c16ba46.php 第 383 行.
NOTIC: [8] Undefined index: xjunjia E:\phpStudy\WWW\99xinfang\Application\Runtime\Cache\Home\dc21e6da2e1dbcec494898213c16ba46.php 第 383 行.
NOTIC: [8] Undefined index: xjunjia E:\phpStudy\WWW\99xinfang\Application\Runtime\Cache\Home\dc21e6da2e1dbcec494898213c16ba46.php 第 383 行.
NOTIC: [8] Undefined index: xjunjia E:\phpStudy\WWW\99xinfang\Application\Runtime\Cache\Home\dc21e6da2e1dbcec494898213c16ba46.php 第 383 行.
NOTIC: [8] Undefined index: xjunjia E:\phpStudy\WWW\99xinfang\Application\Runtime\Cache\Home\dc21e6da2e1dbcec494898213c16ba46.php 第 383 行.
NOTIC: [8] Undefined index: xjunjia E:\phpStudy\WWW\99xinfang\Application\Runtime\Cache\Home\dc21e6da2e1dbcec494898213c16ba46.php 第 383 行.
NOTIC: [8] Undefined index: xjunjia E:\phpStudy\WWW\99xinfang\Application\Runtime\Cache\Home\dc21e6da2e1dbcec494898213c16ba46.php 第 383 行.
INFO: Run Behavior\ParseTemplateBehavior [ RunTime:0.025000s ]
INFO: [ view_parse ] --END-- [ RunTime:0.025000s ]
INFO: [ view_filter ] --START--
INFO: Run Behavior\WriteHtmlCacheBehavior [ RunTime:0.001000s ]
INFO: [ view_filter ] --END-- [ RunTime:0.001000s ]
INFO: [ app_end ] --START--
INFO: Run Behavior\ShowPageTraceBehavior [ RunTime:0.001000s ]
INFO: [ app_end ] --END-- [ RunTime:0.001000s ]

[ 2017-09-26T15:45:44+08:00 ] 127.0.0.1 /index.php/Search/search/p/1.html
INFO: [ app_init ] --START--
INFO: Run Behavior\BuildLiteBehavior [ RunTime:0.000000s ]
INFO: [ app_init ] --END-- [ RunTime:0.001000s ]
INFO: [ app_begin ] --START--
INFO: Run Behavior\ReadHtmlCacheBehavior [ RunTime:0.000000s ]
INFO: [ app_begin ] --END-- [ RunTime:0.000000s ]
SQL: SHOW COLUMNS FROM `region` [ RunTime:0.0070s ]
SQL: SELECT `region_id`,`region_name` FROM `region` WHERE ( level=1 )  [ RunTime:0.0060s ]
NOTIC: [8] Undefined index: guanjianzi E:\phpStudy\WWW\99xinfang\Application\Home\Controller\SearchController.class.php 第 11 行.
NOTIC: [8] Undefined index: id E:\phpStudy\WWW\99xinfang\Application\Home\Controller\SearchController.class.php 第 19 行.
SQL: SHOW COLUMNS FROM `house_info` [ RunTime:0.0070s ]
SQL: SELECT COUNT(*) AS tp_count FROM `house_info` LIMIT 1   [ RunTime:0.0060s ]
SQL: SELECT `house_id`,`house_name`,`max_mianji`,`mix_mianji`,`dili`,`property_right`,`decorate`,`xiaoshou_zt`,`junjia` FROM `house_info` LIMIT 0,8   [ RunTime:0.0070s ]
INFO: [ view_parse ] --START--
INFO: [ template_filter ] --START--
INFO: Run Behavior\ContentReplaceBehavior [ RunTime:0.000000s ]
INFO: [ template_filter ] --END-- [ RunTime:0.000000s ]
NOTIC: [8] Undefined index: xjunjia E:\phpStudy\WWW\99xinfang\Application\Runtime\Cache\Home\dc21e6da2e1dbcec494898213c16ba46.php 第 383 行.
NOTIC: [8] Undefined index: xjunjia E:\phpStudy\WWW\99xinfang\Application\Runtime\Cache\Home\dc21e6da2e1dbcec494898213c16ba46.php 第 383 行.
NOTIC: [8] Undefined index: xjunjia E:\phpStudy\WWW\99xinfang\Application\Runtime\Cache\Home\dc21e6da2e1dbcec494898213c16ba46.php 第 383 行.
NOTIC: [8] Undefined index: xjunjia E:\phpStudy\WWW\99xinfang\Application\Runtime\Cache\Home\dc21e6da2e1dbcec494898213c16ba46.php 第 383 行.
NOTIC: [8] Undefined index: xjunjia E:\phpStudy\WWW\99xinfang\Application\Runtime\Cache\Home\dc21e6da2e1dbcec494898213c16ba46.php 第 383 行.
NOTIC: [8] Undefined index: xjunjia E:\phpStudy\WWW\99xinfang\Application\Runtime\Cache\Home\dc21e6da2e1dbcec494898213c16ba46.php 第 383 行.
NOTIC: [8] Undefined index: xjunjia E:\phpStudy\WWW\99xinfang\Application\Runtime\Cache\Home\dc21e6da2e1dbcec494898213c16ba46.php 第 383 行.
NOTIC: [8] Undefined index: xjunjia E:\phpStudy\WWW\99xinfang\Application\Runtime\Cache\Home\dc21e6da2e1dbcec494898213c16ba46.php 第 383 行.
INFO: Run Behavior\ParseTemplateBehavior [ RunTime:0.025000s ]
INFO: [ view_parse ] --END-- [ RunTime:0.025000s ]
INFO: [ view_filter ] --START--
INFO: Run Behavior\WriteHtmlCacheBehavior [ RunTime:0.001000s ]
INFO: [ view_filter ] --END-- [ RunTime:0.001000s ]
INFO: [ app_end ] --START--
INFO: Run Behavior\ShowPageTraceBehavior [ RunTime:0.001000s ]
INFO: [ app_end ] --END-- [ RunTime:0.001000s ]

[ 2017-09-26T15:49:45+08:00 ] 127.0.0.1 /left-li.jpg
INFO: [ app_init ] --START--
INFO: Run Behavior\BuildLiteBehavior [ RunTime:0.000000s ]
INFO: [ app_init ] --END-- [ RunTime:0.000000s ]

[ 2017-09-26T15:49:46+08:00 ] 127.0.0.1 /left-li.jpg
INFO: [ app_init ] --START--
INFO: Run Behavior\BuildLiteBehavior [ RunTime:0.000000s ]
INFO: [ app_init ] --END-- [ RunTime:0.001000s ]

[ 2017-09-26T15:49:47+08:00 ] 127.0.0.1 /Public/houtaiimg/houtaiimg/left-li.jpg
INFO: [ app_init ] --START--
INFO: Run Behavior\BuildLiteBehavior [ RunTime:0.000000s ]
INFO: [ app_init ] --END-- [ RunTime:0.001000s ]

[ 2017-09-26T15:51:39+08:00 ] 127.0.0.1 /index.php/Search/search/p/1.html
INFO: [ app_init ] --START--
INFO: Run Behavior\BuildLiteBehavior [ RunTime:0.000000s ]
INFO: [ app_init ] --END-- [ RunTime:0.001000s ]
INFO: [ app_begin ] --START--
INFO: Run Behavior\ReadHtmlCacheBehavior [ RunTime:0.001000s ]
INFO: [ app_begin ] --END-- [ RunTime:0.001000s ]
SQL: SHOW COLUMNS FROM `region` [ RunTime:0.0070s ]
SQL: SELECT `region_id`,`region_name` FROM `region` WHERE ( level=1 )  [ RunTime:0.0050s ]
NOTIC: [8] Undefined index: guanjianzi E:\phpStudy\WWW\99xinfang\Application\Home\Controller\SearchController.class.php 第 11 行.
NOTIC: [8] Undefined index: id E:\phpStudy\WWW\99xinfang\Application\Home\Controller\SearchController.class.php 第 29 行.
SQL: SHOW COLUMNS FROM `house_info` [ RunTime:0.0070s ]
SQL: SELECT COUNT(*) AS tp_count FROM `house_info` LIMIT 1   [ RunTime:0.0040s ]
SQL: SELECT `house_id`,`house_name`,`max_mianji`,`mix_mianji`,`dili`,`property_right`,`decorate`,`xiaoshou_zt`,`junjia` FROM `house_info` LIMIT 0,4   [ RunTime:0.0050s ]
INFO: [ view_parse ] --START--
INFO: [ template_filter ] --START--
INFO: Run Behavior\ContentReplaceBehavior [ RunTime:0.000000s ]
INFO: [ template_filter ] --END-- [ RunTime:0.000000s ]
NOTIC: [8] Undefined index: xjunjia E:\phpStudy\WWW\99xinfang\Application\Runtime\Cache\Home\dc21e6da2e1dbcec494898213c16ba46.php 第 384 行.
NOTIC: [8] Undefined index: xjunjia E:\phpStudy\WWW\99xinfang\Application\Runtime\Cache\Home\dc21e6da2e1dbcec494898213c16ba46.php 第 384 行.
NOTIC: [8] Undefined index: xjunjia E:\phpStudy\WWW\99xinfang\Application\Runtime\Cache\Home\dc21e6da2e1dbcec494898213c16ba46.php 第 384 行.
NOTIC: [8] Undefined index: xjunjia E:\phpStudy\WWW\99xinfang\Application\Runtime\Cache\Home\dc21e6da2e1dbcec494898213c16ba46.php 第 384 行.
INFO: Run Behavior\ParseTemplateBehavior [ RunTime:0.021000s ]
INFO: [ view_parse ] --END-- [ RunTime:0.022000s ]
INFO: [ view_filter ] --START--
INFO: Run Behavior\WriteHtmlCacheBehavior [ RunTime:0.000000s ]
INFO: [ view_filter ] --END-- [ RunTime:0.000000s ]
INFO: [ app_end ] --START--
INFO: Run Behavior\ShowPageTraceBehavior [ RunTime:0.000000s ]
INFO: [ app_end ] --END-- [ RunTime:0.000000s ]

[ 2017-09-26T15:51:43+08:00 ] 127.0.0.1 /index.php/Search/search/p/2.html
INFO: [ app_init ] --START--
INFO: Run Behavior\BuildLiteBehavior [ RunTime:0.000000s ]
INFO: [ app_init ] --END-- [ RunTime:0.001000s ]
INFO: [ app_begin ] --START--
INFO: Run Behavior\ReadHtmlCacheBehavior [ RunTime:0.001000s ]
INFO: [ app_begin ] --END-- [ RunTime:0.001000s ]
SQL: SHOW COLUMNS FROM `region` [ RunTime:0.0070s ]
SQL: SELECT `region_id`,`region_name` FROM `region` WHERE ( level=1 )  [ RunTime:0.0060s ]
NOTIC: [8] Undefined index: guanjianzi E:\phpStudy\WWW\99xinfang\Application\Home\Controller\SearchController.class.php 第 11 行.
NOTIC: [8] Undefined index: id E:\phpStudy\WWW\99xinfang\Application\Home\Controller\SearchController.class.php 第 29 行.
SQL: SHOW COLUMNS FROM `house_info` [ RunTime:0.0070s ]
SQL: SELECT COUNT(*) AS tp_count FROM `house_info` LIMIT 1   [ RunTime:0.0060s ]
SQL: SELECT `house_id`,`house_name`,`max_mianji`,`mix_mianji`,`dili`,`property_right`,`decorate`,`xiaoshou_zt`,`junjia` FROM `house_info` LIMIT 4,4   [ RunTime:0.0070s ]
INFO: [ view_parse ] --START--
INFO: [ template_filter ] --START--
INFO: Run Behavior\ContentReplaceBehavior [ RunTime:0.000000s ]
INFO: [ template_filter ] --END-- [ RunTime:0.001000s ]
NOTIC: [8] Undefined index: xjunjia E:\phpStudy\WWW\99xinfang\Application\Runtime\Cache\Home\dc21e6da2e1dbcec494898213c16ba46.php 第 384 行.
NOTIC: [8] Undefined index: xjunjia E:\phpStudy\WWW\99xinfang\Application\Runtime\Cache\Home\dc21e6da2e1dbcec494898213c16ba46.php 第 384 行.
NOTIC: [8] Undefined index: xjunjia E:\phpStudy\WWW\99xinfang\Application\Runtime\Cache\Home\dc21e6da2e1dbcec494898213c16ba46.php 第 384 行.
NOTIC: [8] Undefined index: xjunjia E:\phpStudy\WWW\99xinfang\Application\Runtime\Cache\Home\dc21e6da2e1dbcec494898213c16ba46.php 第 384 行.
INFO: Run Behavior\ParseTemplateBehavior [ RunTime:0.024000s ]
INFO: [ view_parse ] --END-- [ RunTime:0.024000s ]
INFO: [ view_filter ] --START--
INFO: Run Behavior\WriteHtmlCacheBehavior [ RunTime:0.001000s ]
INFO: [ view_filter ] --END-- [ RunTime:0.001000s ]
INFO: [ app_end ] --START--
INFO: Run Behavior\ShowPageTraceBehavior [ RunTime:0.001000s ]
INFO: [ app_end ] --END-- [ RunTime:0.001000s ]

[ 2017-09-26T15:55:03+08:00 ] 127.0.0.1 /index.php/Search/search/p/2.html
INFO: [ app_init ] --START--
INFO: Run Behavior\BuildLiteBehavior [ RunTime:0.000000s ]
INFO: [ app_init ] --END-- [ RunTime:0.001000s ]
INFO: [ app_begin ] --START--
INFO: Run Behavior\ReadHtmlCacheBehavior [ RunTime:0.000000s ]
INFO: [ app_begin ] --END-- [ RunTime:0.000000s ]
SQL: SHOW COLUMNS FROM `region` [ RunTime:0.0060s ]
SQL: SELECT `region_id`,`region_name` FROM `region` WHERE ( level=1 )  [ RunTime:0.0070s ]
NOTIC: [8] Undefined index: guanjianzi E:\phpStudy\WWW\99xinfang\Application\Home\Controller\SearchController.class.php 第 11 行.
NOTIC: [8] Undefined index: id E:\phpStudy\WWW\99xinfang\Application\Home\Controller\SearchController.class.php 第 29 行.
SQL: SHOW COLUMNS FROM `house_info` [ RunTime:0.0070s ]
SQL: SELECT COUNT(*) AS tp_count FROM `house_info` LIMIT 1   [ RunTime:0.0070s ]
SQL: SELECT `house_id`,`house_name`,`max_mianji`,`mix_mianji`,`dili`,`property_right`,`decorate`,`xiaoshou_zt`,`junjia` FROM `house_info` LIMIT 4,4   [ RunTime:0.0070s ]
INFO: [ view_parse ] --START--
INFO: [ template_filter ] --START--
INFO: Run Behavior\ContentReplaceBehavior [ RunTime:0.000000s ]
INFO: [ template_filter ] --END-- [ RunTime:0.000000s ]
NOTIC: [8] Undefined index: xjunjia E:\phpStudy\WWW\99xinfang\Application\Runtime\Cache\Home\dc21e6da2e1dbcec494898213c16ba46.php 第 385 行.
NOTIC: [8] Undefined index: xjunjia E:\phpStudy\WWW\99xinfang\Application\Runtime\Cache\Home\dc21e6da2e1dbcec494898213c16ba46.php 第 385 行.
NOTIC: [8] Undefined index: xjunjia E:\phpStudy\WWW\99xinfang\Application\Runtime\Cache\Home\dc21e6da2e1dbcec494898213c16ba46.php 第 385 行.
NOTIC: [8] Undefined index: xjunjia E:\phpStudy\WWW\99xinfang\Application\Runtime\Cache\Home\dc21e6da2e1dbcec494898213c16ba46.php 第 385 行.
INFO: Run Behavior\ParseTemplateBehavior [ RunTime:0.024000s ]
INFO: [ view_parse ] --END-- [ RunTime:0.024000s ]
INFO: [ view_filter ] --START--
INFO: Run Behavior\WriteHtmlCacheBehavior [ RunTime:0.001000s ]
INFO: [ view_filter ] --END-- [ RunTime:0.001000s ]
INFO: [ app_end ] --START--
INFO: Run Behavior\ShowPageTraceBehavior [ RunTime:0.001000s ]
INFO: [ app_end ] --END-- [ RunTime:0.001000s ]

[ 2017-09-26T15:55:39+08:00 ] 127.0.0.1 /index.php/Search/search/p/3.html
INFO: [ app_init ] --START--
INFO: Run Behavior\BuildLiteBehavior [ RunTime:0.000000s ]
INFO: [ app_init ] --END-- [ RunTime:0.001000s ]
INFO: [ app_begin ] --START--
INFO: Run Behavior\ReadHtmlCacheBehavior [ RunTime:0.000000s ]
INFO: [ app_begin ] --END-- [ RunTime:0.001000s ]
SQL: SHOW COLUMNS FROM `region` [ RunTime:0.0060s ]
SQL: SELECT `region_id`,`region_name` FROM `region` WHERE ( level=1 )  [ RunTime:0.0060s ]
NOTIC: [8] Undefined index: guanjianzi E:\phpStudy\WWW\99xinfang\Application\Home\Controller\SearchController.class.php 第 11 行.
NOTIC: [8] Undefined index: id E:\phpStudy\WWW\99xinfang\Application\Home\Controller\SearchController.class.php 第 29 行.
SQL: SHOW COLUMNS FROM `house_info` [ RunTime:0.0070s ]
SQL: SELECT COUNT(*) AS tp_count FROM `house_info` LIMIT 1   [ RunTime:0.0050s ]
SQL: SELECT `house_id`,`house_name`,`max_mianji`,`mix_mianji`,`dili`,`property_right`,`decorate`,`xiaoshou_zt`,`junjia` FROM `house_info` LIMIT 8,4   [ RunTime:0.0070s ]
INFO: [ view_parse ] --START--
INFO: [ template_filter ] --START--
INFO: Run Behavior\ContentReplaceBehavior [ RunTime:0.000000s ]
INFO: [ template_filter ] --END-- [ RunTime:0.000000s ]
NOTIC: [8] Undefined index: xjunjia E:\phpStudy\WWW\99xinfang\Application\Runtime\Cache\Home\dc21e6da2e1dbcec494898213c16ba46.php 第 385 行.
NOTIC: [8] Undefined index: xjunjia E:\phpStudy\WWW\99xinfang\Application\Runtime\Cache\Home\dc21e6da2e1dbcec494898213c16ba46.php 第 385 行.
NOTIC: [8] Undefined index: xjunjia E:\phpStudy\WWW\99xinfang\Application\Runtime\Cache\Home\dc21e6da2e1dbcec494898213c16ba46.php 第 385 行.
NOTIC: [8] Undefined index: xjunjia E:\phpStudy\WWW\99xinfang\Application\Runtime\Cache\Home\dc21e6da2e1dbcec494898213c16ba46.php 第 385 行.
INFO: Run Behavior\ParseTemplateBehavior [ RunTime:0.023000s ]
INFO: [ view_parse ] --END-- [ RunTime:0.023000s ]
INFO: [ view_filter ] --START--
INFO: Run Behavior\WriteHtmlCacheBehavior [ RunTime:0.001000s ]
INFO: [ view_filter ] --END-- [ RunTime:0.001000s ]
INFO: [ app_end ] --START--
INFO: Run Behavior\ShowPageTraceBehavior [ RunTime:0.001000s ]
INFO: [ app_end ] --END-- [ RunTime:0.001000s ]

[ 2017-09-26T16:00:31+08:00 ] 127.0.0.1 /index.php/Search/search/p/3.html
INFO: [ app_init ] --START--
INFO: Run Behavior\BuildLiteBehavior [ RunTime:0.000000s ]
INFO: [ app_init ] --END-- [ RunTime:0.000000s ]
INFO: [ app_begin ] --START--
INFO: Run Behavior\ReadHtmlCacheBehavior [ RunTime:0.001000s ]
INFO: [ app_begin ] --END-- [ RunTime:0.001000s ]
SQL: SHOW COLUMNS FROM `region` [ RunTime:0.0060s ]
SQL: SELECT `region_id`,`region_name` FROM `region` WHERE ( level=1 )  [ RunTime:0.0060s ]
NOTIC: [8] Undefined index: guanjianzi E:\phpStudy\WWW\99xinfang\Application\Home\Controller\SearchController.class.php 第 11 行.
NOTIC: [8] Undefined index: id E:\phpStudy\WWW\99xinfang\Application\Home\Controller\SearchController.class.php 第 29 行.
SQL: SHOW COLUMNS FROM `house_info` [ RunTime:0.0070s ]
SQL: SELECT COUNT(*) AS tp_count FROM `house_info` LIMIT 1   [ RunTime:0.0050s ]
SQL: SELECT `house_id`,`house_name`,`max_mianji`,`mix_mianji`,`dili`,`property_right`,`decorate`,`xiaoshou_zt`,`junjia` FROM `house_info` LIMIT 8,4   [ RunTime:0.0070s ]
INFO: [ view_parse ] --START--
INFO: [ template_filter ] --START--
INFO: Run Behavior\ContentReplaceBehavior [ RunTime:0.001000s ]
INFO: [ template_filter ] --END-- [ RunTime:0.001000s ]
NOTIC: [8] Undefined index: xjunjia E:\phpStudy\WWW\99xinfang\Application\Runtime\Cache\Home\dc21e6da2e1dbcec494898213c16ba46.php 第 385 行.
NOTIC: [8] Undefined index: xjunjia E:\phpStudy\WWW\99xinfang\Application\Runtime\Cache\Home\dc21e6da2e1dbcec494898213c16ba46.php 第 385 行.
NOTIC: [8] Undefined index: xjunjia E:\phpStudy\WWW\99xinfang\Application\Runtime\Cache\Home\dc21e6da2e1dbcec494898213c16ba46.php 第 385 行.
NOTIC: [8] Undefined index: xjunjia E:\phpStudy\WWW\99xinfang\Application\Runtime\Cache\Home\dc21e6da2e1dbcec494898213c16ba46.php 第 385 行.
INFO: Run Behavior\ParseTemplateBehavior [ RunTime:0.012000s ]
INFO: [ view_parse ] --END-- [ RunTime:0.012000s ]
INFO: [ view_filter ] --START--
INFO: Run Behavior\WriteHtmlCacheBehavior [ RunTime:0.001000s ]
INFO: [ view_filter ] --END-- [ RunTime:0.001000s ]
INFO: [ app_end ] --START--
INFO: Run Behavior\ShowPageTraceBehavior [ RunTime:0.001000s ]
INFO: [ app_end ] --END-- [ RunTime:0.001000s ]

[ 2017-09-26T16:00:38+08:00 ] 127.0.0.1 /index.php/Search/search/p/3.html
INFO: [ app_init ] --START--
INFO: Run Behavior\BuildLiteBehavior [ RunTime:0.000000s ]
INFO: [ app_init ] --END-- [ RunTime:0.001000s ]
INFO: [ app_begin ] --START--
INFO: Run Behavior\ReadHtmlCacheBehavior [ RunTime:0.001000s ]
INFO: [ app_begin ] --END-- [ RunTime:0.001000s ]
SQL: SHOW COLUMNS FROM `region` [ RunTime:0.0070s ]
SQL: SELECT `region_id`,`region_name` FROM `region` WHERE ( level=1 )  [ RunTime:0.0070s ]
NOTIC: [8] Undefined index: guanjianzi E:\phpStudy\WWW\99xinfang\Application\Home\Controller\SearchController.class.php 第 11 行.
NOTIC: [8] Undefined index: id E:\phpStudy\WWW\99xinfang\Application\Home\Controller\SearchController.class.php 第 29 行.
SQL: SHOW COLUMNS FROM `house_info` [ RunTime:0.0080s ]
SQL: SELECT COUNT(*) AS tp_count FROM `house_info` LIMIT 1   [ RunTime:0.0070s ]
SQL: SELECT `house_id`,`house_name`,`max_mianji`,`mix_mianji`,`dili`,`property_right`,`decorate`,`xiaoshou_zt`,`junjia` FROM `house_info` LIMIT 8,4   [ RunTime:0.0070s ]
INFO: [ view_parse ] --START--
INFO: [ template_filter ] --START--
INFO: Run Behavior\ContentReplaceBehavior [ RunTime:0.000000s ]
INFO: [ template_filter ] --END-- [ RunTime:0.000000s ]
NOTIC: [8] Undefined index: xjunjia E:\phpStudy\WWW\99xinfang\Application\Runtime\Cache\Home\dc21e6da2e1dbcec494898213c16ba46.php 第 385 行.
NOTIC: [8] Undefined index: xjunjia E:\phpStudy\WWW\99xinfang\Application\Runtime\Cache\Home\dc21e6da2e1dbcec494898213c16ba46.php 第 385 行.
NOTIC: [8] Undefined index: xjunjia E:\phpStudy\WWW\99xinfang\Application\Runtime\Cache\Home\dc21e6da2e1dbcec494898213c16ba46.php 第 385 行.
NOTIC: [8] Undefined index: xjunjia E:\phpStudy\WWW\99xinfang\Application\Runtime\Cache\Home\dc21e6da2e1dbcec494898213c16ba46.php 第 385 行.
INFO: Run Behavior\ParseTemplateBehavior [ RunTime:0.015000s ]
INFO: [ view_parse ] --END-- [ RunTime:0.015000s ]
INFO: [ view_filter ] --START--
INFO: Run Behavior\WriteHtmlCacheBehavior [ RunTime:0.000000s ]
INFO: [ view_filter ] --END-- [ RunTime:0.000000s ]
INFO: [ app_end ] --START--
INFO: Run Behavior\ShowPageTraceBehavior [ RunTime:0.000000s ]
INFO: [ app_end ] --END-- [ RunTime:0.000000s ]

[ 2017-09-26T16:00:42+08:00 ] 127.0.0.1 /index.php/Search/search/p/1.html
INFO: [ app_init ] --START--
INFO: Run Behavior\BuildLiteBehavior [ RunTime:0.000000s ]
INFO: [ app_init ] --END-- [ RunTime:0.000000s ]
INFO: [ app_begin ] --START--
INFO: Run Behavior\ReadHtmlCacheBehavior [ RunTime:0.000000s ]
INFO: [ app_begin ] --END-- [ RunTime:0.000000s ]
SQL: SHOW COLUMNS FROM `region` [ RunTime:0.0060s ]
SQL: SELECT `region_id`,`region_name` FROM `region` WHERE ( level=1 )  [ RunTime:0.0060s ]
NOTIC: [8] Undefined index: guanjianzi E:\phpStudy\WWW\99xinfang\Application\Home\Controller\SearchController.class.php 第 11 行.
NOTIC: [8] Undefined index: id E:\phpStudy\WWW\99xinfang\Application\Home\Controller\SearchController.class.php 第 29 行.
SQL: SHOW COLUMNS FROM `house_info` [ RunTime:0.0070s ]
SQL: SELECT COUNT(*) AS tp_count FROM `house_info` LIMIT 1   [ RunTime:0.0060s ]
SQL: SELECT `house_id`,`house_name`,`max_mianji`,`mix_mianji`,`dili`,`property_right`,`decorate`,`xiaoshou_zt`,`junjia` FROM `house_info` LIMIT 0,4   [ RunTime:0.0060s ]
INFO: [ view_parse ] --START--
INFO: [ template_filter ] --START--
INFO: Run Behavior\ContentReplaceBehavior [ RunTime:0.000000s ]
INFO: [ template_filter ] --END-- [ RunTime:0.000000s ]
NOTIC: [8] Undefined index: xjunjia E:\phpStudy\WWW\99xinfang\Application\Runtime\Cache\Home\dc21e6da2e1dbcec494898213c16ba46.php 第 385 行.
NOTIC: [8] Undefined index: xjunjia E:\phpStudy\WWW\99xinfang\Application\Runtime\Cache\Home\dc21e6da2e1dbcec494898213c16ba46.php 第 385 行.
NOTIC: [8] Undefined index: xjunjia E:\phpStudy\WWW\99xinfang\Application\Runtime\Cache\Home\dc21e6da2e1dbcec494898213c16ba46.php 第 385 行.
NOTIC: [8] Undefined index: xjunjia E:\phpStudy\WWW\99xinfang\Application\Runtime\Cache\Home\dc21e6da2e1dbcec494898213c16ba46.php 第 385 行.
INFO: Run Behavior\ParseTemplateBehavior [ RunTime:0.013000s ]
INFO: [ view_parse ] --END-- [ RunTime:0.013000s ]
INFO: [ view_filter ] --START--
INFO: Run Behavior\WriteHtmlCacheBehavior [ RunTime:0.000000s ]
INFO: [ view_filter ] --END-- [ RunTime:0.000000s ]
INFO: [ app_end ] --START--
INFO: Run Behavior\ShowPageTraceBehavior [ RunTime:0.001000s ]
INFO: [ app_end ] --END-- [ RunTime:0.001000s ]

[ 2017-09-26T16:02:17+08:00 ] 127.0.0.1 /
INFO: [ app_init ] --START--
INFO: Run Behavior\BuildLiteBehavior [ RunTime:0.000000s ]
INFO: [ app_init ] --END-- [ RunTime:0.001000s ]
INFO: [ app_begin ] --START--
INFO: Run Behavior\ReadHtmlCacheBehavior [ RunTime:0.001000s ]
INFO: [ app_begin ] --END-- [ RunTime:0.001000s ]
SQL: SHOW COLUMNS FROM `region` [ RunTime:0.0060s ]
SQL: SELECT `region_id`,`region_name` FROM `region` WHERE ( level=1 )  [ RunTime:0.0050s ]
SQL: SHOW COLUMNS FROM `house_image` [ RunTime:0.0050s ]
SQL: SELECT a.image,b.house_name,b.build_type,b.dili,b.mix_mianji,b.max_mianji,b.last_time,b.decorate FROM house_image a left join house_info b ON a.house_id = b.house_id  WHERE ( a.img_class='face' )  [ RunTime:0.0060s ]
INFO: [ view_parse ] --START--
INFO: [ template_filter ] --START--
INFO: Run Behavior\ContentReplaceBehavior [ RunTime:0.000000s ]
INFO: [ template_filter ] --END-- [ RunTime:0.000000s ]
INFO: Run Behavior\ParseTemplateBehavior [ RunTime:0.022000s ]
INFO: [ view_parse ] --END-- [ RunTime:0.022000s ]
INFO: [ view_filter ] --START--
INFO: Run Behavior\WriteHtmlCacheBehavior [ RunTime:0.001000s ]
INFO: [ view_filter ] --END-- [ RunTime:0.001000s ]
INFO: [ app_end ] --START--
INFO: Run Behavior\ShowPageTraceBehavior [ RunTime:0.001000s ]
INFO: [ app_end ] --END-- [ RunTime:0.001000s ]

[ 2017-09-26T16:02:17+08:00 ] 127.0.0.1 /favicon.ico
INFO: [ app_init ] --START--
INFO: Run Behavior\BuildLiteBehavior [ RunTime:0.000000s ]
INFO: [ app_init ] --END-- [ RunTime:0.000000s ]

[ 2017-09-26T16:02:25+08:00 ] 127.0.0.1 /index.php/Search/search
INFO: [ app_init ] --START--
INFO: Run Behavior\BuildLiteBehavior [ RunTime:0.000000s ]
INFO: [ app_init ] --END-- [ RunTime:0.001000s ]
INFO: [ app_begin ] --START--
INFO: Run Behavior\ReadHtmlCacheBehavior [ RunTime:0.001000s ]
INFO: [ app_begin ] --END-- [ RunTime:0.001000s ]
SQL: SHOW COLUMNS FROM `region` [ RunTime:0.0050s ]
SQL: SELECT `region_id`,`region_name` FROM `region` WHERE ( level=1 )  [ RunTime:0.0040s ]
NOTIC: [8] Undefined index: guanjianzi E:\phpStudy\WWW\99xinfang\Application\Home\Controller\SearchController.class.php 第 11 行.
NOTIC: [8] Undefined index: id E:\phpStudy\WWW\99xinfang\Application\Home\Controller\SearchController.class.php 第 29 行.
SQL: SHOW COLUMNS FROM `house_info` [ RunTime:0.0060s ]
SQL: SELECT COUNT(*) AS tp_count FROM `house_info` LIMIT 1   [ RunTime:0.0040s ]
SQL: SELECT `house_id`,`house_name`,`max_mianji`,`mix_mianji`,`dili`,`property_right`,`decorate`,`xiaoshou_zt`,`junjia` FROM `house_info` LIMIT 0,4   [ RunTime:0.0050s ]
INFO: [ view_parse ] --START--
INFO: [ template_filter ] --START--
INFO: Run Behavior\ContentReplaceBehavior [ RunTime:0.000000s ]
INFO: [ template_filter ] --END-- [ RunTime:0.000000s ]
NOTIC: [8] Undefined index: xjunjia E:\phpStudy\WWW\99xinfang\Application\Runtime\Cache\Home\dc21e6da2e1dbcec494898213c16ba46.php 第 385 行.
NOTIC: [8] Undefined index: xjunjia E:\phpStudy\WWW\99xinfang\Application\Runtime\Cache\Home\dc21e6da2e1dbcec494898213c16ba46.php 第 385 行.
NOTIC: [8] Undefined index: xjunjia E:\phpStudy\WWW\99xinfang\Application\Runtime\Cache\Home\dc21e6da2e1dbcec494898213c16ba46.php 第 385 行.
NOTIC: [8] Undefined index: xjunjia E:\phpStudy\WWW\99xinfang\Application\Runtime\Cache\Home\dc21e6da2e1dbcec494898213c16ba46.php 第 385 行.
INFO: Run Behavior\ParseTemplateBehavior [ RunTime:0.025000s ]
INFO: [ view_parse ] --END-- [ RunTime:0.025000s ]
INFO: [ view_filter ] --START--
INFO: Run Behavior\WriteHtmlCacheBehavior [ RunTime:0.001000s ]
INFO: [ view_filter ] --END-- [ RunTime:0.001000s ]
INFO: [ app_end ] --START--
INFO: Run Behavior\ShowPageTraceBehavior [ RunTime:0.001000s ]
INFO: [ app_end ] --END-- [ RunTime:0.001000s ]

[ 2017-09-26T16:03:08+08:00 ] 127.0.0.1 /index.php/Search/search
INFO: [ app_init ] --START--
INFO: Run Behavior\BuildLiteBehavior [ RunTime:0.000000s ]
INFO: [ app_init ] --END-- [ RunTime:0.000000s ]
INFO: [ app_begin ] --START--
INFO: Run Behavior\ReadHtmlCacheBehavior [ RunTime:0.001000s ]
INFO: [ app_begin ] --END-- [ RunTime:0.001000s ]
SQL: SHOW COLUMNS FROM `region` [ RunTime:0.0060s ]
SQL: SELECT `region_id`,`region_name` FROM `region` WHERE ( level=1 )  [ RunTime:0.0050s ]
NOTIC: [8] Undefined index: guanjianzi E:\phpStudy\WWW\99xinfang\Application\Home\Controller\SearchController.class.php 第 11 行.
NOTIC: [8] Undefined index: id E:\phpStudy\WWW\99xinfang\Application\Home\Controller\SearchController.class.php 第 29 行.
SQL: SHOW COLUMNS FROM `house_info` [ RunTime:0.0070s ]
SQL: SELECT COUNT(*) AS tp_count FROM `house_info` LIMIT 1   [ RunTime:0.0050s ]
SQL: SELECT `house_id`,`house_name`,`max_mianji`,`mix_mianji`,`dili`,`property_right`,`decorate`,`xiaoshou_zt`,`junjia` FROM `house_info` LIMIT 0,4   [ RunTime:0.0060s ]
INFO: [ view_parse ] --START--
INFO: [ template_filter ] --START--
INFO: Run Behavior\ContentReplaceBehavior [ RunTime:0.000000s ]
INFO: [ template_filter ] --END-- [ RunTime:0.000000s ]
INFO: Run Behavior\ParseTemplateBehavior [ RunTime:0.022000s ]
INFO: [ view_parse ] --END-- [ RunTime:0.022000s ]
INFO: [ view_filter ] --START--
INFO: Run Behavior\WriteHtmlCacheBehavior [ RunTime:0.001000s ]
INFO: [ view_filter ] --END-- [ RunTime:0.001000s ]
INFO: [ app_end ] --START--
INFO: Run Behavior\ShowPageTraceBehavior [ RunTime:0.001000s ]
INFO: [ app_end ] --END-- [ RunTime:0.001000s ]

[ 2017-09-26T16:03:34+08:00 ] 127.0.0.1 /index.php/Index/index
INFO: [ app_init ] --START--
INFO: Run Behavior\BuildLiteBehavior [ RunTime:0.000000s ]
INFO: [ app_init ] --END-- [ RunTime:0.001000s ]
INFO: [ app_begin ] --START--
INFO: Run Behavior\ReadHtmlCacheBehavior [ RunTime:0.001000s ]
INFO: [ app_begin ] --END-- [ RunTime:0.001000s ]
SQL: SHOW COLUMNS FROM `region` [ RunTime:0.0060s ]
SQL: SELECT `region_id`,`region_name` FROM `region` WHERE ( level=1 )  [ RunTime:0.0060s ]
SQL: SHOW COLUMNS FROM `house_image` [ RunTime:0.0060s ]
SQL: SELECT a.image,b.house_name,b.build_type,b.dili,b.mix_mianji,b.max_mianji,b.last_time,b.decorate FROM house_image a left join house_info b ON a.house_id = b.house_id  WHERE ( a.img_class='face' )  [ RunTime:0.0060s ]
INFO: [ view_parse ] --START--
INFO: [ template_filter ] --START--
INFO: Run Behavior\ContentReplaceBehavior [ RunTime:0.001000s ]
INFO: [ template_filter ] --END-- [ RunTime:0.001000s ]
INFO: Run Behavior\ParseTemplateBehavior [ RunTime:0.023000s ]
INFO: [ view_parse ] --END-- [ RunTime:0.023000s ]
INFO: [ view_filter ] --START--
INFO: Run Behavior\WriteHtmlCacheBehavior [ RunTime:0.001000s ]
INFO: [ view_filter ] --END-- [ RunTime:0.001000s ]
INFO: [ app_end ] --START--
INFO: Run Behavior\ShowPageTraceBehavior [ RunTime:0.000000s ]
INFO: [ app_end ] --END-- [ RunTime:0.000000s ]

[ 2017-09-26T16:09:21+08:00 ] 127.0.0.1 /index.php/Search/search
INFO: [ app_init ] --START--
INFO: Run Behavior\BuildLiteBehavior [ RunTime:0.000000s ]
INFO: [ app_init ] --END-- [ RunTime:0.000000s ]
INFO: [ app_begin ] --START--
INFO: Run Behavior\ReadHtmlCacheBehavior [ RunTime:0.001000s ]
INFO: [ app_begin ] --END-- [ RunTime:0.001000s ]
SQL: SHOW COLUMNS FROM `region` [ RunTime:0.0060s ]
SQL: SELECT `region_id`,`region_name` FROM `region` WHERE ( level=1 )  [ RunTime:0.0050s ]
NOTIC: [8] Undefined index: guanjianzi E:\phpStudy\WWW\99xinfang\Application\Home\Controller\SearchController.class.php 第 11 行.
NOTIC: [8] Undefined index: id E:\phpStudy\WWW\99xinfang\Application\Home\Controller\SearchController.class.php 第 29 行.
SQL: SHOW COLUMNS FROM `house_info` [ RunTime:0.0060s ]
SQL: SELECT COUNT(*) AS tp_count FROM `house_info` LIMIT 1   [ RunTime:0.0050s ]
SQL: SHOW COLUMNS FROM `house_image` [ RunTime:0.0060s ]
SQL: SELECT a.image,b.house_id,b.house_name,b.property_right,b.dili,b.mix_mianji,b.max_mianji,b.xiaoshou_zt,b.decorate,b.junjia FROM house_image a left join house_info b ON a.house_id = b.house_id  WHERE ( a.img_class='face' ) LIMIT 0,4   [ RunTime:0.0060s ]

[ 2017-09-26T16:09:25+08:00 ] 127.0.0.1 /index.php/Search/search
INFO: [ app_init ] --START--
INFO: Run Behavior\BuildLiteBehavior [ RunTime:0.000000s ]
INFO: [ app_init ] --END-- [ RunTime:0.001000s ]
INFO: [ app_begin ] --START--
INFO: Run Behavior\ReadHtmlCacheBehavior [ RunTime:0.001000s ]
INFO: [ app_begin ] --END-- [ RunTime:0.001000s ]
SQL: SHOW COLUMNS FROM `region` [ RunTime:0.0060s ]
SQL: SELECT `region_id`,`region_name` FROM `region` WHERE ( level=1 )  [ RunTime:0.0060s ]
NOTIC: [8] Undefined index: guanjianzi E:\phpStudy\WWW\99xinfang\Application\Home\Controller\SearchController.class.php 第 11 行.
NOTIC: [8] Undefined index: id E:\phpStudy\WWW\99xinfang\Application\Home\Controller\SearchController.class.php 第 29 行.
SQL: SHOW COLUMNS FROM `house_info` [ RunTime:0.0080s ]
SQL: SELECT COUNT(*) AS tp_count FROM `house_info` LIMIT 1   [ RunTime:0.0060s ]
SQL: SHOW COLUMNS FROM `house_image` [ RunTime:0.0070s ]
SQL: SELECT a.image,b.house_id,b.house_name,b.property_right,b.dili,b.mix_mianji,b.max_mianji,b.xiaoshou_zt,b.decorate,b.junjia FROM house_image a left join house_info b ON a.house_id = b.house_id  WHERE ( a.img_class='face' ) LIMIT 0,4   [ RunTime:0.0070s ]

[ 2017-09-26T16:10:25+08:00 ] 127.0.0.1 /index.php/Search/search
INFO: [ app_init ] --START--
INFO: Run Behavior\BuildLiteBehavior [ RunTime:0.000000s ]
INFO: [ app_init ] --END-- [ RunTime:0.001000s ]
INFO: [ app_begin ] --START--
INFO: Run Behavior\ReadHtmlCacheBehavior [ RunTime:0.001000s ]
INFO: [ app_begin ] --END-- [ RunTime:0.001000s ]
SQL: SHOW COLUMNS FROM `region` [ RunTime:0.0060s ]
SQL: SELECT `region_id`,`region_name` FROM `region` WHERE ( level=1 )  [ RunTime:0.0050s ]
NOTIC: [8] Undefined index: guanjianzi E:\phpStudy\WWW\99xinfang\Application\Home\Controller\SearchController.class.php 第 11 行.
NOTIC: [8] Undefined index: id E:\phpStudy\WWW\99xinfang\Application\Home\Controller\SearchController.class.php 第 29 行.
SQL: SHOW COLUMNS FROM `house_info` [ RunTime:0.0060s ]
SQL: SELECT COUNT(*) AS tp_count FROM `house_info` LIMIT 1   [ RunTime:0.0050s ]
SQL: SHOW COLUMNS FROM `house_image` [ RunTime:0.0050s ]
SQL: SELECT a.image,b.house_id,b.house_name,b.property_right,b.dili,b.mix_mianji,b.max_mianji,b.xiaoshou_zt,b.decorate,b.junjia FROM house_image a left join house_info b ON a.house_id = b.house_id  WHERE ( a.img_class='face' ) LIMIT 0,4   [ RunTime:0.0060s ]
INFO: [ view_parse ] --START--
INFO: [ template_filter ] --START--
INFO: Run Behavior\ContentReplaceBehavior [ RunTime:0.001000s ]
INFO: [ template_filter ] --END-- [ RunTime:0.001000s ]
INFO: Run Behavior\ParseTemplateBehavior [ RunTime:0.023000s ]
INFO: [ view_parse ] --END-- [ RunTime:0.023000s ]
INFO: [ view_filter ] --START--
INFO: Run Behavior\WriteHtmlCacheBehavior [ RunTime:0.001000s ]
INFO: [ view_filter ] --END-- [ RunTime:0.001000s ]
INFO: [ app_end ] --START--
INFO: Run Behavior\ShowPageTraceBehavior [ RunTime:0.001000s ]
INFO: [ app_end ] --END-- [ RunTime:0.001000s ]

[ 2017-09-26T16:10:31+08:00 ] 127.0.0.1 /index.php/Search/search/p/2.html
INFO: [ app_init ] --START--
INFO: Run Behavior\BuildLiteBehavior [ RunTime:0.000000s ]
INFO: [ app_init ] --END-- [ RunTime:0.001000s ]
INFO: [ app_begin ] --START--
INFO: Run Behavior\ReadHtmlCacheBehavior [ RunTime:0.001000s ]
INFO: [ app_begin ] --END-- [ RunTime:0.001000s ]
SQL: SHOW COLUMNS FROM `region` [ RunTime:0.0060s ]
SQL: SELECT `region_id`,`region_name` FROM `region` WHERE ( level=1 )  [ RunTime:0.0060s ]
NOTIC: [8] Undefined index: guanjianzi E:\phpStudy\WWW\99xinfang\Application\Home\Controller\SearchController.class.php 第 11 行.
NOTIC: [8] Undefined index: id E:\phpStudy\WWW\99xinfang\Application\Home\Controller\SearchController.class.php 第 29 行.
SQL: SHOW COLUMNS FROM `house_info` [ RunTime:0.0070s ]
SQL: SELECT COUNT(*) AS tp_count FROM `house_info` LIMIT 1   [ RunTime:0.0060s ]
SQL: SHOW COLUMNS FROM `house_image` [ RunTime:0.0060s ]
SQL: SELECT a.image,b.house_id,b.house_name,b.property_right,b.dili,b.mix_mianji,b.max_mianji,b.xiaoshou_zt,b.decorate,b.junjia FROM house_image a left join house_info b ON a.house_id = b.house_id  WHERE ( a.img_class='face' ) LIMIT 4,4   [ RunTime:0.0060s ]
INFO: [ view_parse ] --START--
INFO: [ template_filter ] --START--
INFO: Run Behavior\ContentReplaceBehavior [ RunTime:0.000000s ]
INFO: [ template_filter ] --END-- [ RunTime:0.000000s ]
INFO: Run Behavior\ParseTemplateBehavior [ RunTime:0.026000s ]
INFO: [ view_parse ] --END-- [ RunTime:0.026000s ]
INFO: [ view_filter ] --START--
INFO: Run Behavior\WriteHtmlCacheBehavior [ RunTime:0.001000s ]
INFO: [ view_filter ] --END-- [ RunTime:0.001000s ]
INFO: [ app_end ] --START--
INFO: Run Behavior\ShowPageTraceBehavior [ RunTime:0.001000s ]
INFO: [ app_end ] --END-- [ RunTime:0.001000s ]

[ 2017-09-26T16:10:35+08:00 ] 127.0.0.1 /index.php/Search/search/p/3.html
INFO: [ app_init ] --START--
INFO: Run Behavior\BuildLiteBehavior [ RunTime:0.000000s ]
INFO: [ app_init ] --END-- [ RunTime:0.001000s ]
INFO: [ app_begin ] --START--
INFO: Run Behavior\ReadHtmlCacheBehavior [ RunTime:0.001000s ]
INFO: [ app_begin ] --END-- [ RunTime:0.001000s ]
SQL: SHOW COLUMNS FROM `region` [ RunTime:0.0050s ]
SQL: SELECT `region_id`,`region_name` FROM `region` WHERE ( level=1 )  [ RunTime:0.0040s ]
NOTIC: [8] Undefined index: guanjianzi E:\phpStudy\WWW\99xinfang\Application\Home\Controller\SearchController.class.php 第 11 行.
NOTIC: [8] Undefined index: id E:\phpStudy\WWW\99xinfang\Application\Home\Controller\SearchController.class.php 第 29 行.
SQL: SHOW COLUMNS FROM `house_info` [ RunTime:0.0060s ]
SQL: SELECT COUNT(*) AS tp_count FROM `house_info` LIMIT 1   [ RunTime:0.0050s ]
SQL: SHOW COLUMNS FROM `house_image` [ RunTime:0.0050s ]
SQL: SELECT a.image,b.house_id,b.house_name,b.property_right,b.dili,b.mix_mianji,b.max_mianji,b.xiaoshou_zt,b.decorate,b.junjia FROM house_image a left join house_info b ON a.house_id = b.house_id  WHERE ( a.img_class='face' ) LIMIT 8,4   [ RunTime:0.0060s ]
INFO: [ view_parse ] --START--
INFO: [ template_filter ] --START--
INFO: Run Behavior\ContentReplaceBehavior [ RunTime:0.001000s ]
INFO: [ template_filter ] --END-- [ RunTime:0.001000s ]
INFO: Run Behavior\ParseTemplateBehavior [ RunTime:0.024000s ]
INFO: [ view_parse ] --END-- [ RunTime:0.024000s ]
INFO: [ view_filter ] --START--
INFO: Run Behavior\WriteHtmlCacheBehavior [ RunTime:0.001000s ]
INFO: [ view_filter ] --END-- [ RunTime:0.001000s ]
INFO: [ app_end ] --START--
INFO: Run Behavior\ShowPageTraceBehavior [ RunTime:0.001000s ]
INFO: [ app_end ] --END-- [ RunTime:0.001000s ]

[ 2017-09-26T16:10:39+08:00 ] 127.0.0.1 /index.php/Search/search/p/2.html
INFO: [ app_init ] --START--
INFO: Run Behavior\BuildLiteBehavior [ RunTime:0.000000s ]
INFO: [ app_init ] --END-- [ RunTime:0.001000s ]
INFO: [ app_begin ] --START--
INFO: Run Behavior\ReadHtmlCacheBehavior [ RunTime:0.001000s ]
INFO: [ app_begin ] --END-- [ RunTime:0.001000s ]
SQL: SHOW COLUMNS FROM `region` [ RunTime:0.0060s ]
SQL: SELECT `region_id`,`region_name` FROM `region` WHERE ( level=1 )  [ RunTime:0.0050s ]
NOTIC: [8] Undefined index: guanjianzi E:\phpStudy\WWW\99xinfang\Application\Home\Controller\SearchController.class.php 第 11 行.
NOTIC: [8] Undefined index: id E:\phpStudy\WWW\99xinfang\Application\Home\Controller\SearchController.class.php 第 29 行.
SQL: SHOW COLUMNS FROM `house_info` [ RunTime:0.0060s ]
SQL: SELECT COUNT(*) AS tp_count FROM `house_info` LIMIT 1   [ RunTime:0.0050s ]
SQL: SHOW COLUMNS FROM `house_image` [ RunTime:0.0060s ]
SQL: SELECT a.image,b.house_id,b.house_name,b.property_right,b.dili,b.mix_mianji,b.max_mianji,b.xiaoshou_zt,b.decorate,b.junjia FROM house_image a left join house_info b ON a.house_id = b.house_id  WHERE ( a.img_class='face' ) LIMIT 4,4   [ RunTime:0.0060s ]
INFO: [ view_parse ] --START--
INFO: [ template_filter ] --START--
INFO: Run Behavior\ContentReplaceBehavior [ RunTime:0.001000s ]
INFO: [ template_filter ] --END-- [ RunTime:0.001000s ]
INFO: Run Behavior\ParseTemplateBehavior [ RunTime:0.024000s ]
INFO: [ view_parse ] --END-- [ RunTime:0.024000s ]
INFO: [ view_filter ] --START--
INFO: Run Behavior\WriteHtmlCacheBehavior [ RunTime:0.001000s ]
INFO: [ view_filter ] --END-- [ RunTime:0.001000s ]
INFO: [ app_end ] --START--
INFO: Run Behavior\ShowPageTraceBehavior [ RunTime:0.001000s ]
INFO: [ app_end ] --END-- [ RunTime:0.001000s ]

[ 2017-09-26T16:18:46+08:00 ] 127.0.0.1 /index.php/Search/search/p/1.html
INFO: [ app_init ] --START--
INFO: Run Behavior\BuildLiteBehavior [ RunTime:0.000000s ]
INFO: [ app_init ] --END-- [ RunTime:0.001000s ]
INFO: [ app_begin ] --START--
INFO: Run Behavior\ReadHtmlCacheBehavior [ RunTime:0.001000s ]
INFO: [ app_begin ] --END-- [ RunTime:0.001000s ]
SQL: SHOW COLUMNS FROM `region` [ RunTime:0.0060s ]
SQL: SELECT `region_id`,`region_name` FROM `region` WHERE ( level=1 )  [ RunTime:0.0050s ]
NOTIC: [8] Undefined index: guanjianzi E:\phpStudy\WWW\99xinfang\Application\Home\Controller\SearchController.class.php 第 11 行.
NOTIC: [8] Undefined index: id E:\phpStudy\WWW\99xinfang\Application\Home\Controller\SearchController.class.php 第 29 行.
SQL: SHOW COLUMNS FROM `house_info` [ RunTime:0.0060s ]
SQL: SELECT COUNT(*) AS tp_count FROM `house_info` LIMIT 1   [ RunTime:0.0050s ]
SQL: SHOW COLUMNS FROM `house_image` [ RunTime:0.0050s ]
SQL: SELECT a.image,b.house_id,b.house_name,b.property_right,b.dili,b.mix_mianji,b.max_mianji,b.xiaoshou_zt,b.decorate,b.junjia FROM house_image a left join house_info b ON a.house_id = b.house_id  WHERE ( a.img_class='face' ) LIMIT 0,4   [ RunTime:0.0050s ]
INFO: [ view_parse ] --START--
INFO: [ template_filter ] --START--
INFO: Run Behavior\ContentReplaceBehavior [ RunTime:0.000000s ]
INFO: [ template_filter ] --END-- [ RunTime:0.000000s ]
INFO: Run Behavior\ParseTemplateBehavior [ RunTime:0.023000s ]
INFO: [ view_parse ] --END-- [ RunTime:0.023000s ]
INFO: [ view_filter ] --START--
INFO: Run Behavior\WriteHtmlCacheBehavior [ RunTime:0.000000s ]
INFO: [ view_filter ] --END-- [ RunTime:0.000000s ]
INFO: [ app_end ] --START--
INFO: Run Behavior\ShowPageTraceBehavior [ RunTime:0.001000s ]
INFO: [ app_end ] --END-- [ RunTime:0.001000s ]

[ 2017-09-26T16:25:40+08:00 ] 127.0.0.1 /index.php/Search/search/p/img/radio.png
INFO: [ app_init ] --START--
INFO: Run Behavior\BuildLiteBehavior [ RunTime:0.000000s ]
INFO: [ app_init ] --END-- [ RunTime:0.001000s ]

[ 2017-09-26T16:25:40+08:00 ] 127.0.0.1 /index.php/Search/search/p/img/radios.png
INFO: [ app_init ] --START--
INFO: Run Behavior\BuildLiteBehavior [ RunTime:0.000000s ]
INFO: [ app_init ] --END-- [ RunTime:0.001000s ]

[ 2017-09-26T16:25:41+08:00 ] 127.0.0.1 /index.php/Search/search/p/img/radios.png
INFO: [ app_init ] --START--
INFO: Run Behavior\BuildLiteBehavior [ RunTime:0.000000s ]
INFO: [ app_init ] --END-- [ RunTime:0.001000s ]

[ 2017-09-26T16:25:41+08:00 ] 127.0.0.1 /index.php/Search/search/p/img/radio.png
INFO: [ app_init ] --START--
INFO: Run Behavior\BuildLiteBehavior [ RunTime:0.000000s ]
INFO: [ app_init ] --END-- [ RunTime:0.001000s ]

[ 2017-09-26T16:25:53+08:00 ] 127.0.0.1 /index.php/Search/search
INFO: [ app_init ] --START--
INFO: Run Behavior\BuildLiteBehavior [ RunTime:0.000000s ]
INFO: [ app_init ] --END-- [ RunTime:0.000000s ]
INFO: [ app_begin ] --START--
INFO: Run Behavior\ReadHtmlCacheBehavior [ RunTime:0.001000s ]
INFO: [ app_begin ] --END-- [ RunTime:0.002000s ]
SQL: SHOW COLUMNS FROM `region` [ RunTime:0.0060s ]
SQL: SELECT `region_id`,`region_name` FROM `region` WHERE ( level=1 )  [ RunTime:0.0050s ]
NOTIC: [8] Undefined index: guanjianzi E:\phpStudy\WWW\99xinfang\Application\Home\Controller\SearchController.class.php 第 11 行.
NOTIC: [8] Undefined index: id E:\phpStudy\WWW\99xinfang\Application\Home\Controller\SearchController.class.php 第 29 行.
SQL: SHOW COLUMNS FROM `house_info` [ RunTime:0.0060s ]
SQL: SELECT COUNT(*) AS tp_count FROM `house_info` LIMIT 1   [ RunTime:0.0050s ]
SQL: SHOW COLUMNS FROM `house_image` [ RunTime:0.0050s ]
SQL: SELECT a.image,b.house_id,b.house_name,b.property_right,b.dili,b.mix_mianji,b.max_mianji,b.xiaoshou_zt,b.decorate,b.junjia FROM house_image a left join house_info b ON a.house_id = b.house_id  WHERE ( a.img_class='face' ) LIMIT 0,4   [ RunTime:0.0050s ]
INFO: [ view_parse ] --START--
INFO: [ template_filter ] --START--
INFO: Run Behavior\ContentReplaceBehavior [ RunTime:0.001000s ]
INFO: [ template_filter ] --END-- [ RunTime:0.001000s ]
INFO: Run Behavior\ParseTemplateBehavior [ RunTime:0.026000s ]
INFO: [ view_parse ] --END-- [ RunTime:0.026000s ]
INFO: [ view_filter ] --START--
INFO: Run Behavior\WriteHtmlCacheBehavior [ RunTime:0.001000s ]
INFO: [ view_filter ] --END-- [ RunTime:0.001000s ]
INFO: [ app_end ] --START--
INFO: Run Behavior\ShowPageTraceBehavior [ RunTime:0.001000s ]
INFO: [ app_end ] --END-- [ RunTime:0.002000s ]

[ 2017-09-26T16:25:56+08:00 ] 127.0.0.1 /index.php/Search/img/radio.png
INFO: [ app_init ] --START--
INFO: Run Behavior\BuildLiteBehavior [ RunTime:0.000000s ]
INFO: [ app_init ] --END-- [ RunTime:0.001000s ]

[ 2017-09-26T16:25:56+08:00 ] 127.0.0.1 /index.php/Search/img/radios.png
INFO: [ app_init ] --START--
INFO: Run Behavior\BuildLiteBehavior [ RunTime:0.000000s ]
INFO: [ app_init ] --END-- [ RunTime:0.000000s ]

[ 2017-09-26T16:25:57+08:00 ] 127.0.0.1 /index.php/Search/img/radio.png
INFO: [ app_init ] --START--
INFO: Run Behavior\BuildLiteBehavior [ RunTime:0.000000s ]
INFO: [ app_init ] --END-- [ RunTime:0.001000s ]

[ 2017-09-26T16:25:57+08:00 ] 127.0.0.1 /index.php/Search/img/radios.png
INFO: [ app_init ] --START--
INFO: Run Behavior\BuildLiteBehavior [ RunTime:0.000000s ]
INFO: [ app_init ] --END-- [ RunTime:0.000000s ]

[ 2017-09-26T16:26:06+08:00 ] 127.0.0.1 /index.php/Search/search
INFO: [ app_init ] --START--
INFO: Run Behavior\BuildLiteBehavior [ RunTime:0.000000s ]
INFO: [ app_init ] --END-- [ RunTime:0.001000s ]
INFO: [ app_begin ] --START--
INFO: Run Behavior\ReadHtmlCacheBehavior [ RunTime:0.001000s ]
INFO: [ app_begin ] --END-- [ RunTime:0.001000s ]
SQL: SHOW COLUMNS FROM `region` [ RunTime:0.0050s ]
SQL: SELECT `region_id`,`region_name` FROM `region` WHERE ( level=1 )  [ RunTime:0.0050s ]
NOTIC: [8] Undefined index: guanjianzi E:\phpStudy\WWW\99xinfang\Application\Home\Controller\SearchController.class.php 第 11 行.
NOTIC: [8] Undefined index: id E:\phpStudy\WWW\99xinfang\Application\Home\Controller\SearchController.class.php 第 29 行.
SQL: SHOW COLUMNS FROM `house_info` [ RunTime:0.0050s ]
SQL: SELECT COUNT(*) AS tp_count FROM `house_info` LIMIT 1   [ RunTime:0.0040s ]
SQL: SHOW COLUMNS FROM `house_image` [ RunTime:0.0050s ]
SQL: SELECT a.image,b.house_id,b.house_name,b.property_right,b.dili,b.mix_mianji,b.max_mianji,b.xiaoshou_zt,b.decorate,b.junjia FROM house_image a left join house_info b ON a.house_id = b.house_id  WHERE ( a.img_class='face' ) LIMIT 0,4   [ RunTime:0.0050s ]
INFO: [ view_parse ] --START--
INFO: [ template_filter ] --START--
INFO: Run Behavior\ContentReplaceBehavior [ RunTime:0.000000s ]
INFO: [ template_filter ] --END-- [ RunTime:0.000000s ]
INFO: Run Behavior\ParseTemplateBehavior [ RunTime:0.013000s ]
INFO: [ view_parse ] --END-- [ RunTime:0.014000s ]
INFO: [ view_filter ] --START--
INFO: Run Behavior\WriteHtmlCacheBehavior [ RunTime:0.000000s ]
INFO: [ view_filter ] --END-- [ RunTime:0.001000s ]
INFO: [ app_end ] --START--
INFO: Run Behavior\ShowPageTraceBehavior [ RunTime:0.001000s ]
INFO: [ app_end ] --END-- [ RunTime:0.001000s ]

[ 2017-09-26T16:26:09+08:00 ] 127.0.0.1 /index.php/Search/img/radio.png
INFO: [ app_init ] --START--
INFO: Run Behavior\BuildLiteBehavior [ RunTime:0.000000s ]
INFO: [ app_init ] --END-- [ RunTime:0.001000s ]

[ 2017-09-26T16:26:09+08:00 ] 127.0.0.1 /index.php/Search/img/radios.png
INFO: [ app_init ] --START--
INFO: Run Behavior\BuildLiteBehavior [ RunTime:0.000000s ]
INFO: [ app_init ] --END-- [ RunTime:0.000000s ]

[ 2017-09-26T16:27:18+08:00 ] 127.0.0.1 /index.php/Index/index
INFO: [ app_init ] --START--
INFO: Run Behavior\BuildLiteBehavior [ RunTime:0.000000s ]
INFO: [ app_init ] --END-- [ RunTime:0.001000s ]
INFO: [ app_begin ] --START--
INFO: Run Behavior\ReadHtmlCacheBehavior [ RunTime:0.001000s ]
INFO: [ app_begin ] --END-- [ RunTime:0.001000s ]
SQL: SHOW COLUMNS FROM `region` [ RunTime:0.0060s ]
SQL: SELECT `region_id`,`region_name` FROM `region` WHERE ( level=1 )  [ RunTime:0.0050s ]
SQL: SHOW COLUMNS FROM `house_image` [ RunTime:0.0060s ]
SQL: SELECT a.image,b.house_name,b.build_type,b.dili,b.mix_mianji,b.max_mianji,b.last_time,b.decorate FROM house_image a left join house_info b ON a.house_id = b.house_id  WHERE ( a.img_class='face' )  [ RunTime:0.0060s ]
INFO: [ view_parse ] --START--
INFO: [ template_filter ] --START--
INFO: Run Behavior\ContentReplaceBehavior [ RunTime:0.000000s ]
INFO: [ template_filter ] --END-- [ RunTime:0.000000s ]
INFO: Run Behavior\ParseTemplateBehavior [ RunTime:0.024000s ]
INFO: [ view_parse ] --END-- [ RunTime:0.024000s ]
INFO: [ view_filter ] --START--
INFO: Run Behavior\WriteHtmlCacheBehavior [ RunTime:0.001000s ]
INFO: [ view_filter ] --END-- [ RunTime:0.001000s ]
INFO: [ app_end ] --START--
INFO: Run Behavior\ShowPageTraceBehavior [ RunTime:0.001000s ]
INFO: [ app_end ] --END-- [ RunTime:0.001000s ]

[ 2017-09-26T16:27:20+08:00 ] 127.0.0.1 /index.php/Hot/hot
INFO: [ app_init ] --START--
INFO: Run Behavior\BuildLiteBehavior [ RunTime:0.000000s ]
INFO: [ app_init ] --END-- [ RunTime:0.000000s ]
INFO: [ app_begin ] --START--
INFO: Run Behavior\ReadHtmlCacheBehavior [ RunTime:0.001000s ]
INFO: [ app_begin ] --END-- [ RunTime:0.001000s ]
SQL: SHOW COLUMNS FROM `region` [ RunTime:0.0080s ]
SQL: SELECT `region_id`,`region_name` FROM `region` WHERE ( level=1 )  [ RunTime:0.0070s ]
INFO: [ view_parse ] --START--
INFO: [ template_filter ] --START--
INFO: Run Behavior\ContentReplaceBehavior [ RunTime:0.000000s ]
INFO: [ template_filter ] --END-- [ RunTime:0.000000s ]
INFO: Run Behavior\ParseTemplateBehavior [ RunTime:0.010000s ]
INFO: [ view_parse ] --END-- [ RunTime:0.010000s ]
INFO: [ view_filter ] --START--
INFO: Run Behavior\WriteHtmlCacheBehavior [ RunTime:0.001000s ]
INFO: [ view_filter ] --END-- [ RunTime:0.001000s ]
INFO: [ app_end ] --START--
INFO: Run Behavior\ShowPageTraceBehavior [ RunTime:0.000000s ]
INFO: [ app_end ] --END-- [ RunTime:0.000000s ]

[ 2017-09-26T16:27:24+08:00 ] 127.0.0.1 /index.php/Search/search
INFO: [ app_init ] --START--
INFO: Run Behavior\BuildLiteBehavior [ RunTime:0.000000s ]
INFO: [ app_init ] --END-- [ RunTime:0.001000s ]
INFO: [ app_begin ] --START--
INFO: Run Behavior\ReadHtmlCacheBehavior [ RunTime:0.001000s ]
INFO: [ app_begin ] --END-- [ RunTime:0.002000s ]
SQL: SHOW COLUMNS FROM `region` [ RunTime:0.0060s ]
SQL: SELECT `region_id`,`region_name` FROM `region` WHERE ( level=1 )  [ RunTime:0.0050s ]
NOTIC: [8] Undefined index: guanjianzi E:\phpStudy\WWW\99xinfang\Application\Home\Controller\SearchController.class.php 第 11 行.
NOTIC: [8] Undefined index: id E:\phpStudy\WWW\99xinfang\Application\Home\Controller\SearchController.class.php 第 29 行.
SQL: SHOW COLUMNS FROM `house_info` [ RunTime:0.0060s ]
SQL: SELECT COUNT(*) AS tp_count FROM `house_info` LIMIT 1   [ RunTime:0.0050s ]
SQL: SHOW COLUMNS FROM `house_image` [ RunTime:0.0060s ]
SQL: SELECT a.image,b.house_id,b.house_name,b.property_right,b.dili,b.mix_mianji,b.max_mianji,b.xiaoshou_zt,b.decorate,b.junjia FROM house_image a left join house_info b ON a.house_id = b.house_id  WHERE ( a.img_class='face' ) LIMIT 0,4   [ RunTime:0.0060s ]
INFO: [ view_parse ] --START--
INFO: [ template_filter ] --START--
INFO: Run Behavior\ContentReplaceBehavior [ RunTime:0.001000s ]
INFO: [ template_filter ] --END-- [ RunTime:0.001000s ]
INFO: Run Behavior\ParseTemplateBehavior [ RunTime:0.023000s ]
INFO: [ view_parse ] --END-- [ RunTime:0.023000s ]
INFO: [ view_filter ] --START--
INFO: Run Behavior\WriteHtmlCacheBehavior [ RunTime:0.000000s ]
INFO: [ view_filter ] --END-- [ RunTime:0.001000s ]
INFO: [ app_end ] --START--
INFO: Run Behavior\ShowPageTraceBehavior [ RunTime:0.001000s ]
INFO: [ app_end ] --END-- [ RunTime:0.001000s ]

[ 2017-09-26T16:29:07+08:00 ] 127.0.0.1 /index.php/Search/search
INFO: [ app_init ] --START--
INFO: Run Behavior\BuildLiteBehavior [ RunTime:0.000000s ]
INFO: [ app_init ] --END-- [ RunTime:0.001000s ]
INFO: [ app_begin ] --START--
INFO: Run Behavior\ReadHtmlCacheBehavior [ RunTime:0.002000s ]
INFO: [ app_begin ] --END-- [ RunTime:0.002000s ]
SQL: SHOW COLUMNS FROM `region` [ RunTime:0.0060s ]
SQL: SELECT `region_id`,`region_name` FROM `region` WHERE ( level=1 )  [ RunTime:0.0060s ]
NOTIC: [8] Undefined index: guanjianzi E:\phpStudy\WWW\99xinfang\Application\Home\Controller\SearchController.class.php 第 11 行.
NOTIC: [8] Undefined index: id E:\phpStudy\WWW\99xinfang\Application\Home\Controller\SearchController.class.php 第 29 行.
SQL: SHOW COLUMNS FROM `house_info` [ RunTime:0.0070s ]
SQL: SELECT COUNT(*) AS tp_count FROM `house_info` LIMIT 1   [ RunTime:0.0050s ]
SQL: SHOW COLUMNS FROM `house_image` [ RunTime:0.0060s ]
SQL: SELECT a.image,b.house_id,b.house_name,b.property_right,b.dili,b.mix_mianji,b.max_mianji,b.xiaoshou_zt,b.decorate,b.junjia FROM house_image a left join house_info b ON a.house_id = b.house_id  WHERE ( a.img_class='face' ) LIMIT 0,4   [ RunTime:0.0070s ]
INFO: [ view_parse ] --START--
INFO: [ template_filter ] --START--
INFO: Run Behavior\ContentReplaceBehavior [ RunTime:0.000000s ]
INFO: [ template_filter ] --END-- [ RunTime:0.000000s ]
INFO: Run Behavior\ParseTemplateBehavior [ RunTime:0.024000s ]
INFO: [ view_parse ] --END-- [ RunTime:0.024000s ]
INFO: [ view_filter ] --START--
INFO: Run Behavior\WriteHtmlCacheBehavior [ RunTime:0.001000s ]
INFO: [ view_filter ] --END-- [ RunTime:0.001000s ]
INFO: [ app_end ] --START--
INFO: Run Behavior\ShowPageTraceBehavior [ RunTime:0.001000s ]
INFO: [ app_end ] --END-- [ RunTime:0.001000s ]

[ 2017-09-26T16:30:55+08:00 ] 127.0.0.1 /index.php/Search/search
INFO: [ app_init ] --START--
INFO: Run Behavior\BuildLiteBehavior [ RunTime:0.000000s ]
INFO: [ app_init ] --END-- [ RunTime:0.001000s ]
INFO: [ app_begin ] --START--
INFO: Run Behavior\ReadHtmlCacheBehavior [ RunTime:0.002000s ]
INFO: [ app_begin ] --END-- [ RunTime:0.002000s ]
SQL: SHOW COLUMNS FROM `region` [ RunTime:0.0060s ]
SQL: SELECT `region_id`,`region_name` FROM `region` WHERE ( level=1 )  [ RunTime:0.0060s ]
NOTIC: [8] Undefined index: guanjianzi E:\phpStudy\WWW\99xinfang\Application\Home\Controller\SearchController.class.php 第 11 行.
NOTIC: [8] Undefined index: id E:\phpStudy\WWW\99xinfang\Application\Home\Controller\SearchController.class.php 第 29 行.
SQL: SHOW COLUMNS FROM `house_info` [ RunTime:0.0060s ]
SQL: SELECT COUNT(*) AS tp_count FROM `house_info` LIMIT 1   [ RunTime:0.0050s ]
SQL: SHOW COLUMNS FROM `house_image` [ RunTime:0.0060s ]
SQL: SELECT a.image,b.house_id,b.house_name,b.property_right,b.dili,b.mix_mianji,b.max_mianji,b.xiaoshou_zt,b.decorate,b.junjia,b.shoufu FROM house_image a left join house_info b ON a.house_id = b.house_id  WHERE ( a.img_class='face' ) LIMIT 0,4   [ RunTime:0.0070s ]
INFO: [ view_parse ] --START--
INFO: [ template_filter ] --START--
INFO: Run Behavior\ContentReplaceBehavior [ RunTime:0.000000s ]
INFO: [ template_filter ] --END-- [ RunTime:0.000000s ]
INFO: Run Behavior\ParseTemplateBehavior [ RunTime:0.023000s ]
INFO: [ view_parse ] --END-- [ RunTime:0.023000s ]
INFO: [ view_filter ] --START--
INFO: Run Behavior\WriteHtmlCacheBehavior [ RunTime:0.000000s ]
INFO: [ view_filter ] --END-- [ RunTime:0.000000s ]
INFO: [ app_end ] --START--
INFO: Run Behavior\ShowPageTraceBehavior [ RunTime:0.001000s ]
INFO: [ app_end ] --END-- [ RunTime:0.001000s ]

[ 2017-09-26T16:31:08+08:00 ] 127.0.0.1 /index.php/Search/search
INFO: [ app_init ] --START--
INFO: Run Behavior\BuildLiteBehavior [ RunTime:0.000000s ]
INFO: [ app_init ] --END-- [ RunTime:0.001000s ]
INFO: [ app_begin ] --START--
INFO: Run Behavior\ReadHtmlCacheBehavior [ RunTime:0.001000s ]
INFO: [ app_begin ] --END-- [ RunTime:0.001000s ]
SQL: SHOW COLUMNS FROM `region` [ RunTime:0.0060s ]
SQL: SELECT `region_id`,`region_name` FROM `region` WHERE ( level=1 )  [ RunTime:0.0050s ]
NOTIC: [8] Undefined index: guanjianzi E:\phpStudy\WWW\99xinfang\Application\Home\Controller\SearchController.class.php 第 11 行.
NOTIC: [8] Undefined index: id E:\phpStudy\WWW\99xinfang\Application\Home\Controller\SearchController.class.php 第 29 行.
SQL: SHOW COLUMNS FROM `house_info` [ RunTime:0.0070s ]
SQL: SELECT COUNT(*) AS tp_count FROM `house_info` LIMIT 1   [ RunTime:0.0060s ]
SQL: SHOW COLUMNS FROM `house_image` [ RunTime:0.0060s ]
SQL: SELECT a.image,b.house_id,b.house_name,b.property_right,b.dili,b.mix_mianji,b.max_mianji,b.xiaoshou_zt,b.decorate,b.junjia,b.shoufu FROM house_image a left join house_info b ON a.house_id = b.house_id  WHERE ( a.img_class='face' ) LIMIT 0,4   [ RunTime:0.0070s ]
INFO: [ view_parse ] --START--
INFO: [ template_filter ] --START--
INFO: Run Behavior\ContentReplaceBehavior [ RunTime:0.000000s ]
INFO: [ template_filter ] --END-- [ RunTime:0.000000s ]
INFO: Run Behavior\ParseTemplateBehavior [ RunTime:0.021000s ]
INFO: [ view_parse ] --END-- [ RunTime:0.021000s ]
INFO: [ view_filter ] --START--
INFO: Run Behavior\WriteHtmlCacheBehavior [ RunTime:0.000000s ]
INFO: [ view_filter ] --END-- [ RunTime:0.001000s ]
INFO: [ app_end ] --START--
INFO: Run Behavior\ShowPageTraceBehavior [ RunTime:0.001000s ]
INFO: [ app_end ] --END-- [ RunTime:0.001000s ]

[ 2017-09-26T16:31:19+08:00 ] 127.0.0.1 /index.php/Search/search
INFO: [ app_init ] --START--
INFO: Run Behavior\BuildLiteBehavior [ RunTime:0.000000s ]
INFO: [ app_init ] --END-- [ RunTime:0.000000s ]
INFO: [ app_begin ] --START--
INFO: Run Behavior\ReadHtmlCacheBehavior [ RunTime:0.001000s ]
INFO: [ app_begin ] --END-- [ RunTime:0.001000s ]
SQL: SHOW COLUMNS FROM `region` [ RunTime:0.0050s ]
SQL: SELECT `region_id`,`region_name` FROM `region` WHERE ( level=1 )  [ RunTime:0.0050s ]
NOTIC: [8] Undefined index: guanjianzi E:\phpStudy\WWW\99xinfang\Application\Home\Controller\SearchController.class.php 第 11 行.
NOTIC: [8] Undefined index: id E:\phpStudy\WWW\99xinfang\Application\Home\Controller\SearchController.class.php 第 29 行.
SQL: SHOW COLUMNS FROM `house_info` [ RunTime:0.0070s ]
SQL: SELECT COUNT(*) AS tp_count FROM `house_info` LIMIT 1   [ RunTime:0.0050s ]
SQL: SHOW COLUMNS FROM `house_image` [ RunTime:0.0060s ]
SQL: SELECT a.image,b.house_id,b.house_name,b.property_right,b.dili,b.mix_mianji,b.max_mianji,b.xiaoshou_zt,b.decorate,b.junjia,b.shoufu FROM house_image a left join house_info b ON a.house_id = b.house_id  WHERE ( a.img_class='face' ) LIMIT 0,4   [ RunTime:0.0060s ]
INFO: [ view_parse ] --START--
INFO: [ template_filter ] --START--
INFO: Run Behavior\ContentReplaceBehavior [ RunTime:0.000000s ]
INFO: [ template_filter ] --END-- [ RunTime:0.001000s ]
INFO: Run Behavior\ParseTemplateBehavior [ RunTime:0.012000s ]
INFO: [ view_parse ] --END-- [ RunTime:0.012000s ]
INFO: [ view_filter ] --START--
INFO: Run Behavior\WriteHtmlCacheBehavior [ RunTime:0.001000s ]
INFO: [ view_filter ] --END-- [ RunTime:0.001000s ]
INFO: [ app_end ] --START--
INFO: Run Behavior\ShowPageTraceBehavior [ RunTime:0.000000s ]
INFO: [ app_end ] --END-- [ RunTime:0.000000s ]

[ 2017-09-26T16:31:19+08:00 ] 127.0.0.1 /favicon.ico
INFO: [ app_init ] --START--
INFO: Run Behavior\BuildLiteBehavior [ RunTime:0.000000s ]
INFO: [ app_init ] --END-- [ RunTime:0.001000s ]

[ 2017-09-26T16:32:12+08:00 ] 127.0.0.1 /index.php/Search/search
INFO: [ app_init ] --START--
INFO: Run Behavior\BuildLiteBehavior [ RunTime:0.000000s ]
INFO: [ app_init ] --END-- [ RunTime:0.000000s ]
INFO: [ app_begin ] --START--
INFO: Run Behavior\ReadHtmlCacheBehavior [ RunTime:0.001000s ]
INFO: [ app_begin ] --END-- [ RunTime:0.001000s ]
SQL: SHOW COLUMNS FROM `region` [ RunTime:0.0060s ]
SQL: SELECT `region_id`,`region_name` FROM `region` WHERE ( level=1 )  [ RunTime:0.0060s ]
NOTIC: [8] Undefined index: guanjianzi E:\phpStudy\WWW\99xinfang\Application\Home\Controller\SearchController.class.php 第 11 行.
NOTIC: [8] Undefined index: id E:\phpStudy\WWW\99xinfang\Application\Home\Controller\SearchController.class.php 第 29 行.
SQL: SHOW COLUMNS FROM `house_info` [ RunTime:0.0070s ]
SQL: SELECT COUNT(*) AS tp_count FROM `house_info` LIMIT 1   [ RunTime:0.0050s ]
SQL: SHOW COLUMNS FROM `house_image` [ RunTime:0.0060s ]
SQL: SELECT a.image,b.house_id,b.house_name,b.property_right,b.dili,b.mix_mianji,b.max_mianji,b.xiaoshou_zt,b.decorate,b.junjia,b.shoufu FROM house_image a left join house_info b ON a.house_id = b.house_id  WHERE ( a.img_class='face' ) LIMIT 0,4   [ RunTime:0.0060s ]
INFO: [ view_parse ] --START--
INFO: [ template_filter ] --START--
INFO: Run Behavior\ContentReplaceBehavior [ RunTime:0.000000s ]
INFO: [ template_filter ] --END-- [ RunTime:0.001000s ]
INFO: Run Behavior\ParseTemplateBehavior [ RunTime:0.024000s ]
INFO: [ view_parse ] --END-- [ RunTime:0.025000s ]
INFO: [ view_filter ] --START--
INFO: Run Behavior\WriteHtmlCacheBehavior [ RunTime:0.000000s ]
INFO: [ view_filter ] --END-- [ RunTime:0.000000s ]
INFO: [ app_end ] --START--
INFO: Run Behavior\ShowPageTraceBehavior [ RunTime:0.001000s ]
INFO: [ app_end ] --END-- [ RunTime:0.001000s ]

[ 2017-09-26T16:32:47+08:00 ] 127.0.0.1 /index.php/Search/search
INFO: [ app_init ] --START--
INFO: Run Behavior\BuildLiteBehavior [ RunTime:0.000000s ]
INFO: [ app_init ] --END-- [ RunTime:0.001000s ]
INFO: [ app_begin ] --START--
INFO: Run Behavior\ReadHtmlCacheBehavior [ RunTime:0.001000s ]
INFO: [ app_begin ] --END-- [ RunTime:0.001000s ]
SQL: SHOW COLUMNS FROM `region` [ RunTime:0.0060s ]
SQL: SELECT `region_id`,`region_name` FROM `region` WHERE ( level=1 )  [ RunTime:0.0060s ]
NOTIC: [8] Undefined index: guanjianzi E:\phpStudy\WWW\99xinfang\Application\Home\Controller\SearchController.class.php 第 11 行.
NOTIC: [8] Undefined index: id E:\phpStudy\WWW\99xinfang\Application\Home\Controller\SearchController.class.php 第 29 行.
SQL: SHOW COLUMNS FROM `house_info` [ RunTime:0.0070s ]
SQL: SELECT COUNT(*) AS tp_count FROM `house_info` LIMIT 1   [ RunTime:0.0050s ]
SQL: SHOW COLUMNS FROM `house_image` [ RunTime:0.0060s ]
SQL: SELECT a.image,b.house_id,b.house_name,b.property_right,b.dili,b.mix_mianji,b.max_mianji,b.xiaoshou_zt,b.decorate,b.junjia,b.shoufu FROM house_image a left join house_info b ON a.house_id = b.house_id  WHERE ( a.img_class='face' ) LIMIT 0,4   [ RunTime:0.0060s ]
INFO: [ view_parse ] --START--
INFO: [ template_filter ] --START--
INFO: Run Behavior\ContentReplaceBehavior [ RunTime:0.001000s ]
INFO: [ template_filter ] --END-- [ RunTime:0.001000s ]
INFO: Run Behavior\ParseTemplateBehavior [ RunTime:0.024000s ]
INFO: [ view_parse ] --END-- [ RunTime:0.024000s ]
INFO: [ view_filter ] --START--
INFO: Run Behavior\WriteHtmlCacheBehavior [ RunTime:0.000000s ]
INFO: [ view_filter ] --END-- [ RunTime:0.000000s ]
INFO: [ app_end ] --START--
INFO: Run Behavior\ShowPageTraceBehavior [ RunTime:0.001000s ]
INFO: [ app_end ] --END-- [ RunTime:0.001000s ]

[ 2017-09-26T16:32:56+08:00 ] 127.0.0.1 /index.php/Search/search
INFO: [ app_init ] --START--
INFO: Run Behavior\BuildLiteBehavior [ RunTime:0.000000s ]
INFO: [ app_init ] --END-- [ RunTime:0.001000s ]
INFO: [ app_begin ] --START--
INFO: Run Behavior\ReadHtmlCacheBehavior [ RunTime:0.001000s ]
INFO: [ app_begin ] --END-- [ RunTime:0.001000s ]
SQL: SHOW COLUMNS FROM `region` [ RunTime:0.0060s ]
SQL: SELECT `region_id`,`region_name` FROM `region` WHERE ( level=1 )  [ RunTime:0.0050s ]
NOTIC: [8] Undefined index: guanjianzi E:\phpStudy\WWW\99xinfang\Application\Home\Controller\SearchController.class.php 第 11 行.
NOTIC: [8] Undefined index: id E:\phpStudy\WWW\99xinfang\Application\Home\Controller\SearchController.class.php 第 29 行.
SQL: SHOW COLUMNS FROM `house_info` [ RunTime:0.0060s ]
SQL: SELECT COUNT(*) AS tp_count FROM `house_info` LIMIT 1   [ RunTime:0.0050s ]
SQL: SHOW COLUMNS FROM `house_image` [ RunTime:0.0050s ]
SQL: SELECT a.image,b.house_id,b.house_name,b.property_right,b.dili,b.mix_mianji,b.max_mianji,b.xiaoshou_zt,b.decorate,b.junjia,b.shoufu FROM house_image a left join house_info b ON a.house_id = b.house_id  WHERE ( a.img_class='face' ) LIMIT 0,4   [ RunTime:0.0060s ]
INFO: [ view_parse ] --START--
INFO: [ template_filter ] --START--
INFO: Run Behavior\ContentReplaceBehavior [ RunTime:0.000000s ]
INFO: [ template_filter ] --END-- [ RunTime:0.000000s ]
INFO: Run Behavior\ParseTemplateBehavior [ RunTime:0.014000s ]
INFO: [ view_parse ] --END-- [ RunTime:0.014000s ]
INFO: [ view_filter ] --START--
INFO: Run Behavior\WriteHtmlCacheBehavior [ RunTime:0.000000s ]
INFO: [ view_filter ] --END-- [ RunTime:0.000000s ]
INFO: [ app_end ] --START--
INFO: Run Behavior\ShowPageTraceBehavior [ RunTime:0.001000s ]
INFO: [ app_end ] --END-- [ RunTime:0.001000s ]

[ 2017-09-26T16:33:08+08:00 ] 127.0.0.1 /index.php/Search/search
INFO: [ app_init ] --START--
INFO: Run Behavior\BuildLiteBehavior [ RunTime:0.000000s ]
INFO: [ app_init ] --END-- [ RunTime:0.001000s ]
INFO: [ app_begin ] --START--
INFO: Run Behavior\ReadHtmlCacheBehavior [ RunTime:0.001000s ]
INFO: [ app_begin ] --END-- [ RunTime:0.001000s ]
SQL: SHOW COLUMNS FROM `region` [ RunTime:0.0060s ]
SQL: SELECT `region_id`,`region_name` FROM `region` WHERE ( level=1 )  [ RunTime:0.0060s ]
NOTIC: [8] Undefined index: guanjianzi E:\phpStudy\WWW\99xinfang\Application\Home\Controller\SearchController.class.php 第 11 行.
NOTIC: [8] Undefined index: id E:\phpStudy\WWW\99xinfang\Application\Home\Controller\SearchController.class.php 第 29 行.
SQL: SHOW COLUMNS FROM `house_info` [ RunTime:0.0070s ]
SQL: SELECT COUNT(*) AS tp_count FROM `house_info` LIMIT 1   [ RunTime:0.0060s ]
SQL: SHOW COLUMNS FROM `house_image` [ RunTime:0.0070s ]
SQL: SELECT a.image,b.house_id,b.house_name,b.property_right,b.dili,b.mix_mianji,b.max_mianji,b.xiaoshou_zt,b.decorate,b.junjia,b.shoufu FROM house_image a left join house_info b ON a.house_id = b.house_id  WHERE ( a.img_class='face' ) LIMIT 0,4   [ RunTime:0.0070s ]
INFO: [ view_parse ] --START--
INFO: [ template_filter ] --START--
INFO: Run Behavior\ContentReplaceBehavior [ RunTime:0.001000s ]
INFO: [ template_filter ] --END-- [ RunTime:0.001000s ]
INFO: Run Behavior\ParseTemplateBehavior [ RunTime:0.022000s ]
INFO: [ view_parse ] --END-- [ RunTime:0.022000s ]
INFO: [ view_filter ] --START--
INFO: Run Behavior\WriteHtmlCacheBehavior [ RunTime:0.000000s ]
INFO: [ view_filter ] --END-- [ RunTime:0.000000s ]
INFO: [ app_end ] --START--
INFO: Run Behavior\ShowPageTraceBehavior [ RunTime:0.001000s ]
INFO: [ app_end ] --END-- [ RunTime:0.001000s ]

[ 2017-09-26T16:39:24+08:00 ] 127.0.0.1 /index.php/Search/search
INFO: [ app_init ] --START--
INFO: Run Behavior\BuildLiteBehavior [ RunTime:0.000000s ]
INFO: [ app_init ] --END-- [ RunTime:0.001000s ]
INFO: [ app_begin ] --START--
INFO: Run Behavior\ReadHtmlCacheBehavior [ RunTime:0.000000s ]
INFO: [ app_begin ] --END-- [ RunTime:0.000000s ]
SQL: SHOW COLUMNS FROM `region` [ RunTime:0.0060s ]
SQL: SELECT `region_id`,`region_name` FROM `region` WHERE ( level=1 )  [ RunTime:0.0050s ]
NOTIC: [8] Undefined index: guanjianzi E:\phpStudy\WWW\99xinfang\Application\Home\Controller\SearchController.class.php 第 11 行.
NOTIC: [8] Undefined index: id E:\phpStudy\WWW\99xinfang\Application\Home\Controller\SearchController.class.php 第 29 行.
SQL: SHOW COLUMNS FROM `house_info` [ RunTime:0.0060s ]
SQL: SELECT COUNT(*) AS tp_count FROM `house_info` LIMIT 1   [ RunTime:0.0040s ]
SQL: SHOW COLUMNS FROM `house_image` [ RunTime:0.0050s ]
SQL: SELECT a.image,b.house_id,b.house_name,b.property_right,b.dili,b.mix_mianji,b.max_mianji,b.xiaoshou_zt,b.decorate,b.junjia,b.shoufu FROM house_image a left join house_info b ON a.house_id = b.house_id  WHERE ( a.img_class='face' ) LIMIT 0,4   [ RunTime:0.0060s ]
INFO: [ view_parse ] --START--
INFO: [ template_filter ] --START--
INFO: Run Behavior\ContentReplaceBehavior [ RunTime:0.000000s ]
INFO: [ template_filter ] --END-- [ RunTime:0.000000s ]
INFO: Run Behavior\ParseTemplateBehavior [ RunTime:0.024000s ]
INFO: [ view_parse ] --END-- [ RunTime:0.024000s ]
INFO: [ view_filter ] --START--
INFO: Run Behavior\WriteHtmlCacheBehavior [ RunTime:0.000000s ]
INFO: [ view_filter ] --END-- [ RunTime:0.000000s ]
INFO: [ app_end ] --START--
INFO: Run Behavior\ShowPageTraceBehavior [ RunTime:0.001000s ]
INFO: [ app_end ] --END-- [ RunTime:0.001000s ]

[ 2017-09-26T16:39:29+08:00 ] 127.0.0.1 /index.php/Search/we.html
INFO: [ app_init ] --START--
INFO: Run Behavior\BuildLiteBehavior [ RunTime:0.000000s ]
INFO: [ app_init ] --END-- [ RunTime:0.001000s ]
INFO: [ app_begin ] --START--
INFO: Run Behavior\ReadHtmlCacheBehavior [ RunTime:0.001000s ]
INFO: [ app_begin ] --END-- [ RunTime:0.001000s ]
SQL: SHOW COLUMNS FROM `region` [ RunTime:0.0060s ]
SQL: SELECT `region_id`,`region_name` FROM `region` WHERE ( level=1 )  [ RunTime:0.0060s ]
ERR: 非法操作:we

