[ 2017-10-16T13:16:25+08:00 ] 127.0.0.1 /
INFO: [ app_init ] --START--
INFO: Run Behavior\BuildLiteBehavior [ RunTime:0.000000s ]
INFO: [ app_init ] --END-- [ RunTime:0.012000s ]
INFO: [ app_begin ] --START--
INFO: Run Behavior\ReadHtmlCacheBehavior [ RunTime:0.002000s ]
INFO: [ app_begin ] --END-- [ RunTime:0.002000s ]
SQL: SHOW COLUMNS FROM `region` [ RunTime:0.0060s ]
SQL: SELECT `region_id`,`region_name` FROM `region` WHERE ( level=1 )  [ RunTime:0.0060s ]
SQL: SHOW COLUMNS FROM `house_info` [ RunTime:0.0060s ]
SQL: SELECT `house_id`,`house_name` FROM `house_info`  [ RunTime:0.0050s ]
SQL: SELECT `region_id`,`region_name` FROM `region` WHERE ( level=1 )  [ RunTime:0.0050s ]
SQL: SHOW COLUMNS FROM `house_image` [ RunTime:0.0060s ]
SQL: SELECT b.house_id,a.image,b.house_name,b.build_type,b.dili,b.mix_mianji,b.max_mianji,b.last_time,b.decorate FROM house_image a left join house_info b ON a.house_id = b.house_id  WHERE ( a.img_class='face' )  [ RunTime:0.0060s ]
INFO: [ view_parse ] --START--
INFO: [ template_filter ] --START--
INFO: Run Behavior\ContentReplaceBehavior [ RunTime:0.000000s ]
INFO: [ template_filter ] --END-- [ RunTime:0.000000s ]
INFO: Run Behavior\ParseTemplateBehavior [ RunTime:0.128000s ]
INFO: [ view_parse ] --END-- [ RunTime:0.128000s ]
INFO: [ view_filter ] --START--
INFO: Run Behavior\WriteHtmlCacheBehavior [ RunTime:0.012000s ]
INFO: [ view_filter ] --END-- [ RunTime:0.012000s ]
INFO: [ app_end ] --START--
INFO: Run Behavior\ShowPageTraceBehavior [ RunTime:0.009000s ]
INFO: [ app_end ] --END-- [ RunTime:0.009000s ]

[ 2017-10-16T13:16:25+08:00 ] 127.0.0.1 /favicon.ico
INFO: [ app_init ] --START--
INFO: Run Behavior\BuildLiteBehavior [ RunTime:0.000000s ]
INFO: [ app_init ] --END-- [ RunTime:0.001000s ]

[ 2017-10-16T13:16:34+08:00 ] 127.0.0.1 /index.php/Loupan/detail?id=1
INFO: [ app_init ] --START--
INFO: Run Behavior\BuildLiteBehavior [ RunTime:0.000000s ]
INFO: [ app_init ] --END-- [ RunTime:0.000000s ]
INFO: [ app_begin ] --START--
INFO: Run Behavior\ReadHtmlCacheBehavior [ RunTime:0.000000s ]
INFO: [ app_begin ] --END-- [ RunTime:0.000000s ]
SQL: SHOW COLUMNS FROM `region` [ RunTime:0.0060s ]
SQL: SELECT `region_id`,`region_name` FROM `region` WHERE ( level=1 )  [ RunTime:0.0060s ]
SQL: SHOW COLUMNS FROM `house_info` [ RunTime:0.0060s ]
SQL: SELECT `house_id`,`house_name` FROM `house_info`  [ RunTime:0.0060s ]
SQL: SELECT `region_id`,`region_name` FROM `region` WHERE ( level=1 )  [ RunTime:0.0060s ]
NOTIC: [2] Missing argument 1 for Think\Model::field(), called in E:\phpStudy\WWW\99xinfang\Application\Home\Controller\LoupanController.class.php on line 15 and defined E:\phpStudy\WWW\99xinfang\ThinkPHP\Library\Think\Model.class.php 第 1740 行.
NOTIC: [8] Undefined variable: field E:\phpStudy\WWW\99xinfang\ThinkPHP\Library\Think\Model.class.php 第 1741 行.
NOTIC: [8] Undefined variable: field E:\phpStudy\WWW\99xinfang\ThinkPHP\Library\Think\Model.class.php 第 1751 行.
SQL: SELECT * FROM `house_info` WHERE `house_id` = '1' LIMIT 1   [ RunTime:0.0080s ]
SQL: SHOW COLUMNS FROM `house_image` [ RunTime:0.0060s ]
NOTIC: [2] Missing argument 1 for Think\Model::field(), called in E:\phpStudy\WWW\99xinfang\Application\Home\Controller\LoupanController.class.php on line 24 and defined E:\phpStudy\WWW\99xinfang\ThinkPHP\Library\Think\Model.class.php 第 1740 行.
NOTIC: [8] Undefined variable: field E:\phpStudy\WWW\99xinfang\ThinkPHP\Library\Think\Model.class.php 第 1741 行.
NOTIC: [8] Undefined variable: field E:\phpStudy\WWW\99xinfang\ThinkPHP\Library\Think\Model.class.php 第 1751 行.
SQL: SELECT * FROM `house_image` WHERE `house_id` = '1' AND `img_face` = 1  [ RunTime:0.0060s ]
SQL: SELECT `image`,`img_class` FROM `house_image` WHERE `house_id` = '1'  [ RunTime:0.0060s ]
SQL: SELECT b.house_id,a.image,b.house_name,b.junjia,b.mix_mianji,b.max_mianji,b.shoufu,b.tel FROM house_image a left join house_info b ON a.house_id = b.house_id  WHERE ( a.img_class='face' )  [ RunTime:0.0060s ]
SQL: SHOW COLUMNS FROM `house_hximg` [ RunTime:0.0070s ]
SQL: SELECT b.*,hx.* FROM house_hximg hx left join house_info b ON hx.house_id = b.house_id   [ RunTime:0.0090s ]
INFO: [ view_parse ] --START--
INFO: [ template_filter ] --START--
INFO: Run Behavior\ContentReplaceBehavior [ RunTime:0.001000s ]
INFO: [ template_filter ] --END-- [ RunTime:0.001000s ]
NOTIC: [8] Use of undefined constant xgt - assumed 'xgt' E:\phpStudy\WWW\99xinfang\Application\Runtime\Cache\Home\0051c331f7e524eb51b2681a8245b3e9.php 第 186 行.
NOTIC: [8] Use of undefined constant ybj - assumed 'ybj' E:\phpStudy\WWW\99xinfang\Application\Runtime\Cache\Home\0051c331f7e524eb51b2681a8245b3e9.php 第 186 行.
NOTIC: [8] Use of undefined constant sjt - assumed 'sjt' E:\phpStudy\WWW\99xinfang\Application\Runtime\Cache\Home\0051c331f7e524eb51b2681a8245b3e9.php 第 186 行.
NOTIC: [8] Use of undefined constant ptt - assumed 'ptt' E:\phpStudy\WWW\99xinfang\Application\Runtime\Cache\Home\0051c331f7e524eb51b2681a8245b3e9.php 第 186 行.
NOTIC: [8] Use of undefined constant xgt - assumed 'xgt' E:\phpStudy\WWW\99xinfang\Application\Runtime\Cache\Home\0051c331f7e524eb51b2681a8245b3e9.php 第 186 行.
NOTIC: [8] Use of undefined constant ybj - assumed 'ybj' E:\phpStudy\WWW\99xinfang\Application\Runtime\Cache\Home\0051c331f7e524eb51b2681a8245b3e9.php 第 186 行.
NOTIC: [8] Use of undefined constant sjt - assumed 'sjt' E:\phpStudy\WWW\99xinfang\Application\Runtime\Cache\Home\0051c331f7e524eb51b2681a8245b3e9.php 第 186 行.
NOTIC: [8] Use of undefined constant ptt - assumed 'ptt' E:\phpStudy\WWW\99xinfang\Application\Runtime\Cache\Home\0051c331f7e524eb51b2681a8245b3e9.php 第 186 行.
NOTIC: [8] Use of undefined constant xgt - assumed 'xgt' E:\phpStudy\WWW\99xinfang\Application\Runtime\Cache\Home\0051c331f7e524eb51b2681a8245b3e9.php 第 186 行.
NOTIC: [8] Use of undefined constant ybj - assumed 'ybj' E:\phpStudy\WWW\99xinfang\Application\Runtime\Cache\Home\0051c331f7e524eb51b2681a8245b3e9.php 第 186 行.
NOTIC: [8] Use of undefined constant sjt - assumed 'sjt' E:\phpStudy\WWW\99xinfang\Application\Runtime\Cache\Home\0051c331f7e524eb51b2681a8245b3e9.php 第 186 行.
NOTIC: [8] Use of undefined constant ptt - assumed 'ptt' E:\phpStudy\WWW\99xinfang\Application\Runtime\Cache\Home\0051c331f7e524eb51b2681a8245b3e9.php 第 186 行.
NOTIC: [8] Use of undefined constant xgt - assumed 'xgt' E:\phpStudy\WWW\99xinfang\Application\Runtime\Cache\Home\0051c331f7e524eb51b2681a8245b3e9.php 第 186 行.
NOTIC: [8] Use of undefined constant ybj - assumed 'ybj' E:\phpStudy\WWW\99xinfang\Application\Runtime\Cache\Home\0051c331f7e524eb51b2681a8245b3e9.php 第 186 行.
NOTIC: [8] Use of undefined constant sjt - assumed 'sjt' E:\phpStudy\WWW\99xinfang\Application\Runtime\Cache\Home\0051c331f7e524eb51b2681a8245b3e9.php 第 186 行.
NOTIC: [8] Use of undefined constant ptt - assumed 'ptt' E:\phpStudy\WWW\99xinfang\Application\Runtime\Cache\Home\0051c331f7e524eb51b2681a8245b3e9.php 第 186 行.
INFO: Run Behavior\ParseTemplateBehavior [ RunTime:0.045000s ]
INFO: [ view_parse ] --END-- [ RunTime:0.045000s ]
INFO: [ view_filter ] --START--
INFO: Run Behavior\WriteHtmlCacheBehavior [ RunTime:0.001000s ]
INFO: [ view_filter ] --END-- [ RunTime:0.001000s ]
INFO: [ app_end ] --START--
INFO: Run Behavior\ShowPageTraceBehavior [ RunTime:0.001000s ]
INFO: [ app_end ] --END-- [ RunTime:0.001000s ]

[ 2017-10-16T13:20:56+08:00 ] 127.0.0.1 /index.php/Search/search?guanjianzi=%E5%98%89%E5%96%84
INFO: [ app_init ] --START--
INFO: Run Behavior\BuildLiteBehavior [ RunTime:0.000000s ]
INFO: [ app_init ] --END-- [ RunTime:0.001000s ]
INFO: [ app_begin ] --START--
INFO: Run Behavior\ReadHtmlCacheBehavior [ RunTime:0.000000s ]
INFO: [ app_begin ] --END-- [ RunTime:0.001000s ]
SQL: SHOW COLUMNS FROM `region` [ RunTime:0.0070s ]
SQL: SELECT `region_id`,`region_name` FROM `region` WHERE ( level=1 )  [ RunTime:0.0060s ]
SQL: SHOW COLUMNS FROM `house_info` [ RunTime:0.0070s ]
SQL: SELECT `house_id`,`house_name` FROM `house_info`  [ RunTime:0.0060s ]
SQL: SELECT `region_id`,`region_name` FROM `region` WHERE ( level=1 )  [ RunTime:0.0060s ]
NOTIC: [8] Undefined index: city E:\phpStudy\WWW\99xinfang\Application\Home\Controller\SearchController.class.php 第 13 行.
NOTIC: [8] Undefined index: next_city E:\phpStudy\WWW\99xinfang\Application\Home\Controller\SearchController.class.php 第 16 行.
NOTIC: [8] Undefined index: price E:\phpStudy\WWW\99xinfang\Application\Home\Controller\SearchController.class.php 第 20 行.
NOTIC: [8] Undefined index: lx E:\phpStudy\WWW\99xinfang\Application\Home\Controller\SearchController.class.php 第 24 行.
NOTIC: [8] Undefined index: mj E:\phpStudy\WWW\99xinfang\Application\Home\Controller\SearchController.class.php 第 28 行.
NOTIC: [8] Undefined index: xs E:\phpStudy\WWW\99xinfang\Application\Home\Controller\SearchController.class.php 第 32 行.
NOTIC: [8] Undefined index: jz E:\phpStudy\WWW\99xinfang\Application\Home\Controller\SearchController.class.php 第 36 行.
NOTIC: [8] Undefined index: id E:\phpStudy\WWW\99xinfang\Application\Home\Controller\SearchController.class.php 第 44 行.
SQL: SELECT COUNT(*) AS tp_count FROM `house_info` WHERE ( `house_name` LIKE '%嘉善%' OR `house_address` LIKE '%嘉善%' OR `dili` LIKE '%嘉善%' ) LIMIT 1   [ RunTime:0.0060s ]
SQL: SHOW COLUMNS FROM `house_image` [ RunTime:0.0060s ]
SQL: SELECT a.image,b.house_id,b.house_name,b.property_right,b.dili,b.mix_mianji,b.max_mianji,b.xiaoshou_zt,b.decorate,b.junjia,b.shoufu FROM house_image a left join house_info b ON a.house_id = b.house_id  WHERE ( b.house_name LIKE '%嘉善%' OR b.house_address LIKE '%嘉善%' OR b.dili LIKE '%嘉善%' ) AND a.img_class = 'face' LIMIT 0,4   [ RunTime:0.0070s ]
SQL: SELECT `region_id`,`region_name` FROM `region` WHERE ( level=2 )  [ RunTime:0.0060s ]
SQL: SELECT `region_id`,`region_name` FROM `region` WHERE ( level=3 )  [ RunTime:0.0060s ]
INFO: [ view_parse ] --START--
INFO: [ template_filter ] --START--
INFO: Run Behavior\ContentReplaceBehavior [ RunTime:0.000000s ]
INFO: [ template_filter ] --END-- [ RunTime:0.000000s ]
NOTIC: [8] Undefined index: city E:\phpStudy\WWW\99xinfang\Application\Runtime\Cache\Home\dc21e6da2e1dbcec494898213c16ba46.php 第 188 行.
NOTIC: [8] Undefined index: city E:\phpStudy\WWW\99xinfang\Application\Runtime\Cache\Home\dc21e6da2e1dbcec494898213c16ba46.php 第 188 行.
NOTIC: [8] Undefined index: city E:\phpStudy\WWW\99xinfang\Application\Runtime\Cache\Home\dc21e6da2e1dbcec494898213c16ba46.php 第 188 行.
NOTIC: [8] Undefined index: city E:\phpStudy\WWW\99xinfang\Application\Runtime\Cache\Home\dc21e6da2e1dbcec494898213c16ba46.php 第 188 行.
NOTIC: [8] Undefined index: city E:\phpStudy\WWW\99xinfang\Application\Runtime\Cache\Home\dc21e6da2e1dbcec494898213c16ba46.php 第 188 行.
NOTIC: [8] Undefined index: next_city E:\phpStudy\WWW\99xinfang\Application\Runtime\Cache\Home\dc21e6da2e1dbcec494898213c16ba46.php 第 200 行.
NOTIC: [8] Undefined index: next_city E:\phpStudy\WWW\99xinfang\Application\Runtime\Cache\Home\dc21e6da2e1dbcec494898213c16ba46.php 第 200 行.
NOTIC: [8] Undefined index: next_city E:\phpStudy\WWW\99xinfang\Application\Runtime\Cache\Home\dc21e6da2e1dbcec494898213c16ba46.php 第 200 行.
NOTIC: [8] Undefined index: next_city E:\phpStudy\WWW\99xinfang\Application\Runtime\Cache\Home\dc21e6da2e1dbcec494898213c16ba46.php 第 200 行.
NOTIC: [8] Undefined index: next_city E:\phpStudy\WWW\99xinfang\Application\Runtime\Cache\Home\dc21e6da2e1dbcec494898213c16ba46.php 第 200 行.
NOTIC: [8] Undefined index: next_city E:\phpStudy\WWW\99xinfang\Application\Runtime\Cache\Home\dc21e6da2e1dbcec494898213c16ba46.php 第 200 行.
NOTIC: [8] Undefined index: next_city E:\phpStudy\WWW\99xinfang\Application\Runtime\Cache\Home\dc21e6da2e1dbcec494898213c16ba46.php 第 200 行.
NOTIC: [8] Undefined index: next_city E:\phpStudy\WWW\99xinfang\Application\Runtime\Cache\Home\dc21e6da2e1dbcec494898213c16ba46.php 第 200 行.
NOTIC: [8] Undefined variable: list_house_info E:\phpStudy\WWW\99xinfang\Application\Runtime\Cache\Home\dc21e6da2e1dbcec494898213c16ba46.php 第 355 行.
INFO: Run Behavior\ParseTemplateBehavior [ RunTime:0.038000s ]
INFO: [ view_parse ] --END-- [ RunTime:0.039000s ]
INFO: [ view_filter ] --START--
INFO: Run Behavior\WriteHtmlCacheBehavior [ RunTime:0.000000s ]
INFO: [ view_filter ] --END-- [ RunTime:0.000000s ]
INFO: [ app_end ] --START--
INFO: Run Behavior\ShowPageTraceBehavior [ RunTime:0.001000s ]
INFO: [ app_end ] --END-- [ RunTime:0.001000s ]

[ 2017-10-16T13:25:01+08:00 ] 127.0.0.1 /index.php/Loupan/detail?id=24
INFO: [ app_init ] --START--
INFO: Run Behavior\BuildLiteBehavior [ RunTime:0.000000s ]
INFO: [ app_init ] --END-- [ RunTime:0.001000s ]
INFO: [ app_begin ] --START--
INFO: Run Behavior\ReadHtmlCacheBehavior [ RunTime:0.000000s ]
INFO: [ app_begin ] --END-- [ RunTime:0.001000s ]
SQL: SHOW COLUMNS FROM `region` [ RunTime:0.0060s ]
SQL: SELECT `region_id`,`region_name` FROM `region` WHERE ( level=1 )  [ RunTime:0.0050s ]
SQL: SHOW COLUMNS FROM `house_info` [ RunTime:0.0070s ]
SQL: SELECT `house_id`,`house_name` FROM `house_info`  [ RunTime:0.0060s ]
SQL: SELECT `region_id`,`region_name` FROM `region` WHERE ( level=1 )  [ RunTime:0.0060s ]
NOTIC: [2] Missing argument 1 for Think\Model::field(), called in E:\phpStudy\WWW\99xinfang\Application\Home\Controller\LoupanController.class.php on line 15 and defined E:\phpStudy\WWW\99xinfang\ThinkPHP\Library\Think\Model.class.php 第 1740 行.
NOTIC: [8] Undefined variable: field E:\phpStudy\WWW\99xinfang\ThinkPHP\Library\Think\Model.class.php 第 1741 行.
NOTIC: [8] Undefined variable: field E:\phpStudy\WWW\99xinfang\ThinkPHP\Library\Think\Model.class.php 第 1751 行.
SQL: SELECT * FROM `house_info` WHERE `house_id` = '24' LIMIT 1   [ RunTime:0.0080s ]
SQL: SHOW COLUMNS FROM `house_image` [ RunTime:0.0060s ]
NOTIC: [2] Missing argument 1 for Think\Model::field(), called in E:\phpStudy\WWW\99xinfang\Application\Home\Controller\LoupanController.class.php on line 24 and defined E:\phpStudy\WWW\99xinfang\ThinkPHP\Library\Think\Model.class.php 第 1740 行.
NOTIC: [8] Undefined variable: field E:\phpStudy\WWW\99xinfang\ThinkPHP\Library\Think\Model.class.php 第 1741 行.
NOTIC: [8] Undefined variable: field E:\phpStudy\WWW\99xinfang\ThinkPHP\Library\Think\Model.class.php 第 1751 行.
SQL: SELECT * FROM `house_image` WHERE `house_id` = '24' AND `img_face` = 1  [ RunTime:0.0060s ]
SQL: SELECT `image`,`img_class` FROM `house_image` WHERE `house_id` = '24'  [ RunTime:0.0060s ]
SQL: SELECT b.house_id,a.image,b.house_name,b.junjia,b.mix_mianji,b.max_mianji,b.shoufu,b.tel FROM house_image a left join house_info b ON a.house_id = b.house_id  WHERE ( a.img_class='face' )  [ RunTime:0.0060s ]
SQL: SHOW COLUMNS FROM `house_hximg` [ RunTime:0.0060s ]
SQL: SELECT b.*,hx.* FROM house_hximg hx left join house_info b ON hx.house_id = b.house_id   [ RunTime:0.0080s ]
INFO: [ view_parse ] --START--
INFO: [ template_filter ] --START--
INFO: Run Behavior\ContentReplaceBehavior [ RunTime:0.000000s ]
INFO: [ template_filter ] --END-- [ RunTime:0.000000s ]
NOTIC: [8] Undefined index: house_id E:\phpStudy\WWW\99xinfang\Application\Runtime\Cache\Home\0051c331f7e524eb51b2681a8245b3e9.php 第 882 行.
NOTIC: [8] Undefined index: house_id E:\phpStudy\WWW\99xinfang\Application\Runtime\Cache\Home\0051c331f7e524eb51b2681a8245b3e9.php 第 883 行.
NOTIC: [8] Undefined index: house_id E:\phpStudy\WWW\99xinfang\Application\Runtime\Cache\Home\0051c331f7e524eb51b2681a8245b3e9.php 第 882 行.
NOTIC: [8] Undefined index: house_id E:\phpStudy\WWW\99xinfang\Application\Runtime\Cache\Home\0051c331f7e524eb51b2681a8245b3e9.php 第 883 行.
INFO: Run Behavior\ParseTemplateBehavior [ RunTime:0.034000s ]
INFO: [ view_parse ] --END-- [ RunTime:0.034000s ]
INFO: [ view_filter ] --START--
INFO: Run Behavior\WriteHtmlCacheBehavior [ RunTime:0.001000s ]
INFO: [ view_filter ] --END-- [ RunTime:0.001000s ]
INFO: [ app_end ] --START--
INFO: Run Behavior\ShowPageTraceBehavior [ RunTime:0.001000s ]
INFO: [ app_end ] --END-- [ RunTime:0.001000s ]

[ 2017-10-16T13:25:10+08:00 ] 127.0.0.1 /index.php/Loupan/detail?id=1
INFO: [ app_init ] --START--
INFO: Run Behavior\BuildLiteBehavior [ RunTime:0.000000s ]
INFO: [ app_init ] --END-- [ RunTime:0.000000s ]
INFO: [ app_begin ] --START--
INFO: Run Behavior\ReadHtmlCacheBehavior [ RunTime:0.001000s ]
INFO: [ app_begin ] --END-- [ RunTime:0.001000s ]
SQL: SHOW COLUMNS FROM `region` [ RunTime:0.0060s ]
SQL: SELECT `region_id`,`region_name` FROM `region` WHERE ( level=1 )  [ RunTime:0.0050s ]
SQL: SHOW COLUMNS FROM `house_info` [ RunTime:0.0060s ]
SQL: SELECT `house_id`,`house_name` FROM `house_info`  [ RunTime:0.0050s ]
SQL: SELECT `region_id`,`region_name` FROM `region` WHERE ( level=1 )  [ RunTime:0.0060s ]
NOTIC: [2] Missing argument 1 for Think\Model::field(), called in E:\phpStudy\WWW\99xinfang\Application\Home\Controller\LoupanController.class.php on line 15 and defined E:\phpStudy\WWW\99xinfang\ThinkPHP\Library\Think\Model.class.php 第 1740 行.
NOTIC: [8] Undefined variable: field E:\phpStudy\WWW\99xinfang\ThinkPHP\Library\Think\Model.class.php 第 1741 行.
NOTIC: [8] Undefined variable: field E:\phpStudy\WWW\99xinfang\ThinkPHP\Library\Think\Model.class.php 第 1751 行.
SQL: SELECT * FROM `house_info` WHERE `house_id` = '1' LIMIT 1   [ RunTime:0.0070s ]
SQL: SHOW COLUMNS FROM `house_image` [ RunTime:0.0060s ]
NOTIC: [2] Missing argument 1 for Think\Model::field(), called in E:\phpStudy\WWW\99xinfang\Application\Home\Controller\LoupanController.class.php on line 24 and defined E:\phpStudy\WWW\99xinfang\ThinkPHP\Library\Think\Model.class.php 第 1740 行.
NOTIC: [8] Undefined variable: field E:\phpStudy\WWW\99xinfang\ThinkPHP\Library\Think\Model.class.php 第 1741 行.
NOTIC: [8] Undefined variable: field E:\phpStudy\WWW\99xinfang\ThinkPHP\Library\Think\Model.class.php 第 1751 行.
SQL: SELECT * FROM `house_image` WHERE `house_id` = '1' AND `img_face` = 1  [ RunTime:0.0050s ]
SQL: SELECT `image`,`img_class` FROM `house_image` WHERE `house_id` = '1'  [ RunTime:0.0070s ]
SQL: SELECT b.house_id,a.image,b.house_name,b.junjia,b.mix_mianji,b.max_mianji,b.shoufu,b.tel FROM house_image a left join house_info b ON a.house_id = b.house_id  WHERE ( a.img_class='face' )  [ RunTime:0.0060s ]
SQL: SHOW COLUMNS FROM `house_hximg` [ RunTime:0.0060s ]
SQL: SELECT b.*,hx.* FROM house_hximg hx left join house_info b ON hx.house_id = b.house_id   [ RunTime:0.0080s ]
INFO: [ view_parse ] --START--
INFO: [ template_filter ] --START--
INFO: Run Behavior\ContentReplaceBehavior [ RunTime:0.000000s ]
INFO: [ template_filter ] --END-- [ RunTime:0.000000s ]
NOTIC: [8] Use of undefined constant xgt - assumed 'xgt' E:\phpStudy\WWW\99xinfang\Application\Runtime\Cache\Home\0051c331f7e524eb51b2681a8245b3e9.php 第 186 行.
NOTIC: [8] Use of undefined constant ybj - assumed 'ybj' E:\phpStudy\WWW\99xinfang\Application\Runtime\Cache\Home\0051c331f7e524eb51b2681a8245b3e9.php 第 186 行.
NOTIC: [8] Use of undefined constant sjt - assumed 'sjt' E:\phpStudy\WWW\99xinfang\Application\Runtime\Cache\Home\0051c331f7e524eb51b2681a8245b3e9.php 第 186 行.
NOTIC: [8] Use of undefined constant ptt - assumed 'ptt' E:\phpStudy\WWW\99xinfang\Application\Runtime\Cache\Home\0051c331f7e524eb51b2681a8245b3e9.php 第 186 行.
NOTIC: [8] Use of undefined constant xgt - assumed 'xgt' E:\phpStudy\WWW\99xinfang\Application\Runtime\Cache\Home\0051c331f7e524eb51b2681a8245b3e9.php 第 186 行.
NOTIC: [8] Use of undefined constant ybj - assumed 'ybj' E:\phpStudy\WWW\99xinfang\Application\Runtime\Cache\Home\0051c331f7e524eb51b2681a8245b3e9.php 第 186 行.
NOTIC: [8] Use of undefined constant sjt - assumed 'sjt' E:\phpStudy\WWW\99xinfang\Application\Runtime\Cache\Home\0051c331f7e524eb51b2681a8245b3e9.php 第 186 行.
NOTIC: [8] Use of undefined constant ptt - assumed 'ptt' E:\phpStudy\WWW\99xinfang\Application\Runtime\Cache\Home\0051c331f7e524eb51b2681a8245b3e9.php 第 186 行.
NOTIC: [8] Use of undefined constant xgt - assumed 'xgt' E:\phpStudy\WWW\99xinfang\Application\Runtime\Cache\Home\0051c331f7e524eb51b2681a8245b3e9.php 第 186 行.
NOTIC: [8] Use of undefined constant ybj - assumed 'ybj' E:\phpStudy\WWW\99xinfang\Application\Runtime\Cache\Home\0051c331f7e524eb51b2681a8245b3e9.php 第 186 行.
NOTIC: [8] Use of undefined constant sjt - assumed 'sjt' E:\phpStudy\WWW\99xinfang\Application\Runtime\Cache\Home\0051c331f7e524eb51b2681a8245b3e9.php 第 186 行.
NOTIC: [8] Use of undefined constant ptt - assumed 'ptt' E:\phpStudy\WWW\99xinfang\Application\Runtime\Cache\Home\0051c331f7e524eb51b2681a8245b3e9.php 第 186 行.
NOTIC: [8] Use of undefined constant xgt - assumed 'xgt' E:\phpStudy\WWW\99xinfang\Application\Runtime\Cache\Home\0051c331f7e524eb51b2681a8245b3e9.php 第 186 行.
NOTIC: [8] Use of undefined constant ybj - assumed 'ybj' E:\phpStudy\WWW\99xinfang\Application\Runtime\Cache\Home\0051c331f7e524eb51b2681a8245b3e9.php 第 186 行.
NOTIC: [8] Use of undefined constant sjt - assumed 'sjt' E:\phpStudy\WWW\99xinfang\Application\Runtime\Cache\Home\0051c331f7e524eb51b2681a8245b3e9.php 第 186 行.
NOTIC: [8] Use of undefined constant ptt - assumed 'ptt' E:\phpStudy\WWW\99xinfang\Application\Runtime\Cache\Home\0051c331f7e524eb51b2681a8245b3e9.php 第 186 行.
INFO: Run Behavior\ParseTemplateBehavior [ RunTime:0.034000s ]
INFO: [ view_parse ] --END-- [ RunTime:0.034000s ]
INFO: [ view_filter ] --START--
INFO: Run Behavior\WriteHtmlCacheBehavior [ RunTime:0.000000s ]
INFO: [ view_filter ] --END-- [ RunTime:0.000000s ]
INFO: [ app_end ] --START--
INFO: Run Behavior\ShowPageTraceBehavior [ RunTime:0.000000s ]
INFO: [ app_end ] --END-- [ RunTime:0.000000s ]

