[ 2017-10-20T09:48:35+08:00 ] 127.0.0.1 /favicon.ico
INFO: [ app_init ] --START--
INFO: Run Behavior\BuildLiteBehavior [ RunTime:0.000000s ]
INFO: [ app_init ] --END-- [ RunTime:0.000000s ]

[ 2017-10-20T09:48:48+08:00 ] 127.0.0.1 /Public/houtaiimg/houtaiimg/left-li.jpg
INFO: [ app_init ] --START--
INFO: Run Behavior\BuildLiteBehavior [ RunTime:0.000000s ]
INFO: [ app_init ] --END-- [ RunTime:0.001000s ]

[ 2017-10-20T09:48:49+08:00 ] 127.0.0.1 /left-li.jpg
INFO: [ app_init ] --START--
INFO: Run Behavior\BuildLiteBehavior [ RunTime:0.000000s ]
INFO: [ app_init ] --END-- [ RunTime:0.000000s ]

[ 2017-10-20T09:48:50+08:00 ] 127.0.0.1 /Public/houtaiimg/houtaiimg/left-li.jpg
INFO: [ app_init ] --START--
INFO: Run Behavior\BuildLiteBehavior [ RunTime:0.000000s ]
INFO: [ app_init ] --END-- [ RunTime:0.000000s ]

[ 2017-10-20T09:48:55+08:00 ] 127.0.0.1 /left-li.jpg
INFO: [ app_init ] --START--
INFO: Run Behavior\BuildLiteBehavior [ RunTime:0.001000s ]
INFO: [ app_init ] --END-- [ RunTime:0.001000s ]

[ 2017-10-20T09:48:57+08:00 ] 127.0.0.1 /Public/houtaiimg/houtaiimg/left-li.jpg
INFO: [ app_init ] --START--
INFO: Run Behavior\BuildLiteBehavior [ RunTime:0.000000s ]
INFO: [ app_init ] --END-- [ RunTime:0.001000s ]

[ 2017-10-20T09:49:05+08:00 ] 127.0.0.1 /
INFO: [ app_init ] --START--
INFO: Run Behavior\BuildLiteBehavior [ RunTime:0.000000s ]
INFO: [ app_init ] --END-- [ RunTime:0.000000s ]
INFO: [ app_begin ] --START--
INFO: Run Behavior\ReadHtmlCacheBehavior [ RunTime:0.000000s ]
INFO: [ app_begin ] --END-- [ RunTime:0.000000s ]
SQL: SHOW COLUMNS FROM `region` [ RunTime:0.0060s ]
SQL: SELECT `region_id`,`region_name` FROM `region` WHERE ( level=1 )  [ RunTime:0.0050s ]
SQL: SHOW COLUMNS FROM `house_info` [ RunTime:0.0070s ]
SQL: SELECT `house_id`,`house_name` FROM `house_info`  [ RunTime:0.2100s ]
SQL: SELECT `region_id`,`region_name` FROM `region` WHERE ( level=1 )  [ RunTime:0.0050s ]
SQL: SHOW COLUMNS FROM `house_image` [ RunTime:0.0060s ]
SQL: SELECT b.house_id,a.image,b.house_name,b.build_type,b.dili,b.mix_mianji,b.max_mianji,b.last_time,b.decorate FROM house_image a left join house_info b ON a.house_id = b.house_id  WHERE ( a.img_class='face' )  [ RunTime:0.0060s ]
INFO: [ view_parse ] --START--
INFO: [ template_filter ] --START--
INFO: Run Behavior\ContentReplaceBehavior [ RunTime:0.000000s ]
INFO: [ template_filter ] --END-- [ RunTime:0.000000s ]
INFO: Run Behavior\ParseTemplateBehavior [ RunTime:0.091000s ]
INFO: [ view_parse ] --END-- [ RunTime:0.091000s ]
INFO: [ view_filter ] --START--
INFO: Run Behavior\WriteHtmlCacheBehavior [ RunTime:0.000000s ]
INFO: [ view_filter ] --END-- [ RunTime:0.000000s ]
INFO: [ app_end ] --START--
INFO: Run Behavior\ShowPageTraceBehavior [ RunTime:0.001000s ]
INFO: [ app_end ] --END-- [ RunTime:0.001000s ]

[ 2017-10-20T09:53:03+08:00 ] 127.0.0.1 /Public/houtaiimg/houtaiimg/left-li.jpg
INFO: [ app_init ] --START--
INFO: Run Behavior\BuildLiteBehavior [ RunTime:0.000000s ]
INFO: [ app_init ] --END-- [ RunTime:0.001000s ]

[ 2017-10-20T09:54:16+08:00 ] 127.0.0.1 /index.php/Loupan/detail?id=1
INFO: [ app_init ] --START--
INFO: Run Behavior\BuildLiteBehavior [ RunTime:0.000000s ]
INFO: [ app_init ] --END-- [ RunTime:0.000000s ]
INFO: [ app_begin ] --START--
INFO: Run Behavior\ReadHtmlCacheBehavior [ RunTime:0.001000s ]
INFO: [ app_begin ] --END-- [ RunTime:0.001000s ]
SQL: SHOW COLUMNS FROM `region` [ RunTime:0.0070s ]
SQL: SELECT `region_id`,`region_name` FROM `region` WHERE ( level=1 )  [ RunTime:0.0050s ]
SQL: SHOW COLUMNS FROM `house_info` [ RunTime:0.0070s ]
SQL: SELECT `house_id`,`house_name` FROM `house_info`  [ RunTime:0.0060s ]
SQL: SELECT `region_id`,`region_name` FROM `region` WHERE ( level=1 )  [ RunTime:0.0060s ]
NOTIC: [2] Missing argument 1 for Think\Model::field(), called in E:\phpStudy\WWW\99xinfang\Application\Home\Controller\LoupanController.class.php on line 15 and defined E:\phpStudy\WWW\99xinfang\ThinkPHP\Library\Think\Model.class.php 第 1740 行.
NOTIC: [8] Undefined variable: field E:\phpStudy\WWW\99xinfang\ThinkPHP\Library\Think\Model.class.php 第 1741 行.
NOTIC: [8] Undefined variable: field E:\phpStudy\WWW\99xinfang\ThinkPHP\Library\Think\Model.class.php 第 1751 行.
SQL: SELECT * FROM `house_info` WHERE `house_id` = '1' LIMIT 1   [ RunTime:0.0070s ]
SQL: SHOW COLUMNS FROM `house_image` [ RunTime:0.0060s ]
NOTIC: [2] Missing argument 1 for Think\Model::field(), called in E:\phpStudy\WWW\99xinfang\Application\Home\Controller\LoupanController.class.php on line 24 and defined E:\phpStudy\WWW\99xinfang\ThinkPHP\Library\Think\Model.class.php 第 1740 行.
NOTIC: [8] Undefined variable: field E:\phpStudy\WWW\99xinfang\ThinkPHP\Library\Think\Model.class.php 第 1741 行.
NOTIC: [8] Undefined variable: field E:\phpStudy\WWW\99xinfang\ThinkPHP\Library\Think\Model.class.php 第 1751 行.
SQL: SELECT * FROM `house_image` WHERE `house_id` = '1' AND `img_face` = 1  [ RunTime:0.0060s ]
SQL: SELECT `image`,`img_class` FROM `house_image` WHERE `house_id` = '1'  [ RunTime:0.0060s ]
SQL: SELECT b.house_id,a.image,b.house_name,b.junjia,b.mix_mianji,b.max_mianji,b.shoufu,b.tel FROM house_image a left join house_info b ON a.house_id = b.house_id  WHERE ( a.img_class='face' )  [ RunTime:0.0060s ]
SQL: SHOW COLUMNS FROM `house_hximg` [ RunTime:0.0060s ]
SQL: SELECT b.*,hx.* FROM house_hximg hx left join house_info b ON hx.house_id = b.house_id   [ RunTime:0.0080s ]
INFO: [ view_parse ] --START--
INFO: [ template_filter ] --START--
INFO: Run Behavior\ContentReplaceBehavior [ RunTime:0.001000s ]
INFO: [ template_filter ] --END-- [ RunTime:0.001000s ]
NOTIC: [8] Use of undefined constant xgt - assumed 'xgt' E:\phpStudy\WWW\99xinfang\Application\Runtime\Cache\Home\0051c331f7e524eb51b2681a8245b3e9.php 第 186 行.
NOTIC: [8] Use of undefined constant ybj - assumed 'ybj' E:\phpStudy\WWW\99xinfang\Application\Runtime\Cache\Home\0051c331f7e524eb51b2681a8245b3e9.php 第 186 行.
NOTIC: [8] Use of undefined constant sjt - assumed 'sjt' E:\phpStudy\WWW\99xinfang\Application\Runtime\Cache\Home\0051c331f7e524eb51b2681a8245b3e9.php 第 186 行.
NOTIC: [8] Use of undefined constant ptt - assumed 'ptt' E:\phpStudy\WWW\99xinfang\Application\Runtime\Cache\Home\0051c331f7e524eb51b2681a8245b3e9.php 第 186 行.
NOTIC: [8] Use of undefined constant xgt - assumed 'xgt' E:\phpStudy\WWW\99xinfang\Application\Runtime\Cache\Home\0051c331f7e524eb51b2681a8245b3e9.php 第 186 行.
NOTIC: [8] Use of undefined constant ybj - assumed 'ybj' E:\phpStudy\WWW\99xinfang\Application\Runtime\Cache\Home\0051c331f7e524eb51b2681a8245b3e9.php 第 186 行.
NOTIC: [8] Use of undefined constant sjt - assumed 'sjt' E:\phpStudy\WWW\99xinfang\Application\Runtime\Cache\Home\0051c331f7e524eb51b2681a8245b3e9.php 第 186 行.
NOTIC: [8] Use of undefined constant ptt - assumed 'ptt' E:\phpStudy\WWW\99xinfang\Application\Runtime\Cache\Home\0051c331f7e524eb51b2681a8245b3e9.php 第 186 行.
NOTIC: [8] Use of undefined constant xgt - assumed 'xgt' E:\phpStudy\WWW\99xinfang\Application\Runtime\Cache\Home\0051c331f7e524eb51b2681a8245b3e9.php 第 186 行.
NOTIC: [8] Use of undefined constant ybj - assumed 'ybj' E:\phpStudy\WWW\99xinfang\Application\Runtime\Cache\Home\0051c331f7e524eb51b2681a8245b3e9.php 第 186 行.
NOTIC: [8] Use of undefined constant sjt - assumed 'sjt' E:\phpStudy\WWW\99xinfang\Application\Runtime\Cache\Home\0051c331f7e524eb51b2681a8245b3e9.php 第 186 行.
NOTIC: [8] Use of undefined constant ptt - assumed 'ptt' E:\phpStudy\WWW\99xinfang\Application\Runtime\Cache\Home\0051c331f7e524eb51b2681a8245b3e9.php 第 186 行.
NOTIC: [8] Use of undefined constant xgt - assumed 'xgt' E:\phpStudy\WWW\99xinfang\Application\Runtime\Cache\Home\0051c331f7e524eb51b2681a8245b3e9.php 第 186 行.
NOTIC: [8] Use of undefined constant ybj - assumed 'ybj' E:\phpStudy\WWW\99xinfang\Application\Runtime\Cache\Home\0051c331f7e524eb51b2681a8245b3e9.php 第 186 行.
NOTIC: [8] Use of undefined constant sjt - assumed 'sjt' E:\phpStudy\WWW\99xinfang\Application\Runtime\Cache\Home\0051c331f7e524eb51b2681a8245b3e9.php 第 186 行.
NOTIC: [8] Use of undefined constant ptt - assumed 'ptt' E:\phpStudy\WWW\99xinfang\Application\Runtime\Cache\Home\0051c331f7e524eb51b2681a8245b3e9.php 第 186 行.
INFO: Run Behavior\ParseTemplateBehavior [ RunTime:0.033000s ]
INFO: [ view_parse ] --END-- [ RunTime:0.033000s ]
INFO: [ view_filter ] --START--
INFO: Run Behavior\WriteHtmlCacheBehavior [ RunTime:0.001000s ]
INFO: [ view_filter ] --END-- [ RunTime:0.001000s ]
INFO: [ app_end ] --START--
INFO: Run Behavior\ShowPageTraceBehavior [ RunTime:0.000000s ]
INFO: [ app_end ] --END-- [ RunTime:0.000000s ]

[ 2017-10-20T09:54:29+08:00 ] 127.0.0.1 /
INFO: [ app_init ] --START--
INFO: Run Behavior\BuildLiteBehavior [ RunTime:0.000000s ]
INFO: [ app_init ] --END-- [ RunTime:0.001000s ]
INFO: [ app_begin ] --START--
INFO: Run Behavior\ReadHtmlCacheBehavior [ RunTime:0.001000s ]
INFO: [ app_begin ] --END-- [ RunTime:0.001000s ]
SQL: SHOW COLUMNS FROM `region` [ RunTime:0.0070s ]
SQL: SELECT `region_id`,`region_name` FROM `region` WHERE ( level=1 )  [ RunTime:0.0060s ]
SQL: SHOW COLUMNS FROM `house_info` [ RunTime:0.0070s ]
SQL: SELECT `house_id`,`house_name` FROM `house_info`  [ RunTime:0.0060s ]
SQL: SELECT `region_id`,`region_name` FROM `region` WHERE ( level=1 )  [ RunTime:0.0060s ]
SQL: SHOW COLUMNS FROM `house_image` [ RunTime:0.0070s ]
SQL: SELECT b.house_id,a.image,b.house_name,b.build_type,b.dili,b.mix_mianji,b.max_mianji,b.last_time,b.decorate FROM house_image a left join house_info b ON a.house_id = b.house_id  WHERE ( a.img_class='face' )  [ RunTime:0.0070s ]
INFO: [ view_parse ] --START--
INFO: [ template_filter ] --START--
INFO: Run Behavior\ContentReplaceBehavior [ RunTime:0.000000s ]
INFO: [ template_filter ] --END-- [ RunTime:0.000000s ]
INFO: Run Behavior\ParseTemplateBehavior [ RunTime:0.023000s ]
INFO: [ view_parse ] --END-- [ RunTime:0.023000s ]
INFO: [ view_filter ] --START--
INFO: Run Behavior\WriteHtmlCacheBehavior [ RunTime:0.000000s ]
INFO: [ view_filter ] --END-- [ RunTime:0.000000s ]
INFO: [ app_end ] --START--
INFO: Run Behavior\ShowPageTraceBehavior [ RunTime:0.000000s ]
INFO: [ app_end ] --END-- [ RunTime:0.000000s ]

[ 2017-10-20T10:04:23+08:00 ] 127.0.0.1 /Public/houtaiimg/houtaiimg/left-li.jpg
INFO: [ app_init ] --START--
INFO: Run Behavior\BuildLiteBehavior [ RunTime:0.000000s ]
INFO: [ app_init ] --END-- [ RunTime:0.001000s ]

[ 2017-10-20T10:10:11+08:00 ] 127.0.0.1 /Public/houtaiimg/houtaiimg/left-li.jpg
INFO: [ app_init ] --START--
INFO: Run Behavior\BuildLiteBehavior [ RunTime:0.000000s ]
INFO: [ app_init ] --END-- [ RunTime:0.000000s ]

[ 2017-10-20T10:17:41+08:00 ] 127.0.0.1 /Public/houtaiimg/houtaiimg/left-li.jpg
INFO: [ app_init ] --START--
INFO: Run Behavior\BuildLiteBehavior [ RunTime:0.000000s ]
INFO: [ app_init ] --END-- [ RunTime:0.000000s ]

[ 2017-10-20T10:20:28+08:00 ] 127.0.0.1 /Public/houtaiimg/houtaiimg/left-li.jpg
INFO: [ app_init ] --START--
INFO: Run Behavior\BuildLiteBehavior [ RunTime:0.000000s ]
INFO: [ app_init ] --END-- [ RunTime:0.001000s ]

[ 2017-10-20T10:20:33+08:00 ] 127.0.0.1 /left-li.jpg
INFO: [ app_init ] --START--
INFO: Run Behavior\BuildLiteBehavior [ RunTime:0.000000s ]
INFO: [ app_init ] --END-- [ RunTime:0.001000s ]

[ 2017-10-20T10:21:19+08:00 ] 127.0.0.1 /index.php/Loupan/detail?id=1
INFO: [ app_init ] --START--
INFO: Run Behavior\BuildLiteBehavior [ RunTime:0.000000s ]
INFO: [ app_init ] --END-- [ RunTime:0.000000s ]
INFO: [ app_begin ] --START--
INFO: Run Behavior\ReadHtmlCacheBehavior [ RunTime:0.001000s ]
INFO: [ app_begin ] --END-- [ RunTime:0.001000s ]
SQL: SHOW COLUMNS FROM `region` [ RunTime:0.0050s ]
SQL: SELECT `region_id`,`region_name` FROM `region` WHERE ( level=1 )  [ RunTime:0.0050s ]
SQL: SHOW COLUMNS FROM `house_info` [ RunTime:0.0060s ]
SQL: SELECT `house_id`,`house_name` FROM `house_info`  [ RunTime:0.0050s ]
SQL: SELECT `region_id`,`region_name` FROM `region` WHERE ( level=1 )  [ RunTime:0.0040s ]
NOTIC: [2] Missing argument 1 for Think\Model::field(), called in E:\phpStudy\WWW\99xinfang\Application\Home\Controller\LoupanController.class.php on line 15 and defined E:\phpStudy\WWW\99xinfang\ThinkPHP\Library\Think\Model.class.php 第 1740 行.
NOTIC: [8] Undefined variable: field E:\phpStudy\WWW\99xinfang\ThinkPHP\Library\Think\Model.class.php 第 1741 行.
NOTIC: [8] Undefined variable: field E:\phpStudy\WWW\99xinfang\ThinkPHP\Library\Think\Model.class.php 第 1751 行.
SQL: SELECT * FROM `house_info` WHERE `house_id` = '1' LIMIT 1   [ RunTime:0.0060s ]
SQL: SHOW COLUMNS FROM `house_image` [ RunTime:0.0050s ]
NOTIC: [2] Missing argument 1 for Think\Model::field(), called in E:\phpStudy\WWW\99xinfang\Application\Home\Controller\LoupanController.class.php on line 24 and defined E:\phpStudy\WWW\99xinfang\ThinkPHP\Library\Think\Model.class.php 第 1740 行.
NOTIC: [8] Undefined variable: field E:\phpStudy\WWW\99xinfang\ThinkPHP\Library\Think\Model.class.php 第 1741 行.
NOTIC: [8] Undefined variable: field E:\phpStudy\WWW\99xinfang\ThinkPHP\Library\Think\Model.class.php 第 1751 行.
SQL: SELECT * FROM `house_image` WHERE `house_id` = '1' AND `img_face` = 1  [ RunTime:0.0050s ]
SQL: SELECT `image`,`img_class` FROM `house_image` WHERE `house_id` = '1'  [ RunTime:0.0050s ]
SQL: SELECT b.house_id,a.image,b.house_name,b.junjia,b.mix_mianji,b.max_mianji,b.shoufu,b.tel FROM house_image a left join house_info b ON a.house_id = b.house_id  WHERE ( a.img_class='face' )  [ RunTime:0.0050s ]
SQL: SHOW COLUMNS FROM `house_hximg` [ RunTime:0.0050s ]
SQL: SELECT b.*,hx.* FROM house_hximg hx left join house_info b ON hx.house_id = b.house_id   [ RunTime:0.0080s ]
INFO: [ view_parse ] --START--
INFO: [ template_filter ] --START--
INFO: Run Behavior\ContentReplaceBehavior [ RunTime:0.000000s ]
INFO: [ template_filter ] --END-- [ RunTime:0.001000s ]
NOTIC: [8] Use of undefined constant xgt - assumed 'xgt' E:\phpStudy\WWW\99xinfang\Application\Runtime\Cache\Home\0051c331f7e524eb51b2681a8245b3e9.php 第 186 行.
NOTIC: [8] Use of undefined constant ybj - assumed 'ybj' E:\phpStudy\WWW\99xinfang\Application\Runtime\Cache\Home\0051c331f7e524eb51b2681a8245b3e9.php 第 186 行.
NOTIC: [8] Use of undefined constant sjt - assumed 'sjt' E:\phpStudy\WWW\99xinfang\Application\Runtime\Cache\Home\0051c331f7e524eb51b2681a8245b3e9.php 第 186 行.
NOTIC: [8] Use of undefined constant ptt - assumed 'ptt' E:\phpStudy\WWW\99xinfang\Application\Runtime\Cache\Home\0051c331f7e524eb51b2681a8245b3e9.php 第 186 行.
NOTIC: [8] Use of undefined constant xgt - assumed 'xgt' E:\phpStudy\WWW\99xinfang\Application\Runtime\Cache\Home\0051c331f7e524eb51b2681a8245b3e9.php 第 186 行.
NOTIC: [8] Use of undefined constant ybj - assumed 'ybj' E:\phpStudy\WWW\99xinfang\Application\Runtime\Cache\Home\0051c331f7e524eb51b2681a8245b3e9.php 第 186 行.
NOTIC: [8] Use of undefined constant sjt - assumed 'sjt' E:\phpStudy\WWW\99xinfang\Application\Runtime\Cache\Home\0051c331f7e524eb51b2681a8245b3e9.php 第 186 行.
NOTIC: [8] Use of undefined constant ptt - assumed 'ptt' E:\phpStudy\WWW\99xinfang\Application\Runtime\Cache\Home\0051c331f7e524eb51b2681a8245b3e9.php 第 186 行.
NOTIC: [8] Use of undefined constant xgt - assumed 'xgt' E:\phpStudy\WWW\99xinfang\Application\Runtime\Cache\Home\0051c331f7e524eb51b2681a8245b3e9.php 第 186 行.
NOTIC: [8] Use of undefined constant ybj - assumed 'ybj' E:\phpStudy\WWW\99xinfang\Application\Runtime\Cache\Home\0051c331f7e524eb51b2681a8245b3e9.php 第 186 行.
NOTIC: [8] Use of undefined constant sjt - assumed 'sjt' E:\phpStudy\WWW\99xinfang\Application\Runtime\Cache\Home\0051c331f7e524eb51b2681a8245b3e9.php 第 186 行.
NOTIC: [8] Use of undefined constant ptt - assumed 'ptt' E:\phpStudy\WWW\99xinfang\Application\Runtime\Cache\Home\0051c331f7e524eb51b2681a8245b3e9.php 第 186 行.
NOTIC: [8] Use of undefined constant xgt - assumed 'xgt' E:\phpStudy\WWW\99xinfang\Application\Runtime\Cache\Home\0051c331f7e524eb51b2681a8245b3e9.php 第 186 行.
NOTIC: [8] Use of undefined constant ybj - assumed 'ybj' E:\phpStudy\WWW\99xinfang\Application\Runtime\Cache\Home\0051c331f7e524eb51b2681a8245b3e9.php 第 186 行.
NOTIC: [8] Use of undefined constant sjt - assumed 'sjt' E:\phpStudy\WWW\99xinfang\Application\Runtime\Cache\Home\0051c331f7e524eb51b2681a8245b3e9.php 第 186 行.
NOTIC: [8] Use of undefined constant ptt - assumed 'ptt' E:\phpStudy\WWW\99xinfang\Application\Runtime\Cache\Home\0051c331f7e524eb51b2681a8245b3e9.php 第 186 行.
INFO: Run Behavior\ParseTemplateBehavior [ RunTime:0.039000s ]
INFO: [ view_parse ] --END-- [ RunTime:0.039000s ]
INFO: [ view_filter ] --START--
INFO: Run Behavior\WriteHtmlCacheBehavior [ RunTime:0.000000s ]
INFO: [ view_filter ] --END-- [ RunTime:0.001000s ]
INFO: [ app_end ] --START--
INFO: Run Behavior\ShowPageTraceBehavior [ RunTime:0.001000s ]
INFO: [ app_end ] --END-- [ RunTime:0.001000s ]

[ 2017-10-20T10:24:14+08:00 ] 127.0.0.1 /favicon.ico
INFO: [ app_init ] --START--
INFO: Run Behavior\BuildLiteBehavior [ RunTime:0.000000s ]
INFO: [ app_init ] --END-- [ RunTime:0.000000s ]

