[ 2017-12-11T15:54:32+08:00 ] 127.0.0.1 /
INFO: [ app_init ] --START--
INFO: Run Behavior\BuildLiteBehavior [ RunTime:0.000000s ]
INFO: [ app_init ] --END-- [ RunTime:0.013000s ]
INFO: [ app_begin ] --START--
INFO: Run Behavior\ReadHtmlCacheBehavior [ RunTime:0.002000s ]
INFO: [ app_begin ] --END-- [ RunTime:0.002000s ]
SQL: SHOW COLUMNS FROM `region` [ RunTime:0.0080s ]
SQL: SELECT `region_id`,`region_name` FROM `region` WHERE ( level=1 )  [ RunTime:0.0100s ]
SQL: SHOW COLUMNS FROM `house_info` [ RunTime:0.0130s ]
SQL: SELECT `house_id`,`house_name` FROM `house_info`  [ RunTime:0.0120s ]
SQL: SELECT `region_id`,`region_name` FROM `region` WHERE ( level=1 )  [ RunTime:0.0060s ]
SQL: SHOW COLUMNS FROM `house_image` [ RunTime:0.0100s ]
SQL: SELECT b.house_id,a.image,b.house_name,b.build_type,b.dili,b.mix_mianji,b.max_mianji,b.last_time,b.decorate FROM house_image a left join house_info b ON a.house_id = b.house_id  WHERE ( a.img_class='face' )  [ RunTime:0.0110s ]
INFO: [ view_parse ] --START--
INFO: [ template_filter ] --START--
INFO: Run Behavior\ContentReplaceBehavior [ RunTime:0.001000s ]
INFO: [ template_filter ] --END-- [ RunTime:0.001000s ]
INFO: Run Behavior\ParseTemplateBehavior [ RunTime:0.086000s ]
INFO: [ view_parse ] --END-- [ RunTime:0.086000s ]
INFO: [ view_filter ] --START--
INFO: Run Behavior\WriteHtmlCacheBehavior [ RunTime:0.009000s ]
INFO: [ view_filter ] --END-- [ RunTime:0.010000s ]
INFO: [ app_end ] --START--
INFO: Run Behavior\ShowPageTraceBehavior [ RunTime:0.009000s ]
INFO: [ app_end ] --END-- [ RunTime:0.009000s ]

[ 2017-12-11T15:54:33+08:00 ] 127.0.0.1 /favicon.ico
INFO: [ app_init ] --START--
INFO: Run Behavior\BuildLiteBehavior [ RunTime:0.000000s ]
INFO: [ app_init ] --END-- [ RunTime:0.000000s ]

[ 2017-12-11T15:54:52+08:00 ] 127.0.0.1 /back
INFO: [ app_init ] --START--
INFO: Run Behavior\BuildLiteBehavior [ RunTime:0.000000s ]
INFO: [ app_init ] --END-- [ RunTime:0.000000s ]
INFO: [ app_begin ] --START--
INFO: Run Behavior\ReadHtmlCacheBehavior [ RunTime:0.000000s ]
INFO: [ app_begin ] --END-- [ RunTime:0.000000s ]
ERR: 无法加载控制器:Back

[ 2017-12-11T15:56:57+08:00 ] 127.0.0.1 /
INFO: [ app_init ] --START--
INFO: Run Behavior\BuildLiteBehavior [ RunTime:0.000000s ]
INFO: [ app_init ] --END-- [ RunTime:0.000000s ]
INFO: [ app_begin ] --START--
INFO: Run Behavior\ReadHtmlCacheBehavior [ RunTime:0.001000s ]
INFO: [ app_begin ] --END-- [ RunTime:0.001000s ]
SQL: SHOW COLUMNS FROM `region` [ RunTime:0.0080s ]
SQL: SELECT `region_id`,`region_name` FROM `region` WHERE ( level=1 )  [ RunTime:0.0080s ]
SQL: SHOW COLUMNS FROM `house_info` [ RunTime:0.0110s ]
SQL: SELECT `house_id`,`house_name` FROM `house_info`  [ RunTime:0.0090s ]
SQL: SELECT `region_id`,`region_name` FROM `region` WHERE ( level=1 )  [ RunTime:0.0070s ]
SQL: SHOW COLUMNS FROM `house_image` [ RunTime:0.0080s ]
SQL: SELECT b.house_id,a.image,b.house_name,b.build_type,b.dili,b.mix_mianji,b.max_mianji,b.last_time,b.decorate FROM house_image a left join house_info b ON a.house_id = b.house_id  WHERE ( a.img_class='face' )  [ RunTime:0.0140s ]
INFO: [ view_parse ] --START--
INFO: [ template_filter ] --START--
INFO: Run Behavior\ContentReplaceBehavior [ RunTime:0.000000s ]
INFO: [ template_filter ] --END-- [ RunTime:0.000000s ]
INFO: Run Behavior\ParseTemplateBehavior [ RunTime:0.021000s ]
INFO: [ view_parse ] --END-- [ RunTime:0.021000s ]
INFO: [ view_filter ] --START--
INFO: Run Behavior\WriteHtmlCacheBehavior [ RunTime:0.000000s ]
INFO: [ view_filter ] --END-- [ RunTime:0.000000s ]
INFO: [ app_end ] --START--
INFO: Run Behavior\ShowPageTraceBehavior [ RunTime:0.000000s ]
INFO: [ app_end ] --END-- [ RunTime:0.000000s ]

[ 2017-12-11T15:56:57+08:00 ] 127.0.0.1 /back
INFO: [ app_init ] --START--
INFO: Run Behavior\BuildLiteBehavior [ RunTime:0.000000s ]
INFO: [ app_init ] --END-- [ RunTime:0.001000s ]
INFO: [ app_begin ] --START--
INFO: Run Behavior\ReadHtmlCacheBehavior [ RunTime:0.001000s ]
INFO: [ app_begin ] --END-- [ RunTime:0.001000s ]
ERR: 无法加载控制器:Back

[ 2017-12-11T15:56:58+08:00 ] 127.0.0.1 /back
INFO: [ app_init ] --START--
INFO: Run Behavior\BuildLiteBehavior [ RunTime:0.000000s ]
INFO: [ app_init ] --END-- [ RunTime:0.000000s ]
INFO: [ app_begin ] --START--
INFO: Run Behavior\ReadHtmlCacheBehavior [ RunTime:0.000000s ]
INFO: [ app_begin ] --END-- [ RunTime:0.000000s ]
ERR: 无法加载控制器:Back

[ 2017-12-11T15:57:01+08:00 ] 127.0.0.1 /back
INFO: [ app_init ] --START--
INFO: Run Behavior\BuildLiteBehavior [ RunTime:0.000000s ]
INFO: [ app_init ] --END-- [ RunTime:0.000000s ]
INFO: [ app_begin ] --START--
INFO: Run Behavior\ReadHtmlCacheBehavior [ RunTime:0.001000s ]
INFO: [ app_begin ] --END-- [ RunTime:0.001000s ]
ERR: 无法加载控制器:Back

[ 2017-12-11T15:57:07+08:00 ] 127.0.0.1 /
INFO: [ app_init ] --START--
INFO: Run Behavior\BuildLiteBehavior [ RunTime:0.000000s ]
INFO: [ app_init ] --END-- [ RunTime:0.000000s ]
INFO: [ app_begin ] --START--
INFO: Run Behavior\ReadHtmlCacheBehavior [ RunTime:0.001000s ]
INFO: [ app_begin ] --END-- [ RunTime:0.001000s ]
SQL: SHOW COLUMNS FROM `region` [ RunTime:0.0180s ]
SQL: SELECT `region_id`,`region_name` FROM `region` WHERE ( level=1 )  [ RunTime:0.0100s ]
SQL: SHOW COLUMNS FROM `house_info` [ RunTime:0.0090s ]
SQL: SELECT `house_id`,`house_name` FROM `house_info`  [ RunTime:0.0140s ]
SQL: SELECT `region_id`,`region_name` FROM `region` WHERE ( level=1 )  [ RunTime:0.0090s ]
SQL: SHOW COLUMNS FROM `house_image` [ RunTime:0.0190s ]
SQL: SELECT b.house_id,a.image,b.house_name,b.build_type,b.dili,b.mix_mianji,b.max_mianji,b.last_time,b.decorate FROM house_image a left join house_info b ON a.house_id = b.house_id  WHERE ( a.img_class='face' )  [ RunTime:0.0310s ]
INFO: [ view_parse ] --START--
INFO: [ template_filter ] --START--
INFO: Run Behavior\ContentReplaceBehavior [ RunTime:0.001000s ]
INFO: [ template_filter ] --END-- [ RunTime:0.001000s ]
INFO: Run Behavior\ParseTemplateBehavior [ RunTime:0.025000s ]
INFO: [ view_parse ] --END-- [ RunTime:0.025000s ]
INFO: [ view_filter ] --START--
INFO: Run Behavior\WriteHtmlCacheBehavior [ RunTime:0.000000s ]
INFO: [ view_filter ] --END-- [ RunTime:0.000000s ]
INFO: [ app_end ] --START--
INFO: Run Behavior\ShowPageTraceBehavior [ RunTime:0.001000s ]
INFO: [ app_end ] --END-- [ RunTime:0.001000s ]

[ 2017-12-11T15:57:12+08:00 ] 127.0.0.1 /home
INFO: [ app_init ] --START--
INFO: Run Behavior\BuildLiteBehavior [ RunTime:0.000000s ]
INFO: [ app_init ] --END-- [ RunTime:0.000000s ]
INFO: [ app_begin ] --START--
INFO: Run Behavior\ReadHtmlCacheBehavior [ RunTime:0.000000s ]
INFO: [ app_begin ] --END-- [ RunTime:0.000000s ]
ERR: 无法加载控制器:Home

[ 2017-12-11T15:57:24+08:00 ] 127.0.0.1 /index
INFO: [ app_init ] --START--
INFO: Run Behavior\BuildLiteBehavior [ RunTime:0.000000s ]
INFO: [ app_init ] --END-- [ RunTime:0.000000s ]
INFO: [ app_begin ] --START--
INFO: Run Behavior\ReadHtmlCacheBehavior [ RunTime:0.000000s ]
INFO: [ app_begin ] --END-- [ RunTime:0.000000s ]
SQL: SHOW COLUMNS FROM `region` [ RunTime:0.0410s ]
SQL: SELECT `region_id`,`region_name` FROM `region` WHERE ( level=1 )  [ RunTime:0.0090s ]
SQL: SHOW COLUMNS FROM `house_info` [ RunTime:0.0200s ]
SQL: SELECT `house_id`,`house_name` FROM `house_info`  [ RunTime:0.0160s ]
SQL: SELECT `region_id`,`region_name` FROM `region` WHERE ( level=1 )  [ RunTime:0.0260s ]
SQL: SHOW COLUMNS FROM `house_image` [ RunTime:0.0120s ]
SQL: SELECT b.house_id,a.image,b.house_name,b.build_type,b.dili,b.mix_mianji,b.max_mianji,b.last_time,b.decorate FROM house_image a left join house_info b ON a.house_id = b.house_id  WHERE ( a.img_class='face' )  [ RunTime:0.0280s ]
INFO: [ view_parse ] --START--
INFO: [ template_filter ] --START--
INFO: Run Behavior\ContentReplaceBehavior [ RunTime:0.001000s ]
INFO: [ template_filter ] --END-- [ RunTime:0.001000s ]
INFO: Run Behavior\ParseTemplateBehavior [ RunTime:0.011000s ]
INFO: [ view_parse ] --END-- [ RunTime:0.012000s ]
INFO: [ view_filter ] --START--
INFO: Run Behavior\WriteHtmlCacheBehavior [ RunTime:0.001000s ]
INFO: [ view_filter ] --END-- [ RunTime:0.001000s ]
INFO: [ app_end ] --START--
INFO: Run Behavior\ShowPageTraceBehavior [ RunTime:0.001000s ]
INFO: [ app_end ] --END-- [ RunTime:0.001000s ]

[ 2017-12-11T16:01:17+08:00 ] 127.0.0.1 /m
INFO: [ app_init ] --START--
INFO: Run Behavior\BuildLiteBehavior [ RunTime:0.000000s ]
INFO: [ app_init ] --END-- [ RunTime:0.001000s ]
INFO: [ app_begin ] --START--
INFO: Run Behavior\ReadHtmlCacheBehavior [ RunTime:0.001000s ]
INFO: [ app_begin ] --END-- [ RunTime:0.001000s ]
ERR: 无法加载控制器:M

[ 2017-12-11T16:01:29+08:00 ] 127.0.0.1 /index
INFO: [ app_init ] --START--
INFO: Run Behavior\BuildLiteBehavior [ RunTime:0.000000s ]
INFO: [ app_init ] --END-- [ RunTime:0.001000s ]
INFO: [ app_begin ] --START--
INFO: Run Behavior\ReadHtmlCacheBehavior [ RunTime:0.000000s ]
INFO: [ app_begin ] --END-- [ RunTime:0.000000s ]
SQL: SHOW COLUMNS FROM `region` [ RunTime:0.0110s ]
SQL: SELECT `region_id`,`region_name` FROM `region` WHERE ( level=1 )  [ RunTime:0.0090s ]
SQL: SHOW COLUMNS FROM `house_info` [ RunTime:0.0100s ]
SQL: SELECT `house_id`,`house_name` FROM `house_info`  [ RunTime:0.0120s ]
SQL: SELECT `region_id`,`region_name` FROM `region` WHERE ( level=1 )  [ RunTime:0.0150s ]
SQL: SHOW COLUMNS FROM `house_image` [ RunTime:0.0090s ]
SQL: SELECT b.house_id,a.image,b.house_name,b.build_type,b.dili,b.mix_mianji,b.max_mianji,b.last_time,b.decorate FROM house_image a left join house_info b ON a.house_id = b.house_id  WHERE ( a.img_class='face' )  [ RunTime:0.0160s ]
INFO: [ view_parse ] --START--
INFO: [ template_filter ] --START--
INFO: Run Behavior\ContentReplaceBehavior [ RunTime:0.001000s ]
INFO: [ template_filter ] --END-- [ RunTime:0.001000s ]
INFO: Run Behavior\ParseTemplateBehavior [ RunTime:0.023000s ]
INFO: [ view_parse ] --END-- [ RunTime:0.023000s ]
INFO: [ view_filter ] --START--
INFO: Run Behavior\WriteHtmlCacheBehavior [ RunTime:0.001000s ]
INFO: [ view_filter ] --END-- [ RunTime:0.001000s ]
INFO: [ app_end ] --START--
INFO: Run Behavior\ShowPageTraceBehavior [ RunTime:0.000000s ]
INFO: [ app_end ] --END-- [ RunTime:0.000000s ]

[ 2017-12-11T16:07:53+08:00 ] 127.0.0.1 /mobile
INFO: [ app_init ] --START--
INFO: Run Behavior\BuildLiteBehavior [ RunTime:0.000000s ]
INFO: [ app_init ] --END-- [ RunTime:0.000000s ]
INFO: [ app_begin ] --START--
INFO: Run Behavior\ReadHtmlCacheBehavior [ RunTime:0.001000s ]
INFO: [ app_begin ] --END-- [ RunTime:0.001000s ]
ERR: 无法加载控制器:Mobile

[ 2017-12-11T16:08:18+08:00 ] 127.0.0.1 /mobile/index/index
INFO: [ app_init ] --START--
INFO: Run Behavior\BuildLiteBehavior [ RunTime:0.000000s ]
INFO: [ app_init ] --END-- [ RunTime:0.000000s ]
INFO: [ app_begin ] --START--
INFO: Run Behavior\ReadHtmlCacheBehavior [ RunTime:0.000000s ]
INFO: [ app_begin ] --END-- [ RunTime:0.000000s ]
ERR: 无法加载控制器:Mobile

[ 2017-12-11T16:08:31+08:00 ] 127.0.0.1 /home
INFO: [ app_init ] --START--
INFO: Run Behavior\BuildLiteBehavior [ RunTime:0.000000s ]
INFO: [ app_init ] --END-- [ RunTime:0.000000s ]
INFO: [ app_begin ] --START--
INFO: Run Behavior\ReadHtmlCacheBehavior [ RunTime:0.015600s ]
INFO: [ app_begin ] --END-- [ RunTime:0.015600s ]
ERR: 无法加载控制器:Home

[ 2017-12-11T16:08:36+08:00 ] 127.0.0.1 /back
INFO: [ app_init ] --START--
INFO: Run Behavior\BuildLiteBehavior [ RunTime:0.000000s ]
INFO: [ app_init ] --END-- [ RunTime:0.000000s ]
INFO: [ app_begin ] --START--
INFO: Run Behavior\ReadHtmlCacheBehavior [ RunTime:0.000000s ]
INFO: [ app_begin ] --END-- [ RunTime:0.000000s ]
ERR: 无法加载控制器:Back

[ 2017-12-11T16:08:42+08:00 ] 127.0.0.1 /
INFO: [ app_init ] --START--
INFO: Run Behavior\BuildLiteBehavior [ RunTime:0.000000s ]
INFO: [ app_init ] --END-- [ RunTime:0.000000s ]
INFO: [ app_begin ] --START--
INFO: Run Behavior\ReadHtmlCacheBehavior [ RunTime:0.000000s ]
INFO: [ app_begin ] --END-- [ RunTime:0.000000s ]
SQL: SHOW COLUMNS FROM `region` [ RunTime:0.0100s ]
SQL: SELECT `region_id`,`region_name` FROM `region` WHERE ( level=1 )  [ RunTime:0.0130s ]
SQL: SHOW COLUMNS FROM `house_info` [ RunTime:0.0170s ]
SQL: SELECT `house_id`,`house_name` FROM `house_info`  [ RunTime:0.0100s ]
SQL: SELECT `region_id`,`region_name` FROM `region` WHERE ( level=1 )  [ RunTime:0.0150s ]
SQL: SHOW COLUMNS FROM `house_image` [ RunTime:0.0170s ]
SQL: SELECT b.house_id,a.image,b.house_name,b.build_type,b.dili,b.mix_mianji,b.max_mianji,b.last_time,b.decorate FROM house_image a left join house_info b ON a.house_id = b.house_id  WHERE ( a.img_class='face' )  [ RunTime:0.0150s ]
INFO: [ view_parse ] --START--
INFO: [ template_filter ] --START--
INFO: Run Behavior\ContentReplaceBehavior [ RunTime:0.000000s ]
INFO: [ template_filter ] --END-- [ RunTime:0.000000s ]
INFO: Run Behavior\ParseTemplateBehavior [ RunTime:0.025000s ]
INFO: [ view_parse ] --END-- [ RunTime:0.026000s ]
INFO: [ view_filter ] --START--
INFO: Run Behavior\WriteHtmlCacheBehavior [ RunTime:0.000000s ]
INFO: [ view_filter ] --END-- [ RunTime:0.000000s ]
INFO: [ app_end ] --START--
INFO: Run Behavior\ShowPageTraceBehavior [ RunTime:0.001000s ]
INFO: [ app_end ] --END-- [ RunTime:0.001000s ]

[ 2017-12-11T16:08:46+08:00 ] 127.0.0.1 /home
INFO: [ app_init ] --START--
INFO: Run Behavior\BuildLiteBehavior [ RunTime:0.000000s ]
INFO: [ app_init ] --END-- [ RunTime:0.000000s ]
INFO: [ app_begin ] --START--
INFO: Run Behavior\ReadHtmlCacheBehavior [ RunTime:0.000000s ]
INFO: [ app_begin ] --END-- [ RunTime:0.000000s ]
ERR: 无法加载控制器:Home

[ 2017-12-11T16:08:53+08:00 ] 127.0.0.1 /index
INFO: [ app_init ] --START--
INFO: Run Behavior\BuildLiteBehavior [ RunTime:0.000000s ]
INFO: [ app_init ] --END-- [ RunTime:0.000000s ]
INFO: [ app_begin ] --START--
INFO: Run Behavior\ReadHtmlCacheBehavior [ RunTime:0.000000s ]
INFO: [ app_begin ] --END-- [ RunTime:0.000000s ]
SQL: SHOW COLUMNS FROM `region` [ RunTime:0.0080s ]
SQL: SELECT `region_id`,`region_name` FROM `region` WHERE ( level=1 )  [ RunTime:0.0070s ]
SQL: SHOW COLUMNS FROM `house_info` [ RunTime:0.0080s ]
SQL: SELECT `house_id`,`house_name` FROM `house_info`  [ RunTime:0.0130s ]
SQL: SELECT `region_id`,`region_name` FROM `region` WHERE ( level=1 )  [ RunTime:0.0070s ]
SQL: SHOW COLUMNS FROM `house_image` [ RunTime:0.0080s ]
SQL: SELECT b.house_id,a.image,b.house_name,b.build_type,b.dili,b.mix_mianji,b.max_mianji,b.last_time,b.decorate FROM house_image a left join house_info b ON a.house_id = b.house_id  WHERE ( a.img_class='face' )  [ RunTime:0.0150s ]
INFO: [ view_parse ] --START--
INFO: [ template_filter ] --START--
INFO: Run Behavior\ContentReplaceBehavior [ RunTime:0.000000s ]
INFO: [ template_filter ] --END-- [ RunTime:0.001000s ]
INFO: Run Behavior\ParseTemplateBehavior [ RunTime:0.025000s ]
INFO: [ view_parse ] --END-- [ RunTime:0.025000s ]
INFO: [ view_filter ] --START--
INFO: Run Behavior\WriteHtmlCacheBehavior [ RunTime:0.000000s ]
INFO: [ view_filter ] --END-- [ RunTime:0.001000s ]
INFO: [ app_end ] --START--
INFO: Run Behavior\ShowPageTraceBehavior [ RunTime:0.001000s ]
INFO: [ app_end ] --END-- [ RunTime:0.001000s ]

[ 2017-12-11T16:09:46+08:00 ] 127.0.0.1 /mobile
INFO: [ app_init ] --START--
INFO: Run Behavior\BuildLiteBehavior [ RunTime:0.000000s ]
INFO: [ app_init ] --END-- [ RunTime:0.000000s ]
INFO: [ app_begin ] --START--
INFO: Run Behavior\ReadHtmlCacheBehavior [ RunTime:0.000000s ]
INFO: [ app_begin ] --END-- [ RunTime:0.000000s ]
ERR: 无法加载控制器:Mobile

[ 2017-12-11T16:10:25+08:00 ] 127.0.0.1 /mobile.php/index
INFO: [ app_init ] --START--
INFO: Run Behavior\BuildLiteBehavior [ RunTime:0.000000s ]
INFO: [ app_init ] --END-- [ RunTime:0.000000s ]
INFO: [ app_begin ] --START--
INFO: Run Behavior\ReadHtmlCacheBehavior [ RunTime:0.000000s ]
INFO: [ app_begin ] --END-- [ RunTime:0.000000s ]
SQL: SHOW COLUMNS FROM `region` [ RunTime:0.0090s ]
SQL: SELECT `region_id`,`region_name` FROM `region` WHERE ( level=1 )  [ RunTime:0.0090s ]
SQL: SHOW COLUMNS FROM `house_info` [ RunTime:0.0110s ]
SQL: SELECT `house_id`,`house_name` FROM `house_info`  [ RunTime:0.0140s ]
SQL: SELECT `region_id`,`region_name` FROM `region` WHERE ( level=1 )  [ RunTime:0.0090s ]
SQL: SHOW COLUMNS FROM `house_image` [ RunTime:0.0120s ]
SQL: SELECT b.house_id,a.image,b.house_name,b.build_type,b.dili,b.mix_mianji,b.max_mianji,b.last_time,b.decorate FROM house_image a left join house_info b ON a.house_id = b.house_id  WHERE ( a.img_class='face' )  [ RunTime:0.0150s ]
INFO: [ view_parse ] --START--
INFO: [ template_filter ] --START--
INFO: Run Behavior\ContentReplaceBehavior [ RunTime:0.000000s ]
INFO: [ template_filter ] --END-- [ RunTime:0.000000s ]
INFO: Run Behavior\ParseTemplateBehavior [ RunTime:0.022000s ]
INFO: [ view_parse ] --END-- [ RunTime:0.022000s ]
INFO: [ view_filter ] --START--
INFO: Run Behavior\WriteHtmlCacheBehavior [ RunTime:0.001000s ]
INFO: [ view_filter ] --END-- [ RunTime:0.001000s ]
INFO: [ app_end ] --START--
INFO: Run Behavior\ShowPageTraceBehavior [ RunTime:0.001000s ]
INFO: [ app_end ] --END-- [ RunTime:0.001000s ]

[ 2017-12-11T16:48:20+08:00 ] 127.0.0.1 /mobile
INFO: [ app_init ] --START--
INFO: Run Behavior\BuildLiteBehavior [ RunTime:0.000000s ]
INFO: [ app_init ] --END-- [ RunTime:0.000000s ]
INFO: [ app_begin ] --START--
INFO: Run Behavior\ReadHtmlCacheBehavior [ RunTime:0.001000s ]
INFO: [ app_begin ] --END-- [ RunTime:0.001000s ]
ERR: 无法加载控制器:Mobile

[ 2017-12-11T16:48:22+08:00 ] 127.0.0.1 /mobile
INFO: [ app_init ] --START--
INFO: Run Behavior\BuildLiteBehavior [ RunTime:0.000000s ]
INFO: [ app_init ] --END-- [ RunTime:0.000000s ]
INFO: [ app_begin ] --START--
INFO: Run Behavior\ReadHtmlCacheBehavior [ RunTime:0.000000s ]
INFO: [ app_begin ] --END-- [ RunTime:0.000000s ]
ERR: 无法加载控制器:Mobile

