[ 2017-11-06T10:42:55+08:00 ] 127.0.0.1 /favicon.ico
INFO: [ app_init ] --START--
INFO: Run Behavior\BuildLiteBehavior [ RunTime:0.000000s ]
INFO: [ app_init ] --END-- [ RunTime:0.000000s ]

[ 2017-11-06T10:43:02+08:00 ] 127.0.0.1 /
INFO: [ app_init ] --START--
INFO: Run Behavior\BuildLiteBehavior [ RunTime:0.000000s ]
INFO: [ app_init ] --END-- [ RunTime:0.000000s ]
INFO: [ app_begin ] --START--
INFO: Run Behavior\ReadHtmlCacheBehavior [ RunTime:0.001000s ]
INFO: [ app_begin ] --END-- [ RunTime:0.001000s ]
SQL: SHOW COLUMNS FROM `region` [ RunTime:0.0060s ]
SQL: SELECT `region_id`,`region_name` FROM `region` WHERE ( level=1 )  [ RunTime:0.0050s ]
SQL: SHOW COLUMNS FROM `house_info` [ RunTime:0.0060s ]
SQL: SELECT `house_id`,`house_name` FROM `house_info`  [ RunTime:0.0060s ]
SQL: SELECT `region_id`,`region_name` FROM `region` WHERE ( level=1 )  [ RunTime:0.0050s ]
SQL: SHOW COLUMNS FROM `house_image` [ RunTime:0.0060s ]
SQL: SELECT b.house_id,a.image,b.house_name,b.build_type,b.dili,b.mix_mianji,b.max_mianji,b.last_time,b.decorate FROM house_image a left join house_info b ON a.house_id = b.house_id  WHERE ( a.img_class='face' )  [ RunTime:0.0070s ]
INFO: [ view_parse ] --START--
INFO: [ template_filter ] --START--
INFO: Run Behavior\ContentReplaceBehavior [ RunTime:0.000000s ]
INFO: [ template_filter ] --END-- [ RunTime:0.000000s ]
INFO: Run Behavior\ParseTemplateBehavior [ RunTime:0.080000s ]
INFO: [ view_parse ] --END-- [ RunTime:0.081000s ]
INFO: [ view_filter ] --START--
INFO: Run Behavior\WriteHtmlCacheBehavior [ RunTime:0.000000s ]
INFO: [ view_filter ] --END-- [ RunTime:0.000000s ]
INFO: [ app_end ] --START--
INFO: Run Behavior\ShowPageTraceBehavior [ RunTime:0.001000s ]
INFO: [ app_end ] --END-- [ RunTime:0.001000s ]

[ 2017-11-06T10:43:13+08:00 ] 127.0.0.1 /index.php/Search/search
INFO: [ app_init ] --START--
INFO: Run Behavior\BuildLiteBehavior [ RunTime:0.000000s ]
INFO: [ app_init ] --END-- [ RunTime:0.000000s ]
INFO: [ app_begin ] --START--
INFO: Run Behavior\ReadHtmlCacheBehavior [ RunTime:0.001000s ]
INFO: [ app_begin ] --END-- [ RunTime:0.001000s ]
SQL: SHOW COLUMNS FROM `region` [ RunTime:0.0060s ]
SQL: SELECT `region_id`,`region_name` FROM `region` WHERE ( level=1 )  [ RunTime:0.0060s ]
SQL: SHOW COLUMNS FROM `house_info` [ RunTime:0.0070s ]
SQL: SELECT `house_id`,`house_name` FROM `house_info`  [ RunTime:0.0060s ]
SQL: SELECT `region_id`,`region_name` FROM `region` WHERE ( level=1 )  [ RunTime:0.0060s ]
NOTIC: [8] Undefined index: city E:\phpStudy\WWW\99xinfang\Application\Home\Controller\SearchController.class.php 第 13 行.
NOTIC: [8] Undefined index: next_city E:\phpStudy\WWW\99xinfang\Application\Home\Controller\SearchController.class.php 第 16 行.
NOTIC: [8] Undefined index: price E:\phpStudy\WWW\99xinfang\Application\Home\Controller\SearchController.class.php 第 20 行.
NOTIC: [8] Undefined index: lx E:\phpStudy\WWW\99xinfang\Application\Home\Controller\SearchController.class.php 第 24 行.
NOTIC: [8] Undefined index: mj E:\phpStudy\WWW\99xinfang\Application\Home\Controller\SearchController.class.php 第 28 行.
NOTIC: [8] Undefined index: xs E:\phpStudy\WWW\99xinfang\Application\Home\Controller\SearchController.class.php 第 32 行.
NOTIC: [8] Undefined index: jz E:\phpStudy\WWW\99xinfang\Application\Home\Controller\SearchController.class.php 第 36 行.
NOTIC: [8] Undefined index: guanjianzi E:\phpStudy\WWW\99xinfang\Application\Home\Controller\SearchController.class.php 第 42 行.
NOTIC: [8] Undefined index: id E:\phpStudy\WWW\99xinfang\Application\Home\Controller\SearchController.class.php 第 44 行.
SQL: SELECT COUNT(*) AS tp_count FROM `house_info` LIMIT 1   [ RunTime:0.0060s ]
SQL: SHOW COLUMNS FROM `house_image` [ RunTime:0.0070s ]
SQL: SELECT a.image,b.house_id,b.house_name,b.property_right,b.dili,b.mix_mianji,b.max_mianji,b.xiaoshou_zt,b.decorate,b.junjia,b.shoufu FROM house_image a left join house_info b ON a.house_id = b.house_id  WHERE ( a.img_class='face' ) LIMIT 0,4   [ RunTime:0.0070s ]
SQL: SELECT `region_id`,`region_name` FROM `region` WHERE ( level=2 )  [ RunTime:0.0060s ]
SQL: SELECT `region_id`,`region_name` FROM `region` WHERE ( level=3 )  [ RunTime:0.0060s ]
INFO: [ view_parse ] --START--
INFO: [ template_filter ] --START--
INFO: Run Behavior\ContentReplaceBehavior [ RunTime:0.001000s ]
INFO: [ template_filter ] --END-- [ RunTime:0.001000s ]
NOTIC: [8] Undefined index: city E:\phpStudy\WWW\99xinfang\Application\Runtime\Cache\Home\dc21e6da2e1dbcec494898213c16ba46.php 第 188 行.
NOTIC: [8] Undefined index: city E:\phpStudy\WWW\99xinfang\Application\Runtime\Cache\Home\dc21e6da2e1dbcec494898213c16ba46.php 第 188 行.
NOTIC: [8] Undefined index: city E:\phpStudy\WWW\99xinfang\Application\Runtime\Cache\Home\dc21e6da2e1dbcec494898213c16ba46.php 第 188 行.
NOTIC: [8] Undefined index: city E:\phpStudy\WWW\99xinfang\Application\Runtime\Cache\Home\dc21e6da2e1dbcec494898213c16ba46.php 第 188 行.
NOTIC: [8] Undefined index: city E:\phpStudy\WWW\99xinfang\Application\Runtime\Cache\Home\dc21e6da2e1dbcec494898213c16ba46.php 第 188 行.
NOTIC: [8] Undefined index: next_city E:\phpStudy\WWW\99xinfang\Application\Runtime\Cache\Home\dc21e6da2e1dbcec494898213c16ba46.php 第 200 行.
NOTIC: [8] Undefined index: next_city E:\phpStudy\WWW\99xinfang\Application\Runtime\Cache\Home\dc21e6da2e1dbcec494898213c16ba46.php 第 200 行.
NOTIC: [8] Undefined index: next_city E:\phpStudy\WWW\99xinfang\Application\Runtime\Cache\Home\dc21e6da2e1dbcec494898213c16ba46.php 第 200 行.
NOTIC: [8] Undefined index: next_city E:\phpStudy\WWW\99xinfang\Application\Runtime\Cache\Home\dc21e6da2e1dbcec494898213c16ba46.php 第 200 行.
NOTIC: [8] Undefined index: next_city E:\phpStudy\WWW\99xinfang\Application\Runtime\Cache\Home\dc21e6da2e1dbcec494898213c16ba46.php 第 200 行.
NOTIC: [8] Undefined index: next_city E:\phpStudy\WWW\99xinfang\Application\Runtime\Cache\Home\dc21e6da2e1dbcec494898213c16ba46.php 第 200 行.
NOTIC: [8] Undefined index: next_city E:\phpStudy\WWW\99xinfang\Application\Runtime\Cache\Home\dc21e6da2e1dbcec494898213c16ba46.php 第 200 行.
NOTIC: [8] Undefined index: next_city E:\phpStudy\WWW\99xinfang\Application\Runtime\Cache\Home\dc21e6da2e1dbcec494898213c16ba46.php 第 200 行.
NOTIC: [8] Undefined variable: list_house_info E:\phpStudy\WWW\99xinfang\Application\Runtime\Cache\Home\dc21e6da2e1dbcec494898213c16ba46.php 第 355 行.
INFO: Run Behavior\ParseTemplateBehavior [ RunTime:0.042000s ]
INFO: [ view_parse ] --END-- [ RunTime:0.042000s ]
INFO: [ view_filter ] --START--
INFO: Run Behavior\WriteHtmlCacheBehavior [ RunTime:0.001000s ]
INFO: [ view_filter ] --END-- [ RunTime:0.001000s ]
INFO: [ app_end ] --START--
INFO: Run Behavior\ShowPageTraceBehavior [ RunTime:0.000000s ]
INFO: [ app_end ] --END-- [ RunTime:0.000000s ]

[ 2017-11-06T10:43:18+08:00 ] 127.0.0.1 /index.php/Index/index
INFO: [ app_init ] --START--
INFO: Run Behavior\BuildLiteBehavior [ RunTime:0.000000s ]
INFO: [ app_init ] --END-- [ RunTime:0.000000s ]
INFO: [ app_begin ] --START--
INFO: Run Behavior\ReadHtmlCacheBehavior [ RunTime:0.001000s ]
INFO: [ app_begin ] --END-- [ RunTime:0.001000s ]
SQL: SHOW COLUMNS FROM `region` [ RunTime:0.0050s ]
SQL: SELECT `region_id`,`region_name` FROM `region` WHERE ( level=1 )  [ RunTime:0.0040s ]
SQL: SHOW COLUMNS FROM `house_info` [ RunTime:0.0050s ]
SQL: SELECT `house_id`,`house_name` FROM `house_info`  [ RunTime:0.0050s ]
SQL: SELECT `region_id`,`region_name` FROM `region` WHERE ( level=1 )  [ RunTime:0.0050s ]
SQL: SHOW COLUMNS FROM `house_image` [ RunTime:0.0050s ]
SQL: SELECT b.house_id,a.image,b.house_name,b.build_type,b.dili,b.mix_mianji,b.max_mianji,b.last_time,b.decorate FROM house_image a left join house_info b ON a.house_id = b.house_id  WHERE ( a.img_class='face' )  [ RunTime:0.0070s ]
INFO: [ view_parse ] --START--
INFO: [ template_filter ] --START--
INFO: Run Behavior\ContentReplaceBehavior [ RunTime:0.000000s ]
INFO: [ template_filter ] --END-- [ RunTime:0.000000s ]
INFO: Run Behavior\ParseTemplateBehavior [ RunTime:0.027000s ]
INFO: [ view_parse ] --END-- [ RunTime:0.027000s ]
INFO: [ view_filter ] --START--
INFO: Run Behavior\WriteHtmlCacheBehavior [ RunTime:0.000000s ]
INFO: [ view_filter ] --END-- [ RunTime:0.000000s ]
INFO: [ app_end ] --START--
INFO: Run Behavior\ShowPageTraceBehavior [ RunTime:0.000000s ]
INFO: [ app_end ] --END-- [ RunTime:0.001000s ]

[ 2017-11-06T10:43:21+08:00 ] 127.0.0.1 /index.php/Loupan/detail?id=1
INFO: [ app_init ] --START--
INFO: Run Behavior\BuildLiteBehavior [ RunTime:0.000000s ]
INFO: [ app_init ] --END-- [ RunTime:0.001000s ]
INFO: [ app_begin ] --START--
INFO: Run Behavior\ReadHtmlCacheBehavior [ RunTime:0.001000s ]
INFO: [ app_begin ] --END-- [ RunTime:0.001000s ]
SQL: SHOW COLUMNS FROM `region` [ RunTime:0.0050s ]
SQL: SELECT `region_id`,`region_name` FROM `region` WHERE ( level=1 )  [ RunTime:0.0050s ]
SQL: SHOW COLUMNS FROM `house_info` [ RunTime:0.0060s ]
SQL: SELECT `house_id`,`house_name` FROM `house_info`  [ RunTime:0.0050s ]
SQL: SELECT `region_id`,`region_name` FROM `region` WHERE ( level=1 )  [ RunTime:0.0050s ]
NOTIC: [2] Missing argument 1 for Think\Model::field(), called in E:\phpStudy\WWW\99xinfang\Application\Home\Controller\LoupanController.class.php on line 15 and defined E:\phpStudy\WWW\99xinfang\ThinkPHP\Library\Think\Model.class.php 第 1740 行.
NOTIC: [8] Undefined variable: field E:\phpStudy\WWW\99xinfang\ThinkPHP\Library\Think\Model.class.php 第 1741 行.
NOTIC: [8] Undefined variable: field E:\phpStudy\WWW\99xinfang\ThinkPHP\Library\Think\Model.class.php 第 1751 行.
SQL: SELECT * FROM `house_info` WHERE `house_id` = '1' LIMIT 1   [ RunTime:0.0070s ]
SQL: SHOW COLUMNS FROM `house_image` [ RunTime:0.0050s ]
NOTIC: [2] Missing argument 1 for Think\Model::field(), called in E:\phpStudy\WWW\99xinfang\Application\Home\Controller\LoupanController.class.php on line 24 and defined E:\phpStudy\WWW\99xinfang\ThinkPHP\Library\Think\Model.class.php 第 1740 行.
NOTIC: [8] Undefined variable: field E:\phpStudy\WWW\99xinfang\ThinkPHP\Library\Think\Model.class.php 第 1741 行.
NOTIC: [8] Undefined variable: field E:\phpStudy\WWW\99xinfang\ThinkPHP\Library\Think\Model.class.php 第 1751 行.
SQL: SELECT * FROM `house_image` WHERE `house_id` = '1' AND `img_face` = 1  [ RunTime:0.0050s ]
SQL: SELECT `image`,`img_class` FROM `house_image` WHERE `house_id` = '1'  [ RunTime:0.0060s ]
SQL: SELECT b.house_id,a.image,b.house_name,b.junjia,b.mix_mianji,b.max_mianji,b.shoufu,b.tel FROM house_image a left join house_info b ON a.house_id = b.house_id  WHERE ( a.img_class='face' )  [ RunTime:0.0070s ]
SQL: SHOW COLUMNS FROM `house_hximg` [ RunTime:0.0060s ]
SQL: SELECT b.*,hx.* FROM house_hximg hx left join house_info b ON hx.house_id = b.house_id   [ RunTime:0.0070s ]
INFO: [ view_parse ] --START--
INFO: [ template_filter ] --START--
INFO: Run Behavior\ContentReplaceBehavior [ RunTime:0.000000s ]
INFO: [ template_filter ] --END-- [ RunTime:0.001000s ]
NOTIC: [8] Use of undefined constant xgt - assumed 'xgt' E:\phpStudy\WWW\99xinfang\Application\Runtime\Cache\Home\0051c331f7e524eb51b2681a8245b3e9.php 第 186 行.
NOTIC: [8] Use of undefined constant ybj - assumed 'ybj' E:\phpStudy\WWW\99xinfang\Application\Runtime\Cache\Home\0051c331f7e524eb51b2681a8245b3e9.php 第 186 行.
NOTIC: [8] Use of undefined constant sjt - assumed 'sjt' E:\phpStudy\WWW\99xinfang\Application\Runtime\Cache\Home\0051c331f7e524eb51b2681a8245b3e9.php 第 186 行.
NOTIC: [8] Use of undefined constant ptt - assumed 'ptt' E:\phpStudy\WWW\99xinfang\Application\Runtime\Cache\Home\0051c331f7e524eb51b2681a8245b3e9.php 第 186 行.
NOTIC: [8] Use of undefined constant xgt - assumed 'xgt' E:\phpStudy\WWW\99xinfang\Application\Runtime\Cache\Home\0051c331f7e524eb51b2681a8245b3e9.php 第 186 行.
NOTIC: [8] Use of undefined constant ybj - assumed 'ybj' E:\phpStudy\WWW\99xinfang\Application\Runtime\Cache\Home\0051c331f7e524eb51b2681a8245b3e9.php 第 186 行.
NOTIC: [8] Use of undefined constant sjt - assumed 'sjt' E:\phpStudy\WWW\99xinfang\Application\Runtime\Cache\Home\0051c331f7e524eb51b2681a8245b3e9.php 第 186 行.
NOTIC: [8] Use of undefined constant ptt - assumed 'ptt' E:\phpStudy\WWW\99xinfang\Application\Runtime\Cache\Home\0051c331f7e524eb51b2681a8245b3e9.php 第 186 行.
NOTIC: [8] Use of undefined constant xgt - assumed 'xgt' E:\phpStudy\WWW\99xinfang\Application\Runtime\Cache\Home\0051c331f7e524eb51b2681a8245b3e9.php 第 186 行.
NOTIC: [8] Use of undefined constant ybj - assumed 'ybj' E:\phpStudy\WWW\99xinfang\Application\Runtime\Cache\Home\0051c331f7e524eb51b2681a8245b3e9.php 第 186 行.
NOTIC: [8] Use of undefined constant sjt - assumed 'sjt' E:\phpStudy\WWW\99xinfang\Application\Runtime\Cache\Home\0051c331f7e524eb51b2681a8245b3e9.php 第 186 行.
NOTIC: [8] Use of undefined constant ptt - assumed 'ptt' E:\phpStudy\WWW\99xinfang\Application\Runtime\Cache\Home\0051c331f7e524eb51b2681a8245b3e9.php 第 186 行.
NOTIC: [8] Use of undefined constant xgt - assumed 'xgt' E:\phpStudy\WWW\99xinfang\Application\Runtime\Cache\Home\0051c331f7e524eb51b2681a8245b3e9.php 第 186 行.
NOTIC: [8] Use of undefined constant ybj - assumed 'ybj' E:\phpStudy\WWW\99xinfang\Application\Runtime\Cache\Home\0051c331f7e524eb51b2681a8245b3e9.php 第 186 行.
NOTIC: [8] Use of undefined constant sjt - assumed 'sjt' E:\phpStudy\WWW\99xinfang\Application\Runtime\Cache\Home\0051c331f7e524eb51b2681a8245b3e9.php 第 186 行.
NOTIC: [8] Use of undefined constant ptt - assumed 'ptt' E:\phpStudy\WWW\99xinfang\Application\Runtime\Cache\Home\0051c331f7e524eb51b2681a8245b3e9.php 第 186 行.
INFO: Run Behavior\ParseTemplateBehavior [ RunTime:0.048000s ]
INFO: [ view_parse ] --END-- [ RunTime:0.048000s ]
INFO: [ view_filter ] --START--
INFO: Run Behavior\WriteHtmlCacheBehavior [ RunTime:0.000000s ]
INFO: [ view_filter ] --END-- [ RunTime:0.000000s ]
INFO: [ app_end ] --START--
INFO: Run Behavior\ShowPageTraceBehavior [ RunTime:0.001000s ]
INFO: [ app_end ] --END-- [ RunTime:0.001000s ]

