[ 2017-12-23T10:55:32+08:00 ] 127.0.0.1 /favicon.ico
INFO: [ app_init ] --START--
INFO: Run Behavior\BuildLiteBehavior [ RunTime:0.000000s ]
INFO: [ app_init ] --END-- [ RunTime:0.000000s ]

[ 2017-12-23T11:08:16+08:00 ] 127.0.0.1 /
INFO: [ app_init ] --START--
INFO: Run Behavior\BuildLiteBehavior [ RunTime:0.000000s ]
INFO: [ app_init ] --END-- [ RunTime:0.000000s ]
INFO: [ app_begin ] --START--
INFO: Run Behavior\ReadHtmlCacheBehavior [ RunTime:0.001000s ]
INFO: [ app_begin ] --END-- [ RunTime:0.001000s ]
SQL: SHOW COLUMNS FROM `region` [ RunTime:0.0050s ]
SQL: SELECT `region_id`,`region_name` FROM `region` WHERE ( level=1 )  [ RunTime:0.0050s ]
SQL: SHOW COLUMNS FROM `house_info` [ RunTime:0.0060s ]
SQL: SELECT `house_id`,`house_name` FROM `house_info`  [ RunTime:0.0060s ]
SQL: SELECT `region_id`,`region_name` FROM `region` WHERE ( level=1 )  [ RunTime:0.0060s ]
SQL: SHOW COLUMNS FROM `house_image` [ RunTime:0.0060s ]
SQL: SELECT b.house_id,a.image,b.house_name,b.build_type,b.dili,b.mix_mianji,b.max_mianji,b.last_time,b.decorate FROM house_image a left join house_info b ON a.house_id = b.house_id  WHERE ( a.img_class='face' )  [ RunTime:0.0060s ]
INFO: [ view_parse ] --START--
INFO: [ template_filter ] --START--
INFO: Run Behavior\ContentReplaceBehavior [ RunTime:0.001000s ]
INFO: [ template_filter ] --END-- [ RunTime:0.001000s ]
INFO: Run Behavior\ParseTemplateBehavior [ RunTime:0.076000s ]
INFO: [ view_parse ] --END-- [ RunTime:0.076000s ]
INFO: [ view_filter ] --START--
INFO: Run Behavior\WriteHtmlCacheBehavior [ RunTime:0.000000s ]
INFO: [ view_filter ] --END-- [ RunTime:0.000000s ]
INFO: [ app_end ] --START--
INFO: Run Behavior\ShowPageTraceBehavior [ RunTime:0.002000s ]
INFO: [ app_end ] --END-- [ RunTime:0.002000s ]

[ 2017-12-23T13:12:33+08:00 ] 127.0.0.1 /
INFO: [ app_init ] --START--
INFO: Run Behavior\BuildLiteBehavior [ RunTime:0.000000s ]
INFO: [ app_init ] --END-- [ RunTime:0.012000s ]
INFO: [ app_begin ] --START--
INFO: Run Behavior\ReadHtmlCacheBehavior [ RunTime:0.002000s ]
INFO: [ app_begin ] --END-- [ RunTime:0.002000s ]
SQL: SHOW COLUMNS FROM `region` [ RunTime:0.0060s ]
SQL: SELECT `region_id`,`region_name` FROM `region` WHERE ( level=1 )  [ RunTime:0.0050s ]
SQL: SHOW COLUMNS FROM `house_info` [ RunTime:0.0060s ]
SQL: SELECT `house_id`,`house_name` FROM `house_info`  [ RunTime:0.0060s ]
SQL: SELECT `region_id`,`region_name` FROM `region` WHERE ( level=1 )  [ RunTime:0.0050s ]
SQL: SHOW COLUMNS FROM `house_image` [ RunTime:0.0050s ]
SQL: SELECT b.house_id,a.image,b.house_name,b.build_type,b.dili,b.mix_mianji,b.max_mianji,b.last_time,b.decorate FROM house_image a left join house_info b ON a.house_id = b.house_id  WHERE ( a.img_class='face' )  [ RunTime:0.0050s ]
INFO: [ view_parse ] --START--
INFO: [ template_filter ] --START--
INFO: Run Behavior\ContentReplaceBehavior [ RunTime:0.000000s ]
INFO: [ template_filter ] --END-- [ RunTime:0.000000s ]
INFO: Run Behavior\ParseTemplateBehavior [ RunTime:0.105000s ]
INFO: [ view_parse ] --END-- [ RunTime:0.105000s ]
INFO: [ view_filter ] --START--
INFO: Run Behavior\WriteHtmlCacheBehavior [ RunTime:0.005000s ]
INFO: [ view_filter ] --END-- [ RunTime:0.005000s ]
INFO: [ app_end ] --START--
INFO: Run Behavior\ShowPageTraceBehavior [ RunTime:0.006000s ]
INFO: [ app_end ] --END-- [ RunTime:0.007000s ]

[ 2017-12-23T13:12:35+08:00 ] 127.0.0.1 /favicon.ico
INFO: [ app_init ] --START--
INFO: Run Behavior\BuildLiteBehavior [ RunTime:0.001000s ]
INFO: [ app_init ] --END-- [ RunTime:0.001000s ]

[ 2017-12-23T13:54:02+08:00 ] 127.0.0.1 /Home/search/search?
INFO: [ app_init ] --START--
INFO: Run Behavior\BuildLiteBehavior [ RunTime:0.000000s ]
INFO: [ app_init ] --END-- [ RunTime:0.001000s ]
INFO: [ app_begin ] --START--
INFO: Run Behavior\ReadHtmlCacheBehavior [ RunTime:0.000000s ]
INFO: [ app_begin ] --END-- [ RunTime:0.000000s ]
ERR: 无法加载控制器:Home

[ 2017-12-23T13:54:26+08:00 ] 127.0.0.1 /Home/search/search?
INFO: [ app_init ] --START--
INFO: Run Behavior\BuildLiteBehavior [ RunTime:0.000000s ]
INFO: [ app_init ] --END-- [ RunTime:0.001000s ]
INFO: [ app_begin ] --START--
INFO: Run Behavior\ReadHtmlCacheBehavior [ RunTime:0.001000s ]
INFO: [ app_begin ] --END-- [ RunTime:0.002000s ]
ERR: 无法加载控制器:Home

[ 2017-12-23T13:56:21+08:00 ] 127.0.0.1 /Mobile/search/search?
INFO: [ app_init ] --START--
INFO: Run Behavior\BuildLiteBehavior [ RunTime:0.000000s ]
INFO: [ app_init ] --END-- [ RunTime:0.001000s ]
INFO: [ app_begin ] --START--
INFO: Run Behavior\ReadHtmlCacheBehavior [ RunTime:0.001000s ]
INFO: [ app_begin ] --END-- [ RunTime:0.001000s ]
ERR: 无法加载控制器:Mobile

[ 2017-12-23T13:59:10+08:00 ] 127.0.0.1 /__MODEL__/search/search?
INFO: [ app_init ] --START--
INFO: Run Behavior\BuildLiteBehavior [ RunTime:0.000000s ]
INFO: [ app_init ] --END-- [ RunTime:0.001000s ]
INFO: [ app_begin ] --START--
INFO: Run Behavior\ReadHtmlCacheBehavior [ RunTime:0.001000s ]
INFO: [ app_begin ] --END-- [ RunTime:0.001000s ]
ERR: 无法加载控制器:__MODEL__

[ 2017-12-23T14:11:50+08:00 ] 127.0.0.1 /Public/mobile/js/maps/swiper.min.js.map
INFO: [ app_init ] --START--
INFO: Run Behavior\BuildLiteBehavior [ RunTime:0.000000s ]
INFO: [ app_init ] --END-- [ RunTime:0.001000s ]
INFO: [ app_begin ] --START--
INFO: Run Behavior\ReadHtmlCacheBehavior [ RunTime:0.000000s ]
INFO: [ app_begin ] --END-- [ RunTime:0.000000s ]
ERR: 无法加载控制器:Public

[ 2017-12-23T14:12:23+08:00 ] 127.0.0.1 /Public/mobile/js/maps/swiper.min.js.map
INFO: [ app_init ] --START--
INFO: Run Behavior\BuildLiteBehavior [ RunTime:0.000000s ]
INFO: [ app_init ] --END-- [ RunTime:0.001000s ]
INFO: [ app_begin ] --START--
INFO: Run Behavior\ReadHtmlCacheBehavior [ RunTime:0.001000s ]
INFO: [ app_begin ] --END-- [ RunTime:0.001000s ]
ERR: 无法加载控制器:Public

[ 2017-12-23T14:12:31+08:00 ] 127.0.0.1 /Public/mobile/js/maps/swiper.min.js.map
INFO: [ app_init ] --START--
INFO: Run Behavior\BuildLiteBehavior [ RunTime:0.000000s ]
INFO: [ app_init ] --END-- [ RunTime:0.001000s ]
INFO: [ app_begin ] --START--
INFO: Run Behavior\ReadHtmlCacheBehavior [ RunTime:0.001000s ]
INFO: [ app_begin ] --END-- [ RunTime:0.001000s ]
ERR: 无法加载控制器:Public

[ 2017-12-23T14:12:36+08:00 ] 127.0.0.1 /Public/mobile/js/maps/swiper.min.js.map
INFO: [ app_init ] --START--
INFO: Run Behavior\BuildLiteBehavior [ RunTime:0.000000s ]
INFO: [ app_init ] --END-- [ RunTime:0.000000s ]
INFO: [ app_begin ] --START--
INFO: Run Behavior\ReadHtmlCacheBehavior [ RunTime:0.000000s ]
INFO: [ app_begin ] --END-- [ RunTime:0.001000s ]
ERR: 无法加载控制器:Public

[ 2017-12-23T14:14:23+08:00 ] 127.0.0.1 /Public/mobile/js/maps/swiper.min.js.map
INFO: [ app_init ] --START--
INFO: Run Behavior\BuildLiteBehavior [ RunTime:0.000000s ]
INFO: [ app_init ] --END-- [ RunTime:0.001000s ]
INFO: [ app_begin ] --START--
INFO: Run Behavior\ReadHtmlCacheBehavior [ RunTime:0.001000s ]
INFO: [ app_begin ] --END-- [ RunTime:0.001000s ]
ERR: 无法加载控制器:Public

[ 2017-12-23T14:14:59+08:00 ] 127.0.0.1 /Public/mobile/js/maps/swiper.min.js.map
INFO: [ app_init ] --START--
INFO: Run Behavior\BuildLiteBehavior [ RunTime:0.000000s ]
INFO: [ app_init ] --END-- [ RunTime:0.000000s ]
INFO: [ app_begin ] --START--
INFO: Run Behavior\ReadHtmlCacheBehavior [ RunTime:0.000000s ]
INFO: [ app_begin ] --END-- [ RunTime:0.000000s ]
ERR: 无法加载控制器:Public

[ 2017-12-23T14:15:00+08:00 ] 127.0.0.1 /Public/mobile/js/maps/swiper.min.js.map
INFO: [ app_init ] --START--
INFO: Run Behavior\BuildLiteBehavior [ RunTime:0.000000s ]
INFO: [ app_init ] --END-- [ RunTime:0.000000s ]
INFO: [ app_begin ] --START--
INFO: Run Behavior\ReadHtmlCacheBehavior [ RunTime:0.000000s ]
INFO: [ app_begin ] --END-- [ RunTime:0.000000s ]
ERR: 无法加载控制器:Public

[ 2017-12-23T14:16:19+08:00 ] 127.0.0.1 /Public/mobile/js/maps/swiper.min.js.map
INFO: [ app_init ] --START--
INFO: Run Behavior\BuildLiteBehavior [ RunTime:0.000000s ]
INFO: [ app_init ] --END-- [ RunTime:0.000000s ]
INFO: [ app_begin ] --START--
INFO: Run Behavior\ReadHtmlCacheBehavior [ RunTime:0.000000s ]
INFO: [ app_begin ] --END-- [ RunTime:0.000000s ]
ERR: 无法加载控制器:Public

[ 2017-12-23T14:16:34+08:00 ] 127.0.0.1 /Public/mobile/js/maps/swiper.min.js.map
INFO: [ app_init ] --START--
INFO: Run Behavior\BuildLiteBehavior [ RunTime:0.000000s ]
INFO: [ app_init ] --END-- [ RunTime:0.000000s ]
INFO: [ app_begin ] --START--
INFO: Run Behavior\ReadHtmlCacheBehavior [ RunTime:0.000000s ]
INFO: [ app_begin ] --END-- [ RunTime:0.000000s ]
ERR: 无法加载控制器:Public

[ 2017-12-23T14:17:45+08:00 ] 127.0.0.1 /Public/mobile/js/maps/swiper.min.js.map
INFO: [ app_init ] --START--
INFO: Run Behavior\BuildLiteBehavior [ RunTime:0.000000s ]
INFO: [ app_init ] --END-- [ RunTime:0.000000s ]
INFO: [ app_begin ] --START--
INFO: Run Behavior\ReadHtmlCacheBehavior [ RunTime:0.000000s ]
INFO: [ app_begin ] --END-- [ RunTime:0.001000s ]
ERR: 无法加载控制器:Public

[ 2017-12-23T14:19:23+08:00 ] 127.0.0.1 /Public/mobile/js/maps/swiper.min.js.map
INFO: [ app_init ] --START--
INFO: Run Behavior\BuildLiteBehavior [ RunTime:0.000000s ]
INFO: [ app_init ] --END-- [ RunTime:0.001000s ]
INFO: [ app_begin ] --START--
INFO: Run Behavior\ReadHtmlCacheBehavior [ RunTime:0.000000s ]
INFO: [ app_begin ] --END-- [ RunTime:0.001000s ]
ERR: 无法加载控制器:Public

[ 2017-12-23T14:20:57+08:00 ] 127.0.0.1 /Public/mobile/js/maps/swiper.min.js.map
INFO: [ app_init ] --START--
INFO: Run Behavior\BuildLiteBehavior [ RunTime:0.000000s ]
INFO: [ app_init ] --END-- [ RunTime:0.000000s ]
INFO: [ app_begin ] --START--
INFO: Run Behavior\ReadHtmlCacheBehavior [ RunTime:0.000000s ]
INFO: [ app_begin ] --END-- [ RunTime:0.000000s ]
ERR: 无法加载控制器:Public

[ 2017-12-23T14:21:15+08:00 ] 127.0.0.1 /Public/mobile/js/maps/swiper.min.js.map
INFO: [ app_init ] --START--
INFO: Run Behavior\BuildLiteBehavior [ RunTime:0.000000s ]
INFO: [ app_init ] --END-- [ RunTime:0.000000s ]
INFO: [ app_begin ] --START--
INFO: Run Behavior\ReadHtmlCacheBehavior [ RunTime:0.001000s ]
INFO: [ app_begin ] --END-- [ RunTime:0.001000s ]
ERR: 无法加载控制器:Public

[ 2017-12-23T14:22:48+08:00 ] 127.0.0.1 /sousuo.html
INFO: [ app_init ] --START--
INFO: Run Behavior\BuildLiteBehavior [ RunTime:0.000000s ]
INFO: [ app_init ] --END-- [ RunTime:0.001000s ]
INFO: [ app_begin ] --START--
INFO: Run Behavior\ReadHtmlCacheBehavior [ RunTime:0.001000s ]
INFO: [ app_begin ] --END-- [ RunTime:0.001000s ]
ERR: 无法加载控制器:Sousuo

[ 2017-12-23T06:33:18+08:00 ] 127.0.0.1 /favicon.ico
INFO: [ app_init ] --START--
INFO: Run Behavior\BuildLiteBehavior [ RunTime:0.000000s ]
INFO: [ app_init ] --END-- [ RunTime:0.001000s ]

[ 2017-12-23T06:41:58+08:00 ] 127.0.0.1 /loupan.html
INFO: [ app_init ] --START--
INFO: Run Behavior\BuildLiteBehavior [ RunTime:0.000000s ]
INFO: [ app_init ] --END-- [ RunTime:0.001000s ]
INFO: [ app_begin ] --START--
INFO: Run Behavior\ReadHtmlCacheBehavior [ RunTime:0.000000s ]
INFO: [ app_begin ] --END-- [ RunTime:0.000000s ]
SQL: SHOW COLUMNS FROM `region` [ RunTime:0.0060s ]
SQL: SELECT `region_id`,`region_name` FROM `region` WHERE ( level=1 )  [ RunTime:0.0050s ]
SQL: SHOW COLUMNS FROM `house_info` [ RunTime:0.0060s ]
SQL: SELECT `house_id`,`house_name` FROM `house_info`  [ RunTime:0.0060s ]
SQL: SELECT `region_id`,`region_name` FROM `region` WHERE ( level=1 )  [ RunTime:0.0050s ]
ERR: 非法操作:index

[ 2017-12-23T06:42:43+08:00 ] 127.0.0.1 /
INFO: [ app_init ] --START--
INFO: Run Behavior\BuildLiteBehavior [ RunTime:0.000000s ]
INFO: [ app_init ] --END-- [ RunTime:0.000000s ]
INFO: [ app_begin ] --START--
INFO: Run Behavior\ReadHtmlCacheBehavior [ RunTime:0.001000s ]
INFO: [ app_begin ] --END-- [ RunTime:0.001000s ]
SQL: SHOW COLUMNS FROM `region` [ RunTime:0.0060s ]
SQL: SELECT `region_id`,`region_name` FROM `region` WHERE ( level=1 )  [ RunTime:0.0050s ]
SQL: SHOW COLUMNS FROM `house_info` [ RunTime:0.0060s ]
SQL: SELECT `house_id`,`house_name` FROM `house_info`  [ RunTime:0.0050s ]
SQL: SELECT `region_id`,`region_name` FROM `region` WHERE ( level=1 )  [ RunTime:0.0060s ]
SQL: SHOW COLUMNS FROM `house_image` [ RunTime:0.0050s ]
SQL: SELECT b.house_id,a.image,b.house_name,b.build_type,b.dili,b.mix_mianji,b.max_mianji,b.last_time,b.decorate FROM house_image a left join house_info b ON a.house_id = b.house_id  WHERE ( a.img_class='face' )  [ RunTime:0.0070s ]
INFO: [ view_parse ] --START--
INFO: [ template_filter ] --START--
INFO: Run Behavior\ContentReplaceBehavior [ RunTime:0.000000s ]
INFO: [ template_filter ] --END-- [ RunTime:0.000000s ]
INFO: Run Behavior\ParseTemplateBehavior [ RunTime:0.063000s ]
INFO: [ view_parse ] --END-- [ RunTime:0.063000s ]
INFO: [ view_filter ] --START--
INFO: Run Behavior\WriteHtmlCacheBehavior [ RunTime:0.000000s ]
INFO: [ view_filter ] --END-- [ RunTime:0.000000s ]
INFO: [ app_end ] --START--
INFO: Run Behavior\ShowPageTraceBehavior [ RunTime:0.001000s ]
INFO: [ app_end ] --END-- [ RunTime:0.001000s ]

[ 2017-12-23T06:42:46+08:00 ] 127.0.0.1 /index.php/Loupan/detail?id=1
INFO: [ app_init ] --START--
INFO: Run Behavior\BuildLiteBehavior [ RunTime:0.000000s ]
INFO: [ app_init ] --END-- [ RunTime:0.001000s ]
INFO: [ app_begin ] --START--
INFO: Run Behavior\ReadHtmlCacheBehavior [ RunTime:0.001000s ]
INFO: [ app_begin ] --END-- [ RunTime:0.001000s ]
SQL: SHOW COLUMNS FROM `region` [ RunTime:0.0080s ]
SQL: SELECT `region_id`,`region_name` FROM `region` WHERE ( level=1 )  [ RunTime:0.0060s ]
SQL: SHOW COLUMNS FROM `house_info` [ RunTime:0.0070s ]
SQL: SELECT `house_id`,`house_name` FROM `house_info`  [ RunTime:0.0070s ]
SQL: SELECT `region_id`,`region_name` FROM `region` WHERE ( level=1 )  [ RunTime:0.0070s ]
NOTIC: [2] Missing argument 1 for Think\Model::field(), called in E:\phpStudy\WWW\99xinfang\Application\Home\Controller\LoupanController.class.php on line 16 and defined E:\phpStudy\WWW\99xinfang\ThinkPHP\Library\Think\Model.class.php 第 1740 行.
NOTIC: [8] Undefined variable: field E:\phpStudy\WWW\99xinfang\ThinkPHP\Library\Think\Model.class.php 第 1741 行.
NOTIC: [8] Undefined variable: field E:\phpStudy\WWW\99xinfang\ThinkPHP\Library\Think\Model.class.php 第 1751 行.
SQL: SELECT * FROM `house_info` WHERE `house_id` = '1' LIMIT 1   [ RunTime:0.0070s ]
SQL: SHOW COLUMNS FROM `house_image` [ RunTime:0.0060s ]
NOTIC: [2] Missing argument 1 for Think\Model::field(), called in E:\phpStudy\WWW\99xinfang\Application\Home\Controller\LoupanController.class.php on line 25 and defined E:\phpStudy\WWW\99xinfang\ThinkPHP\Library\Think\Model.class.php 第 1740 行.
NOTIC: [8] Undefined variable: field E:\phpStudy\WWW\99xinfang\ThinkPHP\Library\Think\Model.class.php 第 1741 行.
NOTIC: [8] Undefined variable: field E:\phpStudy\WWW\99xinfang\ThinkPHP\Library\Think\Model.class.php 第 1751 行.
SQL: SELECT * FROM `house_image` WHERE `house_id` = '1' AND `img_face` = 1  [ RunTime:0.0060s ]
SQL: SELECT `image`,`img_class` FROM `house_image` WHERE `house_id` = '1'  [ RunTime:0.0060s ]
SQL: SELECT b.house_id,a.image,b.house_name,b.junjia,b.mix_mianji,b.max_mianji,b.shoufu,b.tel FROM house_image a left join house_info b ON a.house_id = b.house_id  WHERE ( a.img_class='face' )  [ RunTime:0.0070s ]
SQL: SHOW COLUMNS FROM `house_hximg` [ RunTime:0.0060s ]
SQL: SELECT b.*,hx.* FROM house_hximg hx left join house_info b ON hx.house_id = b.house_id   [ RunTime:0.0060s ]
INFO: [ view_parse ] --START--
INFO: [ template_filter ] --START--
INFO: Run Behavior\ContentReplaceBehavior [ RunTime:0.000000s ]
INFO: [ template_filter ] --END-- [ RunTime:0.000000s ]
NOTIC: [8] Use of undefined constant xgt - assumed 'xgt' E:\phpStudy\WWW\99xinfang\Application\Runtime\Cache\Home\0051c331f7e524eb51b2681a8245b3e9.php 第 186 行.
NOTIC: [8] Use of undefined constant ybj - assumed 'ybj' E:\phpStudy\WWW\99xinfang\Application\Runtime\Cache\Home\0051c331f7e524eb51b2681a8245b3e9.php 第 186 行.
NOTIC: [8] Use of undefined constant sjt - assumed 'sjt' E:\phpStudy\WWW\99xinfang\Application\Runtime\Cache\Home\0051c331f7e524eb51b2681a8245b3e9.php 第 186 行.
NOTIC: [8] Use of undefined constant ptt - assumed 'ptt' E:\phpStudy\WWW\99xinfang\Application\Runtime\Cache\Home\0051c331f7e524eb51b2681a8245b3e9.php 第 186 行.
NOTIC: [8] Use of undefined constant xgt - assumed 'xgt' E:\phpStudy\WWW\99xinfang\Application\Runtime\Cache\Home\0051c331f7e524eb51b2681a8245b3e9.php 第 186 行.
NOTIC: [8] Use of undefined constant ybj - assumed 'ybj' E:\phpStudy\WWW\99xinfang\Application\Runtime\Cache\Home\0051c331f7e524eb51b2681a8245b3e9.php 第 186 行.
NOTIC: [8] Use of undefined constant sjt - assumed 'sjt' E:\phpStudy\WWW\99xinfang\Application\Runtime\Cache\Home\0051c331f7e524eb51b2681a8245b3e9.php 第 186 行.
NOTIC: [8] Use of undefined constant ptt - assumed 'ptt' E:\phpStudy\WWW\99xinfang\Application\Runtime\Cache\Home\0051c331f7e524eb51b2681a8245b3e9.php 第 186 行.
NOTIC: [8] Use of undefined constant xgt - assumed 'xgt' E:\phpStudy\WWW\99xinfang\Application\Runtime\Cache\Home\0051c331f7e524eb51b2681a8245b3e9.php 第 186 行.
NOTIC: [8] Use of undefined constant ybj - assumed 'ybj' E:\phpStudy\WWW\99xinfang\Application\Runtime\Cache\Home\0051c331f7e524eb51b2681a8245b3e9.php 第 186 行.
NOTIC: [8] Use of undefined constant sjt - assumed 'sjt' E:\phpStudy\WWW\99xinfang\Application\Runtime\Cache\Home\0051c331f7e524eb51b2681a8245b3e9.php 第 186 行.
NOTIC: [8] Use of undefined constant ptt - assumed 'ptt' E:\phpStudy\WWW\99xinfang\Application\Runtime\Cache\Home\0051c331f7e524eb51b2681a8245b3e9.php 第 186 行.
NOTIC: [8] Use of undefined constant xgt - assumed 'xgt' E:\phpStudy\WWW\99xinfang\Application\Runtime\Cache\Home\0051c331f7e524eb51b2681a8245b3e9.php 第 186 行.
NOTIC: [8] Use of undefined constant ybj - assumed 'ybj' E:\phpStudy\WWW\99xinfang\Application\Runtime\Cache\Home\0051c331f7e524eb51b2681a8245b3e9.php 第 186 行.
NOTIC: [8] Use of undefined constant sjt - assumed 'sjt' E:\phpStudy\WWW\99xinfang\Application\Runtime\Cache\Home\0051c331f7e524eb51b2681a8245b3e9.php 第 186 行.
NOTIC: [8] Use of undefined constant ptt - assumed 'ptt' E:\phpStudy\WWW\99xinfang\Application\Runtime\Cache\Home\0051c331f7e524eb51b2681a8245b3e9.php 第 186 行.
INFO: Run Behavior\ParseTemplateBehavior [ RunTime:0.041000s ]
INFO: [ view_parse ] --END-- [ RunTime:0.041000s ]
INFO: [ view_filter ] --START--
INFO: Run Behavior\WriteHtmlCacheBehavior [ RunTime:0.001000s ]
INFO: [ view_filter ] --END-- [ RunTime:0.001000s ]
INFO: [ app_end ] --START--
INFO: Run Behavior\ShowPageTraceBehavior [ RunTime:0.001000s ]
INFO: [ app_end ] --END-- [ RunTime:0.001000s ]

[ 2017-12-23T06:52:12+08:00 ] 127.0.0.1 /
INFO: [ app_init ] --START--
INFO: Run Behavior\BuildLiteBehavior [ RunTime:0.000000s ]
INFO: [ app_init ] --END-- [ RunTime:0.000000s ]
INFO: [ app_begin ] --START--
INFO: Run Behavior\ReadHtmlCacheBehavior [ RunTime:0.001000s ]
INFO: [ app_begin ] --END-- [ RunTime:0.001000s ]
SQL: SHOW COLUMNS FROM `region` [ RunTime:0.0070s ]
SQL: SELECT `region_id`,`region_name` FROM `region` WHERE ( level=1 )  [ RunTime:0.0060s ]
SQL: SHOW COLUMNS FROM `house_info` [ RunTime:0.0070s ]
SQL: SELECT `house_id`,`house_name` FROM `house_info`  [ RunTime:0.0060s ]
SQL: SELECT `region_id`,`region_name` FROM `region` WHERE ( level=1 )  [ RunTime:0.0070s ]
SQL: SHOW COLUMNS FROM `house_image` [ RunTime:0.0080s ]
SQL: SELECT b.house_id,a.image,b.house_name,b.build_type,b.dili,b.mix_mianji,b.max_mianji,b.last_time,b.decorate FROM house_image a left join house_info b ON a.house_id = b.house_id  WHERE ( a.img_class='face' )  [ RunTime:0.0070s ]
INFO: [ view_parse ] --START--
INFO: [ template_filter ] --START--
INFO: Run Behavior\ContentReplaceBehavior [ RunTime:0.000000s ]
INFO: [ template_filter ] --END-- [ RunTime:0.000000s ]
INFO: Run Behavior\ParseTemplateBehavior [ RunTime:0.022000s ]
INFO: [ view_parse ] --END-- [ RunTime:0.022000s ]
INFO: [ view_filter ] --START--
INFO: Run Behavior\WriteHtmlCacheBehavior [ RunTime:0.000000s ]
INFO: [ view_filter ] --END-- [ RunTime:0.001000s ]
INFO: [ app_end ] --START--
INFO: Run Behavior\ShowPageTraceBehavior [ RunTime:0.000000s ]
INFO: [ app_end ] --END-- [ RunTime:0.000000s ]

[ 2017-12-23T07:06:46+08:00 ] 127.0.0.1 /index.php/Loupan/detail?id=1
INFO: [ app_init ] --START--
INFO: Run Behavior\BuildLiteBehavior [ RunTime:0.000000s ]
INFO: [ app_init ] --END-- [ RunTime:0.001000s ]
INFO: [ app_begin ] --START--
INFO: Run Behavior\ReadHtmlCacheBehavior [ RunTime:0.000000s ]
INFO: [ app_begin ] --END-- [ RunTime:0.001000s ]
SQL: SHOW COLUMNS FROM `region` [ RunTime:0.0070s ]
SQL: SELECT `region_id`,`region_name` FROM `region` WHERE ( level=1 )  [ RunTime:0.0060s ]
SQL: SHOW COLUMNS FROM `house_info` [ RunTime:0.0070s ]
SQL: SELECT `house_id`,`house_name` FROM `house_info`  [ RunTime:0.0060s ]
SQL: SELECT `region_id`,`region_name` FROM `region` WHERE ( level=1 )  [ RunTime:0.0060s ]
NOTIC: [2] Missing argument 1 for Think\Model::field(), called in E:\phpStudy\WWW\99xinfang\Application\Home\Controller\LoupanController.class.php on line 16 and defined E:\phpStudy\WWW\99xinfang\ThinkPHP\Library\Think\Model.class.php 第 1740 行.
NOTIC: [8] Undefined variable: field E:\phpStudy\WWW\99xinfang\ThinkPHP\Library\Think\Model.class.php 第 1741 行.
NOTIC: [8] Undefined variable: field E:\phpStudy\WWW\99xinfang\ThinkPHP\Library\Think\Model.class.php 第 1751 行.
SQL: SELECT * FROM `house_info` WHERE `house_id` = '1' LIMIT 1   [ RunTime:0.0060s ]
SQL: SHOW COLUMNS FROM `house_image` [ RunTime:0.0060s ]
NOTIC: [2] Missing argument 1 for Think\Model::field(), called in E:\phpStudy\WWW\99xinfang\Application\Home\Controller\LoupanController.class.php on line 25 and defined E:\phpStudy\WWW\99xinfang\ThinkPHP\Library\Think\Model.class.php 第 1740 行.
NOTIC: [8] Undefined variable: field E:\phpStudy\WWW\99xinfang\ThinkPHP\Library\Think\Model.class.php 第 1741 行.
NOTIC: [8] Undefined variable: field E:\phpStudy\WWW\99xinfang\ThinkPHP\Library\Think\Model.class.php 第 1751 行.
SQL: SELECT * FROM `house_image` WHERE `house_id` = '1' AND `img_face` = 1  [ RunTime:0.0050s ]
SQL: SELECT `image`,`img_class` FROM `house_image` WHERE `house_id` = '1'  [ RunTime:0.0050s ]
SQL: SELECT b.house_id,a.image,b.house_name,b.junjia,b.mix_mianji,b.max_mianji,b.shoufu,b.tel FROM house_image a left join house_info b ON a.house_id = b.house_id  WHERE ( a.img_class='face' )  [ RunTime:0.0060s ]
SQL: SHOW COLUMNS FROM `house_hximg` [ RunTime:0.0050s ]
SQL: SELECT b.*,hx.* FROM house_hximg hx left join house_info b ON hx.house_id = b.house_id   [ RunTime:0.0070s ]
INFO: [ view_parse ] --START--
INFO: [ template_filter ] --START--
INFO: Run Behavior\ContentReplaceBehavior [ RunTime:0.000000s ]
INFO: [ template_filter ] --END-- [ RunTime:0.000000s ]
NOTIC: [8] Use of undefined constant xgt - assumed 'xgt' E:\phpStudy\WWW\99xinfang\Application\Runtime\Cache\Home\0051c331f7e524eb51b2681a8245b3e9.php 第 186 行.
NOTIC: [8] Use of undefined constant ybj - assumed 'ybj' E:\phpStudy\WWW\99xinfang\Application\Runtime\Cache\Home\0051c331f7e524eb51b2681a8245b3e9.php 第 186 行.
NOTIC: [8] Use of undefined constant sjt - assumed 'sjt' E:\phpStudy\WWW\99xinfang\Application\Runtime\Cache\Home\0051c331f7e524eb51b2681a8245b3e9.php 第 186 行.
NOTIC: [8] Use of undefined constant ptt - assumed 'ptt' E:\phpStudy\WWW\99xinfang\Application\Runtime\Cache\Home\0051c331f7e524eb51b2681a8245b3e9.php 第 186 行.
NOTIC: [8] Use of undefined constant xgt - assumed 'xgt' E:\phpStudy\WWW\99xinfang\Application\Runtime\Cache\Home\0051c331f7e524eb51b2681a8245b3e9.php 第 186 行.
NOTIC: [8] Use of undefined constant ybj - assumed 'ybj' E:\phpStudy\WWW\99xinfang\Application\Runtime\Cache\Home\0051c331f7e524eb51b2681a8245b3e9.php 第 186 行.
NOTIC: [8] Use of undefined constant sjt - assumed 'sjt' E:\phpStudy\WWW\99xinfang\Application\Runtime\Cache\Home\0051c331f7e524eb51b2681a8245b3e9.php 第 186 行.
NOTIC: [8] Use of undefined constant ptt - assumed 'ptt' E:\phpStudy\WWW\99xinfang\Application\Runtime\Cache\Home\0051c331f7e524eb51b2681a8245b3e9.php 第 186 行.
NOTIC: [8] Use of undefined constant xgt - assumed 'xgt' E:\phpStudy\WWW\99xinfang\Application\Runtime\Cache\Home\0051c331f7e524eb51b2681a8245b3e9.php 第 186 行.
NOTIC: [8] Use of undefined constant ybj - assumed 'ybj' E:\phpStudy\WWW\99xinfang\Application\Runtime\Cache\Home\0051c331f7e524eb51b2681a8245b3e9.php 第 186 行.
NOTIC: [8] Use of undefined constant sjt - assumed 'sjt' E:\phpStudy\WWW\99xinfang\Application\Runtime\Cache\Home\0051c331f7e524eb51b2681a8245b3e9.php 第 186 行.
NOTIC: [8] Use of undefined constant ptt - assumed 'ptt' E:\phpStudy\WWW\99xinfang\Application\Runtime\Cache\Home\0051c331f7e524eb51b2681a8245b3e9.php 第 186 行.
NOTIC: [8] Use of undefined constant xgt - assumed 'xgt' E:\phpStudy\WWW\99xinfang\Application\Runtime\Cache\Home\0051c331f7e524eb51b2681a8245b3e9.php 第 186 行.
NOTIC: [8] Use of undefined constant ybj - assumed 'ybj' E:\phpStudy\WWW\99xinfang\Application\Runtime\Cache\Home\0051c331f7e524eb51b2681a8245b3e9.php 第 186 行.
NOTIC: [8] Use of undefined constant sjt - assumed 'sjt' E:\phpStudy\WWW\99xinfang\Application\Runtime\Cache\Home\0051c331f7e524eb51b2681a8245b3e9.php 第 186 行.
NOTIC: [8] Use of undefined constant ptt - assumed 'ptt' E:\phpStudy\WWW\99xinfang\Application\Runtime\Cache\Home\0051c331f7e524eb51b2681a8245b3e9.php 第 186 行.
INFO: Run Behavior\ParseTemplateBehavior [ RunTime:0.025000s ]
INFO: [ view_parse ] --END-- [ RunTime:0.025000s ]
INFO: [ view_filter ] --START--
INFO: Run Behavior\WriteHtmlCacheBehavior [ RunTime:0.000000s ]
INFO: [ view_filter ] --END-- [ RunTime:0.000000s ]
INFO: [ app_end ] --START--
INFO: Run Behavior\ShowPageTraceBehavior [ RunTime:0.000000s ]
INFO: [ app_end ] --END-- [ RunTime:0.000000s ]

[ 2017-12-23T07:14:35+08:00 ] 127.0.0.1 /search.html
INFO: [ app_init ] --START--
INFO: Run Behavior\BuildLiteBehavior [ RunTime:0.000000s ]
INFO: [ app_init ] --END-- [ RunTime:0.001000s ]
INFO: [ app_begin ] --START--
INFO: Run Behavior\ReadHtmlCacheBehavior [ RunTime:0.001000s ]
INFO: [ app_begin ] --END-- [ RunTime:0.001000s ]
SQL: SHOW COLUMNS FROM `region` [ RunTime:0.0060s ]
SQL: SELECT `region_id`,`region_name` FROM `region` WHERE ( level=1 )  [ RunTime:0.0060s ]
SQL: SHOW COLUMNS FROM `house_info` [ RunTime:0.0070s ]
SQL: SELECT `house_id`,`house_name` FROM `house_info`  [ RunTime:0.0060s ]
SQL: SELECT `region_id`,`region_name` FROM `region` WHERE ( level=1 )  [ RunTime:0.0070s ]
ERR: 非法操作:index

[ 2017-12-23T07:17:12+08:00 ] 127.0.0.1 /index.php/Search/search
INFO: [ app_init ] --START--
INFO: Run Behavior\BuildLiteBehavior [ RunTime:0.000000s ]
INFO: [ app_init ] --END-- [ RunTime:0.000000s ]
INFO: [ app_begin ] --START--
INFO: Run Behavior\ReadHtmlCacheBehavior [ RunTime:0.001000s ]
INFO: [ app_begin ] --END-- [ RunTime:0.001000s ]
SQL: SHOW COLUMNS FROM `region` [ RunTime:0.0060s ]
SQL: SELECT `region_id`,`region_name` FROM `region` WHERE ( level=1 )  [ RunTime:0.0060s ]
SQL: SHOW COLUMNS FROM `house_info` [ RunTime:0.0060s ]
SQL: SELECT `house_id`,`house_name` FROM `house_info`  [ RunTime:0.0060s ]
SQL: SELECT `region_id`,`region_name` FROM `region` WHERE ( level=1 )  [ RunTime:0.0050s ]
NOTIC: [8] Undefined index: city E:\phpStudy\WWW\99xinfang\Application\Home\Controller\SearchController.class.php 第 14 行.
NOTIC: [8] Undefined index: next_city E:\phpStudy\WWW\99xinfang\Application\Home\Controller\SearchController.class.php 第 17 行.
NOTIC: [8] Undefined index: price E:\phpStudy\WWW\99xinfang\Application\Home\Controller\SearchController.class.php 第 21 行.
NOTIC: [8] Undefined index: lx E:\phpStudy\WWW\99xinfang\Application\Home\Controller\SearchController.class.php 第 25 行.
NOTIC: [8] Undefined index: mj E:\phpStudy\WWW\99xinfang\Application\Home\Controller\SearchController.class.php 第 29 行.
NOTIC: [8] Undefined index: xs E:\phpStudy\WWW\99xinfang\Application\Home\Controller\SearchController.class.php 第 33 行.
NOTIC: [8] Undefined index: jz E:\phpStudy\WWW\99xinfang\Application\Home\Controller\SearchController.class.php 第 37 行.
NOTIC: [8] Undefined index: guanjianzi E:\phpStudy\WWW\99xinfang\Application\Home\Controller\SearchController.class.php 第 43 行.
NOTIC: [8] Undefined index: id E:\phpStudy\WWW\99xinfang\Application\Home\Controller\SearchController.class.php 第 45 行.
SQL: SELECT COUNT(*) AS tp_count FROM `house_info` LIMIT 1   [ RunTime:0.0050s ]
SQL: SHOW COLUMNS FROM `house_image` [ RunTime:0.0060s ]
SQL: SELECT a.image,b.house_id,b.house_name,b.property_right,b.dili,b.mix_mianji,b.max_mianji,b.xiaoshou_zt,b.decorate,b.junjia,b.shoufu FROM house_image a left join house_info b ON a.house_id = b.house_id  WHERE ( a.img_class='face' ) LIMIT 0,4   [ RunTime:0.0070s ]
SQL: SELECT `region_id`,`region_name` FROM `region` WHERE ( level=2 )  [ RunTime:0.0050s ]
SQL: SELECT `region_id`,`region_name` FROM `region` WHERE ( level=3 )  [ RunTime:0.0050s ]
INFO: [ view_parse ] --START--
INFO: [ template_filter ] --START--
INFO: Run Behavior\ContentReplaceBehavior [ RunTime:0.000000s ]
INFO: [ template_filter ] --END-- [ RunTime:0.000000s ]
NOTIC: [8] Undefined index: city E:\phpStudy\WWW\99xinfang\Application\Runtime\Cache\Home\dc21e6da2e1dbcec494898213c16ba46.php 第 188 行.
NOTIC: [8] Undefined index: city E:\phpStudy\WWW\99xinfang\Application\Runtime\Cache\Home\dc21e6da2e1dbcec494898213c16ba46.php 第 188 行.
NOTIC: [8] Undefined index: city E:\phpStudy\WWW\99xinfang\Application\Runtime\Cache\Home\dc21e6da2e1dbcec494898213c16ba46.php 第 188 行.
NOTIC: [8] Undefined index: city E:\phpStudy\WWW\99xinfang\Application\Runtime\Cache\Home\dc21e6da2e1dbcec494898213c16ba46.php 第 188 行.
NOTIC: [8] Undefined index: city E:\phpStudy\WWW\99xinfang\Application\Runtime\Cache\Home\dc21e6da2e1dbcec494898213c16ba46.php 第 188 行.
NOTIC: [8] Undefined index: next_city E:\phpStudy\WWW\99xinfang\Application\Runtime\Cache\Home\dc21e6da2e1dbcec494898213c16ba46.php 第 200 行.
NOTIC: [8] Undefined index: next_city E:\phpStudy\WWW\99xinfang\Application\Runtime\Cache\Home\dc21e6da2e1dbcec494898213c16ba46.php 第 200 行.
NOTIC: [8] Undefined index: next_city E:\phpStudy\WWW\99xinfang\Application\Runtime\Cache\Home\dc21e6da2e1dbcec494898213c16ba46.php 第 200 行.
NOTIC: [8] Undefined index: next_city E:\phpStudy\WWW\99xinfang\Application\Runtime\Cache\Home\dc21e6da2e1dbcec494898213c16ba46.php 第 200 行.
NOTIC: [8] Undefined index: next_city E:\phpStudy\WWW\99xinfang\Application\Runtime\Cache\Home\dc21e6da2e1dbcec494898213c16ba46.php 第 200 行.
NOTIC: [8] Undefined index: next_city E:\phpStudy\WWW\99xinfang\Application\Runtime\Cache\Home\dc21e6da2e1dbcec494898213c16ba46.php 第 200 行.
NOTIC: [8] Undefined index: next_city E:\phpStudy\WWW\99xinfang\Application\Runtime\Cache\Home\dc21e6da2e1dbcec494898213c16ba46.php 第 200 行.
NOTIC: [8] Undefined index: next_city E:\phpStudy\WWW\99xinfang\Application\Runtime\Cache\Home\dc21e6da2e1dbcec494898213c16ba46.php 第 200 行.
NOTIC: [8] Undefined variable: list_house_info E:\phpStudy\WWW\99xinfang\Application\Runtime\Cache\Home\dc21e6da2e1dbcec494898213c16ba46.php 第 355 行.
INFO: Run Behavior\ParseTemplateBehavior [ RunTime:0.032000s ]
INFO: [ view_parse ] --END-- [ RunTime:0.032000s ]
INFO: [ view_filter ] --START--
INFO: Run Behavior\WriteHtmlCacheBehavior [ RunTime:0.001000s ]
INFO: [ view_filter ] --END-- [ RunTime:0.001000s ]
INFO: [ app_end ] --START--
INFO: Run Behavior\ShowPageTraceBehavior [ RunTime:0.001000s ]
INFO: [ app_end ] --END-- [ RunTime:0.001000s ]

[ 2017-12-23T07:21:25+08:00 ] 127.0.0.1 /search.html
INFO: [ app_init ] --START--
INFO: Run Behavior\BuildLiteBehavior [ RunTime:0.000000s ]
INFO: [ app_init ] --END-- [ RunTime:0.001000s ]
INFO: [ app_begin ] --START--
INFO: Run Behavior\ReadHtmlCacheBehavior [ RunTime:0.001000s ]
INFO: [ app_begin ] --END-- [ RunTime:0.001000s ]
SQL: SHOW COLUMNS FROM `region` [ RunTime:0.0070s ]
SQL: SELECT `region_id`,`region_name` FROM `region` WHERE ( level=1 )  [ RunTime:0.0070s ]
SQL: SHOW COLUMNS FROM `house_info` [ RunTime:0.0070s ]
SQL: SELECT `house_id`,`house_name` FROM `house_info`  [ RunTime:0.0070s ]
SQL: SELECT `region_id`,`region_name` FROM `region` WHERE ( level=1 )  [ RunTime:0.0070s ]
ERR: 非法操作:index

[ 2017-12-23T08:21:34+08:00 ] 127.0.0.1 /favicon.ico
INFO: [ app_init ] --START--
INFO: Run Behavior\BuildLiteBehavior [ RunTime:0.000000s ]
INFO: [ app_init ] --END-- [ RunTime:0.000000s ]

