[ 2017-10-12T10:15:18+08:00 ] 127.0.0.1 /back.php/Lptxt/lpimg
INFO: [ app_init ] --START--
INFO: Run Behavior\BuildLiteBehavior [ RunTime:0.000000s ]
INFO: [ app_init ] --END-- [ RunTime:0.001000s ]
INFO: [ app_begin ] --START--
INFO: Run Behavior\ReadHtmlCacheBehavior [ RunTime:0.000000s ]
INFO: [ app_begin ] --END-- [ RunTime:0.000000s ]
INFO: [ view_parse ] --START--
INFO: [ template_filter ] --START--
INFO: Run Behavior\ContentReplaceBehavior [ RunTime:0.000000s ]
INFO: [ template_filter ] --END-- [ RunTime:0.000000s ]
INFO: Run Behavior\ParseTemplateBehavior [ RunTime:0.005000s ]
INFO: [ view_parse ] --END-- [ RunTime:0.005000s ]
INFO: [ view_filter ] --START--
INFO: Run Behavior\WriteHtmlCacheBehavior [ RunTime:0.000000s ]
INFO: [ view_filter ] --END-- [ RunTime:0.000000s ]

[ 2017-10-12T10:15:21+08:00 ] 127.0.0.1 /back.php/Login/join.html
INFO: [ app_init ] --START--
INFO: Run Behavior\BuildLiteBehavior [ RunTime:0.000000s ]
INFO: [ app_init ] --END-- [ RunTime:0.001000s ]
INFO: [ app_begin ] --START--
INFO: Run Behavior\ReadHtmlCacheBehavior [ RunTime:0.001000s ]
INFO: [ app_begin ] --END-- [ RunTime:0.001000s ]
INFO: [ view_parse ] --START--
INFO: [ template_filter ] --START--
INFO: Run Behavior\ContentReplaceBehavior [ RunTime:0.000000s ]
INFO: [ template_filter ] --END-- [ RunTime:0.000000s ]
INFO: Run Behavior\ParseTemplateBehavior [ RunTime:0.007000s ]
INFO: [ view_parse ] --END-- [ RunTime:0.007000s ]
INFO: [ view_filter ] --START--
INFO: Run Behavior\WriteHtmlCacheBehavior [ RunTime:0.000000s ]
INFO: [ view_filter ] --END-- [ RunTime:0.000000s ]
INFO: [ app_end ] --START--
INFO: Run Behavior\ShowPageTraceBehavior [ RunTime:0.001000s ]
INFO: [ app_end ] --END-- [ RunTime:0.001000s ]

[ 2017-10-12T10:15:23+08:00 ] 127.0.0.1 /back.php/Login/check
INFO: [ app_init ] --START--
INFO: Run Behavior\BuildLiteBehavior [ RunTime:0.000000s ]
INFO: [ app_init ] --END-- [ RunTime:0.000000s ]
INFO: [ app_begin ] --START--
INFO: Run Behavior\ReadHtmlCacheBehavior [ RunTime:0.001000s ]
INFO: [ app_begin ] --END-- [ RunTime:0.001000s ]
SQL: SHOW COLUMNS FROM `admin_user` [ RunTime:0.0070s ]
SQL: SELECT * FROM `admin_user` WHERE `name` = 'admin' LIMIT 1   [ RunTime:0.0070s ]
SQL: SHOW COLUMNS FROM `admin_power` [ RunTime:0.0070s ]
SQL: SELECT * FROM `admin_power` WHERE `id` = 1 LIMIT 1   [ RunTime:0.0070s ]
INFO: [ view_parse ] --START--
INFO: [ template_filter ] --START--
INFO: Run Behavior\ContentReplaceBehavior [ RunTime:0.000000s ]
INFO: [ template_filter ] --END-- [ RunTime:0.000000s ]
INFO: Run Behavior\ParseTemplateBehavior [ RunTime:0.009000s ]
INFO: [ view_parse ] --END-- [ RunTime:0.010000s ]
INFO: [ view_filter ] --START--
INFO: Run Behavior\WriteHtmlCacheBehavior [ RunTime:0.000000s ]
INFO: [ view_filter ] --END-- [ RunTime:0.000000s ]
INFO: [ app_end ] --START--
INFO: Run Behavior\ShowPageTraceBehavior [ RunTime:0.001000s ]
INFO: [ app_end ] --END-- [ RunTime:0.002000s ]

[ 2017-10-12T10:15:24+08:00 ] 127.0.0.1 /back.php/Admin/adminlist.html
INFO: [ app_init ] --START--
INFO: Run Behavior\BuildLiteBehavior [ RunTime:0.000000s ]
INFO: [ app_init ] --END-- [ RunTime:0.000000s ]
INFO: [ app_begin ] --START--
INFO: Run Behavior\ReadHtmlCacheBehavior [ RunTime:0.001000s ]
INFO: [ app_begin ] --END-- [ RunTime:0.001000s ]
INFO: [ view_parse ] --START--
INFO: [ template_filter ] --START--
INFO: Run Behavior\ContentReplaceBehavior [ RunTime:0.000000s ]
INFO: [ template_filter ] --END-- [ RunTime:0.000000s ]
INFO: Run Behavior\ParseTemplateBehavior [ RunTime:0.010000s ]
INFO: [ view_parse ] --END-- [ RunTime:0.010000s ]
INFO: [ view_filter ] --START--
INFO: Run Behavior\WriteHtmlCacheBehavior [ RunTime:0.001000s ]
INFO: [ view_filter ] --END-- [ RunTime:0.001000s ]
INFO: [ app_end ] --START--
INFO: Run Behavior\ShowPageTraceBehavior [ RunTime:0.000000s ]
INFO: [ app_end ] --END-- [ RunTime:0.000000s ]

[ 2017-10-12T10:15:27+08:00 ] 127.0.0.1 /back.php/Lptxt/lpadd
INFO: [ app_init ] --START--
INFO: Run Behavior\BuildLiteBehavior [ RunTime:0.000000s ]
INFO: [ app_init ] --END-- [ RunTime:0.001000s ]
INFO: [ app_begin ] --START--
INFO: Run Behavior\ReadHtmlCacheBehavior [ RunTime:0.000000s ]
INFO: [ app_begin ] --END-- [ RunTime:0.000000s ]
SQL: SHOW COLUMNS FROM `region` [ RunTime:0.0050s ]
SQL: SELECT * FROM `region` WHERE `parent_id` = 0  [ RunTime:0.0050s ]
SQL: SHOW COLUMNS FROM `house_info` [ RunTime:0.0060s ]
INFO: [ view_parse ] --START--
INFO: [ template_filter ] --START--
INFO: Run Behavior\ContentReplaceBehavior [ RunTime:0.000000s ]
INFO: [ template_filter ] --END-- [ RunTime:0.001000s ]
NOTIC: [8] Undefined variable: city_list E:\phpStudy\WWW\99xinfang\Application\Runtime\Cache\Back\19453ba9308e5a4bbaaa689bebcdebf0.php 第 95 行.
NOTIC: [8] Undefined variable: dis_list E:\phpStudy\WWW\99xinfang\Application\Runtime\Cache\Back\19453ba9308e5a4bbaaa689bebcdebf0.php 第 101 行.
INFO: Run Behavior\ParseTemplateBehavior [ RunTime:0.017000s ]
INFO: [ view_parse ] --END-- [ RunTime:0.017000s ]
INFO: [ view_filter ] --START--
INFO: Run Behavior\WriteHtmlCacheBehavior [ RunTime:0.001000s ]
INFO: [ view_filter ] --END-- [ RunTime:0.001000s ]
INFO: [ app_end ] --START--
INFO: Run Behavior\ShowPageTraceBehavior [ RunTime:0.001000s ]
INFO: [ app_end ] --END-- [ RunTime:0.001000s ]

[ 2017-10-12T10:15:30+08:00 ] 127.0.0.1 /back.php/Lptxt/lpimg
INFO: [ app_init ] --START--
INFO: Run Behavior\BuildLiteBehavior [ RunTime:0.000000s ]
INFO: [ app_init ] --END-- [ RunTime:0.001000s ]
INFO: [ app_begin ] --START--
INFO: Run Behavior\ReadHtmlCacheBehavior [ RunTime:0.001000s ]
INFO: [ app_begin ] --END-- [ RunTime:0.001000s ]
SQL: SHOW COLUMNS FROM `house_info` [ RunTime:0.0070s ]
SQL: SELECT `house_id`,`house_name` FROM `house_info`  [ RunTime:0.0060s ]
INFO: [ view_parse ] --START--
INFO: [ template_filter ] --START--
INFO: Run Behavior\ContentReplaceBehavior [ RunTime:0.000000s ]
INFO: [ template_filter ] --END-- [ RunTime:0.000000s ]
INFO: Run Behavior\ParseTemplateBehavior [ RunTime:0.013000s ]
INFO: [ view_parse ] --END-- [ RunTime:0.013000s ]
INFO: [ view_filter ] --START--
INFO: Run Behavior\WriteHtmlCacheBehavior [ RunTime:0.000000s ]
INFO: [ view_filter ] --END-- [ RunTime:0.001000s ]
INFO: [ app_end ] --START--
INFO: Run Behavior\ShowPageTraceBehavior [ RunTime:0.001000s ]
INFO: [ app_end ] --END-- [ RunTime:0.001000s ]

[ 2017-10-12T10:36:28+08:00 ] 127.0.0.1 /back.php/Lptxt/lphxt
INFO: [ app_init ] --START--
INFO: Run Behavior\BuildLiteBehavior [ RunTime:0.000000s ]
INFO: [ app_init ] --END-- [ RunTime:0.000000s ]
INFO: [ app_begin ] --START--
INFO: Run Behavior\ReadHtmlCacheBehavior [ RunTime:0.001000s ]
INFO: [ app_begin ] --END-- [ RunTime:0.001000s ]
SQL: SHOW COLUMNS FROM `house_info` [ RunTime:0.0080s ]
SQL: SELECT `house_id`,`house_name` FROM `house_info`  [ RunTime:0.0070s ]
INFO: [ view_parse ] --START--
INFO: [ template_filter ] --START--
INFO: Run Behavior\ContentReplaceBehavior [ RunTime:0.000000s ]
INFO: [ template_filter ] --END-- [ RunTime:0.000000s ]
INFO: Run Behavior\ParseTemplateBehavior [ RunTime:0.015000s ]
INFO: [ view_parse ] --END-- [ RunTime:0.015000s ]
INFO: [ view_filter ] --START--
INFO: Run Behavior\WriteHtmlCacheBehavior [ RunTime:0.000000s ]
INFO: [ view_filter ] --END-- [ RunTime:0.001000s ]
INFO: [ app_end ] --START--
INFO: Run Behavior\ShowPageTraceBehavior [ RunTime:0.001000s ]
INFO: [ app_end ] --END-- [ RunTime:0.001000s ]

[ 2017-10-12T10:46:05+08:00 ] 127.0.0.1 /back.php/Lptxt/lphxt
INFO: [ app_init ] --START--
INFO: Run Behavior\BuildLiteBehavior [ RunTime:0.000000s ]
INFO: [ app_init ] --END-- [ RunTime:0.001000s ]
INFO: [ app_begin ] --START--
INFO: Run Behavior\ReadHtmlCacheBehavior [ RunTime:0.001000s ]
INFO: [ app_begin ] --END-- [ RunTime:0.002000s ]
SQL: SHOW COLUMNS FROM `house_info` [ RunTime:0.0270s ]
SQL: SELECT `house_id`,`house_name` FROM `house_info`  [ RunTime:0.0270s ]
INFO: [ view_parse ] --START--
INFO: [ template_filter ] --START--
INFO: Run Behavior\ContentReplaceBehavior [ RunTime:0.000000s ]
INFO: [ template_filter ] --END-- [ RunTime:0.000000s ]
INFO: Run Behavior\ParseTemplateBehavior [ RunTime:0.015000s ]
INFO: [ view_parse ] --END-- [ RunTime:0.016000s ]
INFO: [ view_filter ] --START--
INFO: Run Behavior\WriteHtmlCacheBehavior [ RunTime:0.001000s ]
INFO: [ view_filter ] --END-- [ RunTime:0.001000s ]
INFO: [ app_end ] --START--
INFO: Run Behavior\ShowPageTraceBehavior [ RunTime:0.001000s ]
INFO: [ app_end ] --END-- [ RunTime:0.001000s ]

[ 2017-10-12T10:50:09+08:00 ] 127.0.0.1 /back.php/Lptxt/lpadd
INFO: [ app_init ] --START--
INFO: Run Behavior\BuildLiteBehavior [ RunTime:0.000000s ]
INFO: [ app_init ] --END-- [ RunTime:0.001000s ]
INFO: [ app_begin ] --START--
INFO: Run Behavior\ReadHtmlCacheBehavior [ RunTime:0.001000s ]
INFO: [ app_begin ] --END-- [ RunTime:0.001000s ]
SQL: SHOW COLUMNS FROM `region` [ RunTime:0.0060s ]
SQL: SELECT * FROM `region` WHERE `parent_id` = 0  [ RunTime:0.0060s ]
SQL: SHOW COLUMNS FROM `house_info` [ RunTime:0.0060s ]
INFO: [ view_parse ] --START--
INFO: [ template_filter ] --START--
INFO: Run Behavior\ContentReplaceBehavior [ RunTime:0.000000s ]
INFO: [ template_filter ] --END-- [ RunTime:0.000000s ]
NOTIC: [8] Undefined variable: city_list E:\phpStudy\WWW\99xinfang\Application\Runtime\Cache\Back\19453ba9308e5a4bbaaa689bebcdebf0.php 第 95 行.
NOTIC: [8] Undefined variable: dis_list E:\phpStudy\WWW\99xinfang\Application\Runtime\Cache\Back\19453ba9308e5a4bbaaa689bebcdebf0.php 第 101 行.
INFO: Run Behavior\ParseTemplateBehavior [ RunTime:0.019000s ]
INFO: [ view_parse ] --END-- [ RunTime:0.019000s ]
INFO: [ view_filter ] --START--
INFO: Run Behavior\WriteHtmlCacheBehavior [ RunTime:0.000000s ]
INFO: [ view_filter ] --END-- [ RunTime:0.000000s ]
INFO: [ app_end ] --START--
INFO: Run Behavior\ShowPageTraceBehavior [ RunTime:0.001000s ]
INFO: [ app_end ] --END-- [ RunTime:0.001000s ]

[ 2017-10-12T10:50:11+08:00 ] 127.0.0.1 /back.php/Lptxt/lpimg
INFO: [ app_init ] --START--
INFO: Run Behavior\BuildLiteBehavior [ RunTime:0.000000s ]
INFO: [ app_init ] --END-- [ RunTime:0.000000s ]
INFO: [ app_begin ] --START--
INFO: Run Behavior\ReadHtmlCacheBehavior [ RunTime:0.000000s ]
INFO: [ app_begin ] --END-- [ RunTime:0.001000s ]
SQL: SHOW COLUMNS FROM `house_info` [ RunTime:0.0070s ]
SQL: SELECT `house_id`,`house_name` FROM `house_info`  [ RunTime:0.0060s ]
INFO: [ view_parse ] --START--
INFO: [ template_filter ] --START--
INFO: Run Behavior\ContentReplaceBehavior [ RunTime:0.001000s ]
INFO: [ template_filter ] --END-- [ RunTime:0.001000s ]
INFO: Run Behavior\ParseTemplateBehavior [ RunTime:0.015000s ]
INFO: [ view_parse ] --END-- [ RunTime:0.015000s ]
INFO: [ view_filter ] --START--
INFO: Run Behavior\WriteHtmlCacheBehavior [ RunTime:0.001000s ]
INFO: [ view_filter ] --END-- [ RunTime:0.001000s ]
INFO: [ app_end ] --START--
INFO: Run Behavior\ShowPageTraceBehavior [ RunTime:0.000000s ]
INFO: [ app_end ] --END-- [ RunTime:0.001000s ]

[ 2017-10-12T10:50:12+08:00 ] 127.0.0.1 /back.php/Lptxt/lpimg
INFO: [ app_init ] --START--
INFO: Run Behavior\BuildLiteBehavior [ RunTime:0.000000s ]
INFO: [ app_init ] --END-- [ RunTime:0.001000s ]
INFO: [ app_begin ] --START--
INFO: Run Behavior\ReadHtmlCacheBehavior [ RunTime:0.001000s ]
INFO: [ app_begin ] --END-- [ RunTime:0.001000s ]
SQL: SHOW COLUMNS FROM `house_info` [ RunTime:0.0070s ]
SQL: SELECT `house_id`,`house_name` FROM `house_info`  [ RunTime:0.0060s ]
INFO: [ view_parse ] --START--
INFO: [ template_filter ] --START--
INFO: Run Behavior\ContentReplaceBehavior [ RunTime:0.000000s ]
INFO: [ template_filter ] --END-- [ RunTime:0.000000s ]
INFO: Run Behavior\ParseTemplateBehavior [ RunTime:0.008000s ]
INFO: [ view_parse ] --END-- [ RunTime:0.008000s ]
INFO: [ view_filter ] --START--
INFO: Run Behavior\WriteHtmlCacheBehavior [ RunTime:0.001000s ]
INFO: [ view_filter ] --END-- [ RunTime:0.001000s ]
INFO: [ app_end ] --START--
INFO: Run Behavior\ShowPageTraceBehavior [ RunTime:0.000000s ]
INFO: [ app_end ] --END-- [ RunTime:0.000000s ]

[ 2017-10-12T10:50:44+08:00 ] 127.0.0.1 /back.php/Lptxt/lpimg
INFO: [ app_init ] --START--
INFO: Run Behavior\BuildLiteBehavior [ RunTime:0.000000s ]
INFO: [ app_init ] --END-- [ RunTime:0.001000s ]
INFO: [ app_begin ] --START--
INFO: Run Behavior\ReadHtmlCacheBehavior [ RunTime:0.000000s ]
INFO: [ app_begin ] --END-- [ RunTime:0.000000s ]
SQL: SHOW COLUMNS FROM `house_info` [ RunTime:0.0070s ]
SQL: SELECT `house_id`,`house_name` FROM `house_info`  [ RunTime:0.0050s ]
SQL: SHOW COLUMNS FROM `house_image` [ RunTime:0.0060s ]
NOTIC: [8] Undefined variable: savePath E:\phpStudy\WWW\99xinfang\Application\Back\Controller\LptxtController.class.php 第 262 行.
NOTIC: [2] call_user_func() expects parameter 1 to be a valid callback, no array or string given E:\phpStudy\WWW\99xinfang\ThinkPHP\Library\Think\Upload.class.php 第 170 行.
NOTIC: [2] call_user_func() expects parameter 1 to be a valid callback, no array or string given E:\phpStudy\WWW\99xinfang\ThinkPHP\Library\Think\Upload.class.php 第 170 行.
NOTIC: [2] call_user_func() expects parameter 1 to be a valid callback, no array or string given E:\phpStudy\WWW\99xinfang\ThinkPHP\Library\Think\Upload.class.php 第 170 行.
NOTIC: [2] call_user_func() expects parameter 1 to be a valid callback, no array or string given E:\phpStudy\WWW\99xinfang\ThinkPHP\Library\Think\Upload.class.php 第 170 行.
NOTIC: [2] call_user_func() expects parameter 1 to be a valid callback, no array or string given E:\phpStudy\WWW\99xinfang\ThinkPHP\Library\Think\Upload.class.php 第 170 行.
NOTIC: [2] call_user_func() expects parameter 1 to be a valid callback, no array or string given E:\phpStudy\WWW\99xinfang\ThinkPHP\Library\Think\Upload.class.php 第 170 行.
NOTIC: [2] call_user_func() expects parameter 1 to be a valid callback, no array or string given E:\phpStudy\WWW\99xinfang\ThinkPHP\Library\Think\Upload.class.php 第 170 行.
NOTIC: [2] call_user_func() expects parameter 1 to be a valid callback, no array or string given E:\phpStudy\WWW\99xinfang\ThinkPHP\Library\Think\Upload.class.php 第 170 行.
NOTIC: [2] call_user_func() expects parameter 1 to be a valid callback, no array or string given E:\phpStudy\WWW\99xinfang\ThinkPHP\Library\Think\Upload.class.php 第 170 行.
NOTIC: [2] call_user_func() expects parameter 1 to be a valid callback, no array or string given E:\phpStudy\WWW\99xinfang\ThinkPHP\Library\Think\Upload.class.php 第 170 行.
SQL: INSERT INTO `house_image` (`img_face`,`house_id`,`img_class`,`image`) VALUES ('1','1','xgt','2017-10-12/59ded883ea489.png') [ RunTime:0.0050s ]
SQL: INSERT INTO `house_image` (`house_id`,`img_class`,`image`) VALUES ('1','xgt','2017-10-12/59ded883ebbf9.png') [ RunTime:0.0050s ]
SQL: INSERT INTO `house_image` (`house_id`,`img_class`,`image`) VALUES ('1','xgt','2017-10-12/59ded883ecb99.png') [ RunTime:0.0050s ]
SQL: INSERT INTO `house_image` (`house_id`,`img_class`,`image`) VALUES ('1','xgt','2017-10-12/59ded883ed751.png') [ RunTime:0.0050s ]
SQL: INSERT INTO `house_image` (`house_id`,`img_class`,`image`) VALUES ('1','xgt','2017-10-12/59ded883ee309.png') [ RunTime:0.0050s ]
SQL: INSERT INTO `house_image` (`house_id`,`img_class`,`image`) VALUES ('1','xgt','2017-10-12/59ded883ef2a9.png') [ RunTime:0.0050s ]
SQL: INSERT INTO `house_image` (`house_id`,`img_class`,`image`) VALUES ('1','xgt','2017-10-12/59ded88401211.png') [ RunTime:0.0050s ]
SQL: INSERT INTO `house_image` (`house_id`,`img_class`,`image`) VALUES ('1','xgt','2017-10-12/59ded884021b1.png') [ RunTime:0.0050s ]
SQL: INSERT INTO `house_image` (`house_id`,`img_class`,`image`) VALUES ('1','xgt','2017-10-12/59ded88403151.png') [ RunTime:0.0050s ]
SQL: INSERT INTO `house_image` (`house_id`,`img_class`,`image`) VALUES ('1','xgt','2017-10-12/59ded884040f1.png') [ RunTime:0.0050s ]
INFO: [ view_parse ] --START--
INFO: [ template_filter ] --START--
INFO: Run Behavior\ContentReplaceBehavior [ RunTime:0.000000s ]
INFO: [ template_filter ] --END-- [ RunTime:0.000000s ]
INFO: Run Behavior\ParseTemplateBehavior [ RunTime:0.013000s ]
INFO: [ view_parse ] --END-- [ RunTime:0.013000s ]
INFO: [ view_filter ] --START--
INFO: Run Behavior\WriteHtmlCacheBehavior [ RunTime:0.002000s ]
INFO: [ view_filter ] --END-- [ RunTime:0.002000s ]
INFO: [ app_end ] --START--
INFO: Run Behavior\ShowPageTraceBehavior [ RunTime:0.002000s ]
INFO: [ app_end ] --END-- [ RunTime:0.002000s ]

[ 2017-10-12T10:50:45+08:00 ] 127.0.0.1 /back.php/Lptxt/lpimg
INFO: [ app_init ] --START--
INFO: Run Behavior\BuildLiteBehavior [ RunTime:0.000000s ]
INFO: [ app_init ] --END-- [ RunTime:0.000000s ]
INFO: [ app_begin ] --START--
INFO: Run Behavior\ReadHtmlCacheBehavior [ RunTime:0.001000s ]
INFO: [ app_begin ] --END-- [ RunTime:0.001000s ]
SQL: SHOW COLUMNS FROM `house_info` [ RunTime:0.0060s ]
SQL: SELECT `house_id`,`house_name` FROM `house_info`  [ RunTime:0.0050s ]
INFO: [ view_parse ] --START--
INFO: [ template_filter ] --START--
INFO: Run Behavior\ContentReplaceBehavior [ RunTime:0.001000s ]
INFO: [ template_filter ] --END-- [ RunTime:0.001000s ]
INFO: Run Behavior\ParseTemplateBehavior [ RunTime:0.019000s ]
INFO: [ view_parse ] --END-- [ RunTime:0.019000s ]
INFO: [ view_filter ] --START--
INFO: Run Behavior\WriteHtmlCacheBehavior [ RunTime:0.002000s ]
INFO: [ view_filter ] --END-- [ RunTime:0.002000s ]
INFO: [ app_end ] --START--
INFO: Run Behavior\ShowPageTraceBehavior [ RunTime:0.002000s ]
INFO: [ app_end ] --END-- [ RunTime:0.002000s ]

[ 2017-10-12T10:50:57+08:00 ] 127.0.0.1 /back.php/Lptxt/lpimg
INFO: [ app_init ] --START--
INFO: Run Behavior\BuildLiteBehavior [ RunTime:0.000000s ]
INFO: [ app_init ] --END-- [ RunTime:0.001000s ]
INFO: [ app_begin ] --START--
INFO: Run Behavior\ReadHtmlCacheBehavior [ RunTime:0.002000s ]
INFO: [ app_begin ] --END-- [ RunTime:0.002000s ]
SQL: SHOW COLUMNS FROM `house_info` [ RunTime:0.0060s ]
SQL: SELECT `house_id`,`house_name` FROM `house_info`  [ RunTime:0.0050s ]
SQL: SHOW COLUMNS FROM `house_image` [ RunTime:0.0060s ]
NOTIC: [8] Undefined variable: savePath E:\phpStudy\WWW\99xinfang\Application\Back\Controller\LptxtController.class.php 第 262 行.
NOTIC: [2] call_user_func() expects parameter 1 to be a valid callback, no array or string given E:\phpStudy\WWW\99xinfang\ThinkPHP\Library\Think\Upload.class.php 第 170 行.
NOTIC: [2] call_user_func() expects parameter 1 to be a valid callback, no array or string given E:\phpStudy\WWW\99xinfang\ThinkPHP\Library\Think\Upload.class.php 第 170 行.
NOTIC: [2] call_user_func() expects parameter 1 to be a valid callback, no array or string given E:\phpStudy\WWW\99xinfang\ThinkPHP\Library\Think\Upload.class.php 第 170 行.
NOTIC: [2] call_user_func() expects parameter 1 to be a valid callback, no array or string given E:\phpStudy\WWW\99xinfang\ThinkPHP\Library\Think\Upload.class.php 第 170 行.
NOTIC: [2] call_user_func() expects parameter 1 to be a valid callback, no array or string given E:\phpStudy\WWW\99xinfang\ThinkPHP\Library\Think\Upload.class.php 第 170 行.
NOTIC: [2] call_user_func() expects parameter 1 to be a valid callback, no array or string given E:\phpStudy\WWW\99xinfang\ThinkPHP\Library\Think\Upload.class.php 第 170 行.
SQL: INSERT INTO `house_image` (`img_face`,`house_id`,`img_class`,`image`) VALUES ('1','1','sjt','2017-10-12/59ded89159821.png') [ RunTime:0.0050s ]
SQL: INSERT INTO `house_image` (`house_id`,`img_class`,`image`) VALUES ('1','sjt','2017-10-12/59ded8915b761.png') [ RunTime:0.0040s ]
SQL: INSERT INTO `house_image` (`house_id`,`img_class`,`image`) VALUES ('1','sjt','2017-10-12/59ded8915d6a1.png') [ RunTime:0.0040s ]
SQL: INSERT INTO `house_image` (`house_id`,`img_class`,`image`) VALUES ('1','sjt','2017-10-12/59ded8915f9c9.png') [ RunTime:0.0050s ]
SQL: INSERT INTO `house_image` (`house_id`,`img_class`,`image`) VALUES ('1','sjt','2017-10-12/59ded89161909.png') [ RunTime:0.0040s ]
SQL: INSERT INTO `house_image` (`house_id`,`img_class`,`image`) VALUES ('1','sjt','2017-10-12/59ded89163079.png') [ RunTime:0.0050s ]
INFO: [ view_parse ] --START--
INFO: [ template_filter ] --START--
INFO: Run Behavior\ContentReplaceBehavior [ RunTime:0.000000s ]
INFO: [ template_filter ] --END-- [ RunTime:0.000000s ]
INFO: Run Behavior\ParseTemplateBehavior [ RunTime:0.008000s ]
INFO: [ view_parse ] --END-- [ RunTime:0.008000s ]
INFO: [ view_filter ] --START--
INFO: Run Behavior\WriteHtmlCacheBehavior [ RunTime:0.001000s ]
INFO: [ view_filter ] --END-- [ RunTime:0.001000s ]
INFO: [ app_end ] --START--
INFO: Run Behavior\ShowPageTraceBehavior [ RunTime:0.001000s ]
INFO: [ app_end ] --END-- [ RunTime:0.001000s ]

[ 2017-10-12T10:50:58+08:00 ] 127.0.0.1 /back.php/Lptxt/lpimg
INFO: [ app_init ] --START--
INFO: Run Behavior\BuildLiteBehavior [ RunTime:0.000000s ]
INFO: [ app_init ] --END-- [ RunTime:0.001000s ]
INFO: [ app_begin ] --START--
INFO: Run Behavior\ReadHtmlCacheBehavior [ RunTime:0.002000s ]
INFO: [ app_begin ] --END-- [ RunTime:0.002000s ]
SQL: SHOW COLUMNS FROM `house_info` [ RunTime:0.0060s ]
SQL: SELECT `house_id`,`house_name` FROM `house_info`  [ RunTime:0.0050s ]
INFO: [ view_parse ] --START--
INFO: [ template_filter ] --START--
INFO: Run Behavior\ContentReplaceBehavior [ RunTime:0.000000s ]
INFO: [ template_filter ] --END-- [ RunTime:0.000000s ]
INFO: Run Behavior\ParseTemplateBehavior [ RunTime:0.020000s ]
INFO: [ view_parse ] --END-- [ RunTime:0.020000s ]
INFO: [ view_filter ] --START--
INFO: Run Behavior\WriteHtmlCacheBehavior [ RunTime:0.002000s ]
INFO: [ view_filter ] --END-- [ RunTime:0.002000s ]
INFO: [ app_end ] --START--
INFO: Run Behavior\ShowPageTraceBehavior [ RunTime:0.001000s ]
INFO: [ app_end ] --END-- [ RunTime:0.001000s ]

[ 2017-10-12T10:51:09+08:00 ] 127.0.0.1 /back.php/Lptxt/lpimg
INFO: [ app_init ] --START--
INFO: Run Behavior\BuildLiteBehavior [ RunTime:0.000000s ]
INFO: [ app_init ] --END-- [ RunTime:0.000000s ]
INFO: [ app_begin ] --START--
INFO: Run Behavior\ReadHtmlCacheBehavior [ RunTime:0.001000s ]
INFO: [ app_begin ] --END-- [ RunTime:0.001000s ]
SQL: SHOW COLUMNS FROM `house_info` [ RunTime:0.0070s ]
SQL: SELECT `house_id`,`house_name` FROM `house_info`  [ RunTime:0.0060s ]
SQL: SHOW COLUMNS FROM `house_image` [ RunTime:0.0060s ]
NOTIC: [8] Undefined variable: savePath E:\phpStudy\WWW\99xinfang\Application\Back\Controller\LptxtController.class.php 第 262 行.
NOTIC: [2] call_user_func() expects parameter 1 to be a valid callback, no array or string given E:\phpStudy\WWW\99xinfang\ThinkPHP\Library\Think\Upload.class.php 第 170 行.
NOTIC: [2] call_user_func() expects parameter 1 to be a valid callback, no array or string given E:\phpStudy\WWW\99xinfang\ThinkPHP\Library\Think\Upload.class.php 第 170 行.
NOTIC: [2] call_user_func() expects parameter 1 to be a valid callback, no array or string given E:\phpStudy\WWW\99xinfang\ThinkPHP\Library\Think\Upload.class.php 第 170 行.
NOTIC: [2] call_user_func() expects parameter 1 to be a valid callback, no array or string given E:\phpStudy\WWW\99xinfang\ThinkPHP\Library\Think\Upload.class.php 第 170 行.
NOTIC: [2] call_user_func() expects parameter 1 to be a valid callback, no array or string given E:\phpStudy\WWW\99xinfang\ThinkPHP\Library\Think\Upload.class.php 第 170 行.
NOTIC: [2] call_user_func() expects parameter 1 to be a valid callback, no array or string given E:\phpStudy\WWW\99xinfang\ThinkPHP\Library\Think\Upload.class.php 第 170 行.
NOTIC: [2] call_user_func() expects parameter 1 to be a valid callback, no array or string given E:\phpStudy\WWW\99xinfang\ThinkPHP\Library\Think\Upload.class.php 第 170 行.
NOTIC: [2] call_user_func() expects parameter 1 to be a valid callback, no array or string given E:\phpStudy\WWW\99xinfang\ThinkPHP\Library\Think\Upload.class.php 第 170 行.
NOTIC: [2] call_user_func() expects parameter 1 to be a valid callback, no array or string given E:\phpStudy\WWW\99xinfang\ThinkPHP\Library\Think\Upload.class.php 第 170 行.
NOTIC: [2] call_user_func() expects parameter 1 to be a valid callback, no array or string given E:\phpStudy\WWW\99xinfang\ThinkPHP\Library\Think\Upload.class.php 第 170 行.
SQL: INSERT INTO `house_image` (`img_face`,`house_id`,`img_class`,`image`) VALUES ('1','1','ybj','2017-10-12/59ded89d194c9.png') [ RunTime:0.0050s ]
SQL: INSERT INTO `house_image` (`house_id`,`img_class`,`image`) VALUES ('1','ybj','2017-10-12/59ded89d1a851.png') [ RunTime:0.0050s ]
SQL: INSERT INTO `house_image` (`house_id`,`img_class`,`image`) VALUES ('1','ybj','2017-10-12/59ded89d1bbd9.png') [ RunTime:0.0050s ]
SQL: INSERT INTO `house_image` (`house_id`,`img_class`,`image`) VALUES ('1','ybj','2017-10-12/59ded89d1c791.png') [ RunTime:0.0050s ]
SQL: INSERT INTO `house_image` (`house_id`,`img_class`,`image`) VALUES ('1','ybj','2017-10-12/59ded89d1d731.png') [ RunTime:0.0060s ]
SQL: INSERT INTO `house_image` (`house_id`,`img_class`,`image`) VALUES ('1','ybj','2017-10-12/59ded89d1e6d1.png') [ RunTime:0.0050s ]
SQL: INSERT INTO `house_image` (`house_id`,`img_class`,`image`) VALUES ('1','ybj','2017-10-12/59ded89d1f289.png') [ RunTime:0.0050s ]
SQL: INSERT INTO `house_image` (`house_id`,`img_class`,`image`) VALUES ('1','ybj','2017-10-12/59ded89d1fe41.png') [ RunTime:0.0060s ]
SQL: INSERT INTO `house_image` (`house_id`,`img_class`,`image`) VALUES ('1','ybj','2017-10-12/59ded89d209f9.png') [ RunTime:0.0050s ]
SQL: INSERT INTO `house_image` (`house_id`,`img_class`,`image`) VALUES ('1','ybj','2017-10-12/59ded89d215b1.png') [ RunTime:0.0050s ]
INFO: [ view_parse ] --START--
INFO: [ template_filter ] --START--
INFO: Run Behavior\ContentReplaceBehavior [ RunTime:0.000000s ]
INFO: [ template_filter ] --END-- [ RunTime:0.000000s ]
INFO: Run Behavior\ParseTemplateBehavior [ RunTime:0.014000s ]
INFO: [ view_parse ] --END-- [ RunTime:0.014000s ]
INFO: [ view_filter ] --START--
INFO: Run Behavior\WriteHtmlCacheBehavior [ RunTime:0.002000s ]
INFO: [ view_filter ] --END-- [ RunTime:0.002000s ]
INFO: [ app_end ] --START--
INFO: Run Behavior\ShowPageTraceBehavior [ RunTime:0.002000s ]
INFO: [ app_end ] --END-- [ RunTime:0.003000s ]

[ 2017-10-12T10:51:10+08:00 ] 127.0.0.1 /back.php/Lptxt/lpimg
INFO: [ app_init ] --START--
INFO: Run Behavior\BuildLiteBehavior [ RunTime:0.000000s ]
INFO: [ app_init ] --END-- [ RunTime:0.001000s ]
INFO: [ app_begin ] --START--
INFO: Run Behavior\ReadHtmlCacheBehavior [ RunTime:0.001000s ]
INFO: [ app_begin ] --END-- [ RunTime:0.001000s ]
SQL: SHOW COLUMNS FROM `house_info` [ RunTime:0.0060s ]
SQL: SELECT `house_id`,`house_name` FROM `house_info`  [ RunTime:0.0050s ]
INFO: [ view_parse ] --START--
INFO: [ template_filter ] --START--
INFO: Run Behavior\ContentReplaceBehavior [ RunTime:0.000000s ]
INFO: [ template_filter ] --END-- [ RunTime:0.000000s ]
INFO: Run Behavior\ParseTemplateBehavior [ RunTime:0.010000s ]
INFO: [ view_parse ] --END-- [ RunTime:0.010000s ]
INFO: [ view_filter ] --START--
INFO: Run Behavior\WriteHtmlCacheBehavior [ RunTime:0.001000s ]
INFO: [ view_filter ] --END-- [ RunTime:0.001000s ]
INFO: [ app_end ] --START--
INFO: Run Behavior\ShowPageTraceBehavior [ RunTime:0.001000s ]
INFO: [ app_end ] --END-- [ RunTime:0.001000s ]

[ 2017-10-12T10:51:26+08:00 ] 127.0.0.1 /back.php/Lptxt/lpimg
INFO: [ app_init ] --START--
INFO: Run Behavior\BuildLiteBehavior [ RunTime:0.000000s ]
INFO: [ app_init ] --END-- [ RunTime:0.001000s ]
INFO: [ app_begin ] --START--
INFO: Run Behavior\ReadHtmlCacheBehavior [ RunTime:0.001000s ]
INFO: [ app_begin ] --END-- [ RunTime:0.001000s ]
SQL: SHOW COLUMNS FROM `house_info` [ RunTime:0.0070s ]
SQL: SELECT `house_id`,`house_name` FROM `house_info`  [ RunTime:0.0060s ]
SQL: SHOW COLUMNS FROM `house_image` [ RunTime:0.0070s ]
NOTIC: [8] Undefined variable: savePath E:\phpStudy\WWW\99xinfang\Application\Back\Controller\LptxtController.class.php 第 262 行.
NOTIC: [2] call_user_func() expects parameter 1 to be a valid callback, no array or string given E:\phpStudy\WWW\99xinfang\ThinkPHP\Library\Think\Upload.class.php 第 170 行.
SQL: INSERT INTO `house_image` (`img_face`,`house_id`,`img_class`,`image`) VALUES ('1','1','ght','2017-10-12/59ded8ae7a391.png') [ RunTime:0.0050s ]
INFO: [ view_parse ] --START--
INFO: [ template_filter ] --START--
INFO: Run Behavior\ContentReplaceBehavior [ RunTime:0.000000s ]
INFO: [ template_filter ] --END-- [ RunTime:0.000000s ]
INFO: Run Behavior\ParseTemplateBehavior [ RunTime:0.006000s ]
INFO: [ view_parse ] --END-- [ RunTime:0.006000s ]
INFO: [ view_filter ] --START--
INFO: Run Behavior\WriteHtmlCacheBehavior [ RunTime:0.001000s ]
INFO: [ view_filter ] --END-- [ RunTime:0.001000s ]
INFO: [ app_end ] --START--
INFO: Run Behavior\ShowPageTraceBehavior [ RunTime:0.001000s ]
INFO: [ app_end ] --END-- [ RunTime:0.001000s ]

[ 2017-10-12T10:51:27+08:00 ] 127.0.0.1 /back.php/Lptxt/lpimg
INFO: [ app_init ] --START--
INFO: Run Behavior\BuildLiteBehavior [ RunTime:0.000000s ]
INFO: [ app_init ] --END-- [ RunTime:0.001000s ]
INFO: [ app_begin ] --START--
INFO: Run Behavior\ReadHtmlCacheBehavior [ RunTime:0.002000s ]
INFO: [ app_begin ] --END-- [ RunTime:0.002000s ]
SQL: SHOW COLUMNS FROM `house_info` [ RunTime:0.0060s ]
SQL: SELECT `house_id`,`house_name` FROM `house_info`  [ RunTime:0.0050s ]
INFO: [ view_parse ] --START--
INFO: [ template_filter ] --START--
INFO: Run Behavior\ContentReplaceBehavior [ RunTime:0.000000s ]
INFO: [ template_filter ] --END-- [ RunTime:0.000000s ]
INFO: Run Behavior\ParseTemplateBehavior [ RunTime:0.009000s ]
INFO: [ view_parse ] --END-- [ RunTime:0.009000s ]
INFO: [ view_filter ] --START--
INFO: Run Behavior\WriteHtmlCacheBehavior [ RunTime:0.001000s ]
INFO: [ view_filter ] --END-- [ RunTime:0.001000s ]
INFO: [ app_end ] --START--
INFO: Run Behavior\ShowPageTraceBehavior [ RunTime:0.002000s ]
INFO: [ app_end ] --END-- [ RunTime:0.002000s ]

[ 2017-10-12T10:51:40+08:00 ] 127.0.0.1 /back.php/Lptxt/lpimg
INFO: [ app_init ] --START--
INFO: Run Behavior\BuildLiteBehavior [ RunTime:0.000000s ]
INFO: [ app_init ] --END-- [ RunTime:0.001000s ]
INFO: [ app_begin ] --START--
INFO: Run Behavior\ReadHtmlCacheBehavior [ RunTime:0.001000s ]
INFO: [ app_begin ] --END-- [ RunTime:0.001000s ]
SQL: SHOW COLUMNS FROM `house_info` [ RunTime:0.0060s ]
SQL: SELECT `house_id`,`house_name` FROM `house_info`  [ RunTime:0.0050s ]
SQL: SHOW COLUMNS FROM `house_image` [ RunTime:0.0050s ]
NOTIC: [8] Undefined variable: savePath E:\phpStudy\WWW\99xinfang\Application\Back\Controller\LptxtController.class.php 第 262 行.
NOTIC: [2] call_user_func() expects parameter 1 to be a valid callback, no array or string given E:\phpStudy\WWW\99xinfang\ThinkPHP\Library\Think\Upload.class.php 第 170 行.
NOTIC: [2] call_user_func() expects parameter 1 to be a valid callback, no array or string given E:\phpStudy\WWW\99xinfang\ThinkPHP\Library\Think\Upload.class.php 第 170 行.
NOTIC: [2] call_user_func() expects parameter 1 to be a valid callback, no array or string given E:\phpStudy\WWW\99xinfang\ThinkPHP\Library\Think\Upload.class.php 第 170 行.
NOTIC: [2] call_user_func() expects parameter 1 to be a valid callback, no array or string given E:\phpStudy\WWW\99xinfang\ThinkPHP\Library\Think\Upload.class.php 第 170 行.
NOTIC: [2] call_user_func() expects parameter 1 to be a valid callback, no array or string given E:\phpStudy\WWW\99xinfang\ThinkPHP\Library\Think\Upload.class.php 第 170 行.
NOTIC: [2] call_user_func() expects parameter 1 to be a valid callback, no array or string given E:\phpStudy\WWW\99xinfang\ThinkPHP\Library\Think\Upload.class.php 第 170 行.
NOTIC: [2] call_user_func() expects parameter 1 to be a valid callback, no array or string given E:\phpStudy\WWW\99xinfang\ThinkPHP\Library\Think\Upload.class.php 第 170 行.
NOTIC: [2] call_user_func() expects parameter 1 to be a valid callback, no array or string given E:\phpStudy\WWW\99xinfang\ThinkPHP\Library\Think\Upload.class.php 第 170 行.
NOTIC: [2] call_user_func() expects parameter 1 to be a valid callback, no array or string given E:\phpStudy\WWW\99xinfang\ThinkPHP\Library\Think\Upload.class.php 第 170 行.
SQL: INSERT INTO `house_image` (`img_face`,`house_id`,`img_class`,`image`) VALUES ('1','1','ptt','2017-10-12/59ded8bcd4111.jpg') [ RunTime:0.0050s ]
SQL: INSERT INTO `house_image` (`house_id`,`img_class`,`image`) VALUES ('1','ptt','2017-10-12/59ded8bcd6ff1.jpg') [ RunTime:0.0050s ]
SQL: INSERT INTO `house_image` (`house_id`,`img_class`,`image`) VALUES ('1','ptt','2017-10-12/59ded8bcd9ae9.jpg') [ RunTime:0.0050s ]
SQL: INSERT INTO `house_image` (`house_id`,`img_class`,`image`) VALUES ('1','ptt','2017-10-12/59ded8bcdbe11.jpg') [ RunTime:0.0050s ]
SQL: INSERT INTO `house_image` (`house_id`,`img_class`,`image`) VALUES ('1','ptt','2017-10-12/59ded8bcddd51.jpg') [ RunTime:0.0050s ]
SQL: INSERT INTO `house_image` (`house_id`,`img_class`,`image`) VALUES ('1','ptt','2017-10-12/59ded8bcdf4c1.jpg') [ RunTime:0.0040s ]
SQL: INSERT INTO `house_image` (`house_id`,`img_class`,`image`) VALUES ('1','ptt','2017-10-12/59ded8bce1401.jpg') [ RunTime:0.0050s ]
SQL: INSERT INTO `house_image` (`house_id`,`img_class`,`image`) VALUES ('1','ptt','2017-10-12/59ded8bce2f59.png') [ RunTime:0.0050s ]
SQL: INSERT INTO `house_image` (`house_id`,`img_class`,`image`) VALUES ('1','ptt','2017-10-12/59ded8bce3ef9.png') [ RunTime:0.0050s ]
INFO: [ view_parse ] --START--
INFO: [ template_filter ] --START--
INFO: Run Behavior\ContentReplaceBehavior [ RunTime:0.000000s ]
INFO: [ template_filter ] --END-- [ RunTime:0.000000s ]
INFO: Run Behavior\ParseTemplateBehavior [ RunTime:0.008000s ]
INFO: [ view_parse ] --END-- [ RunTime:0.008000s ]
INFO: [ view_filter ] --START--
INFO: Run Behavior\WriteHtmlCacheBehavior [ RunTime:0.001000s ]
INFO: [ view_filter ] --END-- [ RunTime:0.001000s ]
INFO: [ app_end ] --START--
INFO: Run Behavior\ShowPageTraceBehavior [ RunTime:0.001000s ]
INFO: [ app_end ] --END-- [ RunTime:0.001000s ]

[ 2017-10-12T10:51:42+08:00 ] 127.0.0.1 /back.php/Lptxt/lpimg
INFO: [ app_init ] --START--
INFO: Run Behavior\BuildLiteBehavior [ RunTime:0.000000s ]
INFO: [ app_init ] --END-- [ RunTime:0.001000s ]
INFO: [ app_begin ] --START--
INFO: Run Behavior\ReadHtmlCacheBehavior [ RunTime:0.001000s ]
INFO: [ app_begin ] --END-- [ RunTime:0.001000s ]
SQL: SHOW COLUMNS FROM `house_info` [ RunTime:0.0060s ]
SQL: SELECT `house_id`,`house_name` FROM `house_info`  [ RunTime:0.0050s ]
INFO: [ view_parse ] --START--
INFO: [ template_filter ] --START--
INFO: Run Behavior\ContentReplaceBehavior [ RunTime:0.000000s ]
INFO: [ template_filter ] --END-- [ RunTime:0.000000s ]
INFO: Run Behavior\ParseTemplateBehavior [ RunTime:0.010000s ]
INFO: [ view_parse ] --END-- [ RunTime:0.010000s ]
INFO: [ view_filter ] --START--
INFO: Run Behavior\WriteHtmlCacheBehavior [ RunTime:0.001000s ]
INFO: [ view_filter ] --END-- [ RunTime:0.001000s ]
INFO: [ app_end ] --START--
INFO: Run Behavior\ShowPageTraceBehavior [ RunTime:0.001000s ]
INFO: [ app_end ] --END-- [ RunTime:0.001000s ]

[ 2017-10-12T10:51:51+08:00 ] 127.0.0.1 /back.php/Lptxt/lpimg
INFO: [ app_init ] --START--
INFO: Run Behavior\BuildLiteBehavior [ RunTime:0.000000s ]
INFO: [ app_init ] --END-- [ RunTime:0.001000s ]
INFO: [ app_begin ] --START--
INFO: Run Behavior\ReadHtmlCacheBehavior [ RunTime:0.001000s ]
INFO: [ app_begin ] --END-- [ RunTime:0.001000s ]
SQL: SHOW COLUMNS FROM `house_info` [ RunTime:0.0070s ]
SQL: SELECT `house_id`,`house_name` FROM `house_info`  [ RunTime:0.0060s ]
SQL: SHOW COLUMNS FROM `house_image` [ RunTime:0.0070s ]
NOTIC: [8] Undefined variable: savePath E:\phpStudy\WWW\99xinfang\Application\Back\Controller\LptxtController.class.php 第 262 行.
NOTIC: [2] call_user_func() expects parameter 1 to be a valid callback, no array or string given E:\phpStudy\WWW\99xinfang\ThinkPHP\Library\Think\Upload.class.php 第 170 行.
SQL: INSERT INTO `house_image` (`img_face`,`house_id`,`img_class`,`image`) VALUES ('1','1','face','2017-10-12/59ded8c789d91.jpg') [ RunTime:0.0060s ]
INFO: [ view_parse ] --START--
INFO: [ template_filter ] --START--
INFO: Run Behavior\ContentReplaceBehavior [ RunTime:0.000000s ]
INFO: [ template_filter ] --END-- [ RunTime:0.000000s ]
INFO: Run Behavior\ParseTemplateBehavior [ RunTime:0.013000s ]
INFO: [ view_parse ] --END-- [ RunTime:0.013000s ]
INFO: [ view_filter ] --START--
INFO: Run Behavior\WriteHtmlCacheBehavior [ RunTime:0.001000s ]
INFO: [ view_filter ] --END-- [ RunTime:0.001000s ]
INFO: [ app_end ] --START--
INFO: Run Behavior\ShowPageTraceBehavior [ RunTime:0.002000s ]
INFO: [ app_end ] --END-- [ RunTime:0.002000s ]

[ 2017-10-12T10:51:52+08:00 ] 127.0.0.1 /back.php/Lptxt/lpimg
INFO: [ app_init ] --START--
INFO: Run Behavior\BuildLiteBehavior [ RunTime:0.000000s ]
INFO: [ app_init ] --END-- [ RunTime:0.001000s ]
INFO: [ app_begin ] --START--
INFO: Run Behavior\ReadHtmlCacheBehavior [ RunTime:0.002000s ]
INFO: [ app_begin ] --END-- [ RunTime:0.002000s ]
SQL: SHOW COLUMNS FROM `house_info` [ RunTime:0.0070s ]
SQL: SELECT `house_id`,`house_name` FROM `house_info`  [ RunTime:0.0060s ]
INFO: [ view_parse ] --START--
INFO: [ template_filter ] --START--
INFO: Run Behavior\ContentReplaceBehavior [ RunTime:0.000000s ]
INFO: [ template_filter ] --END-- [ RunTime:0.000000s ]
INFO: Run Behavior\ParseTemplateBehavior [ RunTime:0.010000s ]
INFO: [ view_parse ] --END-- [ RunTime:0.010000s ]
INFO: [ view_filter ] --START--
INFO: Run Behavior\WriteHtmlCacheBehavior [ RunTime:0.001000s ]
INFO: [ view_filter ] --END-- [ RunTime:0.001000s ]
INFO: [ app_end ] --START--
INFO: Run Behavior\ShowPageTraceBehavior [ RunTime:0.002000s ]
INFO: [ app_end ] --END-- [ RunTime:0.002000s ]

[ 2017-10-12T11:09:30+08:00 ] 127.0.0.1 /back.php/Lptxt/lpimg
INFO: [ app_init ] --START--
INFO: Run Behavior\BuildLiteBehavior [ RunTime:0.000000s ]
INFO: [ app_init ] --END-- [ RunTime:0.000000s ]
INFO: [ app_begin ] --START--
INFO: Run Behavior\ReadHtmlCacheBehavior [ RunTime:0.001000s ]
INFO: [ app_begin ] --END-- [ RunTime:0.001000s ]
SQL: SHOW COLUMNS FROM `house_info` [ RunTime:0.0070s ]
SQL: SELECT `house_id`,`house_name` FROM `house_info`  [ RunTime:0.0060s ]
INFO: [ view_parse ] --START--
INFO: [ template_filter ] --START--
INFO: Run Behavior\ContentReplaceBehavior [ RunTime:0.000000s ]
INFO: [ template_filter ] --END-- [ RunTime:0.000000s ]
INFO: Run Behavior\ParseTemplateBehavior [ RunTime:0.008000s ]
INFO: [ view_parse ] --END-- [ RunTime:0.008000s ]
INFO: [ view_filter ] --START--
INFO: Run Behavior\WriteHtmlCacheBehavior [ RunTime:0.000000s ]
INFO: [ view_filter ] --END-- [ RunTime:0.001000s ]
INFO: [ app_end ] --START--
INFO: Run Behavior\ShowPageTraceBehavior [ RunTime:0.000000s ]
INFO: [ app_end ] --END-- [ RunTime:0.000000s ]

[ 2017-10-12T11:09:41+08:00 ] 127.0.0.1 /back.php/Lptxt/lpimg
INFO: [ app_init ] --START--
INFO: Run Behavior\BuildLiteBehavior [ RunTime:0.000000s ]
INFO: [ app_init ] --END-- [ RunTime:0.000000s ]
INFO: [ app_begin ] --START--
INFO: Run Behavior\ReadHtmlCacheBehavior [ RunTime:0.001000s ]
INFO: [ app_begin ] --END-- [ RunTime:0.001000s ]
SQL: SHOW COLUMNS FROM `house_info` [ RunTime:0.0060s ]
SQL: SELECT `house_id`,`house_name` FROM `house_info`  [ RunTime:0.0050s ]
SQL: SHOW COLUMNS FROM `house_image` [ RunTime:0.0050s ]
NOTIC: [8] Undefined variable: savePath E:\phpStudy\WWW\99xinfang\Application\Back\Controller\LptxtController.class.php 第 262 行.
NOTIC: [2] call_user_func() expects parameter 1 to be a valid callback, no array or string given E:\phpStudy\WWW\99xinfang\ThinkPHP\Library\Think\Upload.class.php 第 170 行.
NOTIC: [2] call_user_func() expects parameter 1 to be a valid callback, no array or string given E:\phpStudy\WWW\99xinfang\ThinkPHP\Library\Think\Upload.class.php 第 170 行.
NOTIC: [2] call_user_func() expects parameter 1 to be a valid callback, no array or string given E:\phpStudy\WWW\99xinfang\ThinkPHP\Library\Think\Upload.class.php 第 170 行.
NOTIC: [2] call_user_func() expects parameter 1 to be a valid callback, no array or string given E:\phpStudy\WWW\99xinfang\ThinkPHP\Library\Think\Upload.class.php 第 170 行.
NOTIC: [2] call_user_func() expects parameter 1 to be a valid callback, no array or string given E:\phpStudy\WWW\99xinfang\ThinkPHP\Library\Think\Upload.class.php 第 170 行.
NOTIC: [2] call_user_func() expects parameter 1 to be a valid callback, no array or string given E:\phpStudy\WWW\99xinfang\ThinkPHP\Library\Think\Upload.class.php 第 170 行.
NOTIC: [2] call_user_func() expects parameter 1 to be a valid callback, no array or string given E:\phpStudy\WWW\99xinfang\ThinkPHP\Library\Think\Upload.class.php 第 170 行.
NOTIC: [2] call_user_func() expects parameter 1 to be a valid callback, no array or string given E:\phpStudy\WWW\99xinfang\ThinkPHP\Library\Think\Upload.class.php 第 170 行.
NOTIC: [2] call_user_func() expects parameter 1 to be a valid callback, no array or string given E:\phpStudy\WWW\99xinfang\ThinkPHP\Library\Think\Upload.class.php 第 170 行.
NOTIC: [2] call_user_func() expects parameter 1 to be a valid callback, no array or string given E:\phpStudy\WWW\99xinfang\ThinkPHP\Library\Think\Upload.class.php 第 170 行.
SQL: INSERT INTO `house_image` (`img_face`,`house_id`,`img_class`,`image`) VALUES ('1','1','xgt','2017-10-12/59dedcf572691.png') [ RunTime:0.0050s ]
SQL: INSERT INTO `house_image` (`house_id`,`img_class`,`image`) VALUES ('1','xgt','2017-10-12/59dedcf573631.png') [ RunTime:0.0050s ]
SQL: INSERT INTO `house_image` (`house_id`,`img_class`,`image`) VALUES ('1','xgt','2017-10-12/59dedcf5745d1.png') [ RunTime:0.0040s ]
SQL: INSERT INTO `house_image` (`house_id`,`img_class`,`image`) VALUES ('1','xgt','2017-10-12/59dedcf574da1.png') [ RunTime:0.0040s ]
SQL: INSERT INTO `house_image` (`house_id`,`img_class`,`image`) VALUES ('1','xgt','2017-10-12/59dedcf575959.png') [ RunTime:0.0050s ]
SQL: INSERT INTO `house_image` (`house_id`,`img_class`,`image`) VALUES ('1','xgt','2017-10-12/59dedcf5768f9.png') [ RunTime:0.0050s ]
SQL: INSERT INTO `house_image` (`house_id`,`img_class`,`image`) VALUES ('1','xgt','2017-10-12/59dedcf5774b1.png') [ RunTime:0.0050s ]
SQL: INSERT INTO `house_image` (`house_id`,`img_class`,`image`) VALUES ('1','xgt','2017-10-12/59dedcf57bb01.png') [ RunTime:0.0050s ]
SQL: INSERT INTO `house_image` (`house_id`,`img_class`,`image`) VALUES ('1','xgt','2017-10-12/59dedcf57c6b9.png') [ RunTime:0.0050s ]
SQL: INSERT INTO `house_image` (`house_id`,`img_class`,`image`) VALUES ('1','xgt','2017-10-12/59dedcf57d271.png') [ RunTime:0.0050s ]
INFO: [ view_parse ] --START--
INFO: [ template_filter ] --START--
INFO: Run Behavior\ContentReplaceBehavior [ RunTime:0.000000s ]
INFO: [ template_filter ] --END-- [ RunTime:0.001000s ]
INFO: Run Behavior\ParseTemplateBehavior [ RunTime:0.012000s ]
INFO: [ view_parse ] --END-- [ RunTime:0.012000s ]
INFO: [ view_filter ] --START--
INFO: Run Behavior\WriteHtmlCacheBehavior [ RunTime:0.001000s ]
INFO: [ view_filter ] --END-- [ RunTime:0.001000s ]
INFO: [ app_end ] --START--
INFO: Run Behavior\ShowPageTraceBehavior [ RunTime:0.001000s ]
INFO: [ app_end ] --END-- [ RunTime:0.001000s ]

[ 2017-10-12T11:09:42+08:00 ] 127.0.0.1 /back.php/Lptxt/lpimg
INFO: [ app_init ] --START--
INFO: Run Behavior\BuildLiteBehavior [ RunTime:0.000000s ]
INFO: [ app_init ] --END-- [ RunTime:0.001000s ]
INFO: [ app_begin ] --START--
INFO: Run Behavior\ReadHtmlCacheBehavior [ RunTime:0.001000s ]
INFO: [ app_begin ] --END-- [ RunTime:0.001000s ]
SQL: SHOW COLUMNS FROM `house_info` [ RunTime:0.0060s ]
SQL: SELECT `house_id`,`house_name` FROM `house_info`  [ RunTime:0.0050s ]
INFO: [ view_parse ] --START--
INFO: [ template_filter ] --START--
INFO: Run Behavior\ContentReplaceBehavior [ RunTime:0.000000s ]
INFO: [ template_filter ] --END-- [ RunTime:0.001000s ]
INFO: Run Behavior\ParseTemplateBehavior [ RunTime:0.008000s ]
INFO: [ view_parse ] --END-- [ RunTime:0.008000s ]
INFO: [ view_filter ] --START--
INFO: Run Behavior\WriteHtmlCacheBehavior [ RunTime:0.001000s ]
INFO: [ view_filter ] --END-- [ RunTime:0.001000s ]
INFO: [ app_end ] --START--
INFO: Run Behavior\ShowPageTraceBehavior [ RunTime:0.000000s ]
INFO: [ app_end ] --END-- [ RunTime:0.000000s ]

[ 2017-10-12T11:09:53+08:00 ] 127.0.0.1 /back.php/Lptxt/lpimg
INFO: [ app_init ] --START--
INFO: Run Behavior\BuildLiteBehavior [ RunTime:0.000000s ]
INFO: [ app_init ] --END-- [ RunTime:0.001000s ]
INFO: [ app_begin ] --START--
INFO: Run Behavior\ReadHtmlCacheBehavior [ RunTime:0.000000s ]
INFO: [ app_begin ] --END-- [ RunTime:0.000000s ]
SQL: SHOW COLUMNS FROM `house_info` [ RunTime:0.0070s ]
SQL: SELECT `house_id`,`house_name` FROM `house_info`  [ RunTime:0.0060s ]
SQL: SHOW COLUMNS FROM `house_image` [ RunTime:0.0060s ]
NOTIC: [8] Undefined variable: savePath E:\phpStudy\WWW\99xinfang\Application\Back\Controller\LptxtController.class.php 第 262 行.
NOTIC: [2] call_user_func() expects parameter 1 to be a valid callback, no array or string given E:\phpStudy\WWW\99xinfang\ThinkPHP\Library\Think\Upload.class.php 第 170 行.
NOTIC: [2] call_user_func() expects parameter 1 to be a valid callback, no array or string given E:\phpStudy\WWW\99xinfang\ThinkPHP\Library\Think\Upload.class.php 第 170 行.
NOTIC: [2] call_user_func() expects parameter 1 to be a valid callback, no array or string given E:\phpStudy\WWW\99xinfang\ThinkPHP\Library\Think\Upload.class.php 第 170 行.
NOTIC: [2] call_user_func() expects parameter 1 to be a valid callback, no array or string given E:\phpStudy\WWW\99xinfang\ThinkPHP\Library\Think\Upload.class.php 第 170 行.
NOTIC: [2] call_user_func() expects parameter 1 to be a valid callback, no array or string given E:\phpStudy\WWW\99xinfang\ThinkPHP\Library\Think\Upload.class.php 第 170 行.
NOTIC: [2] call_user_func() expects parameter 1 to be a valid callback, no array or string given E:\phpStudy\WWW\99xinfang\ThinkPHP\Library\Think\Upload.class.php 第 170 行.
SQL: INSERT INTO `house_image` (`img_face`,`house_id`,`img_class`,`image`) VALUES ('1','1','sjt','2017-10-12/59dedd01847a1.png') [ RunTime:0.0060s ]
SQL: INSERT INTO `house_image` (`house_id`,`img_class`,`image`) VALUES ('1','sjt','2017-10-12/59dedd0185f11.png') [ RunTime:0.0060s ]
SQL: INSERT INTO `house_image` (`house_id`,`img_class`,`image`) VALUES ('1','sjt','2017-10-12/59dedd0187681.png') [ RunTime:0.0060s ]
SQL: INSERT INTO `house_image` (`house_id`,`img_class`,`image`) VALUES ('1','sjt','2017-10-12/59dedd0188df1.png') [ RunTime:0.0060s ]
SQL: INSERT INTO `house_image` (`house_id`,`img_class`,`image`) VALUES ('1','sjt','2017-10-12/59dedd0189d91.png') [ RunTime:0.0060s ]
SQL: INSERT INTO `house_image` (`house_id`,`img_class`,`image`) VALUES ('1','sjt','2017-10-12/59dedd018b119.png') [ RunTime:0.0050s ]
INFO: [ view_parse ] --START--
INFO: [ template_filter ] --START--
INFO: Run Behavior\ContentReplaceBehavior [ RunTime:0.000000s ]
INFO: [ template_filter ] --END-- [ RunTime:0.000000s ]
INFO: Run Behavior\ParseTemplateBehavior [ RunTime:0.007000s ]
INFO: [ view_parse ] --END-- [ RunTime:0.007000s ]
INFO: [ view_filter ] --START--
INFO: Run Behavior\WriteHtmlCacheBehavior [ RunTime:0.000000s ]
INFO: [ view_filter ] --END-- [ RunTime:0.000000s ]
INFO: [ app_end ] --START--
INFO: Run Behavior\ShowPageTraceBehavior [ RunTime:0.001000s ]
INFO: [ app_end ] --END-- [ RunTime:0.001000s ]

[ 2017-10-12T11:09:54+08:00 ] 127.0.0.1 /back.php/Lptxt/lpimg
INFO: [ app_init ] --START--
INFO: Run Behavior\BuildLiteBehavior [ RunTime:0.000000s ]
INFO: [ app_init ] --END-- [ RunTime:0.001000s ]
INFO: [ app_begin ] --START--
INFO: Run Behavior\ReadHtmlCacheBehavior [ RunTime:0.001000s ]
INFO: [ app_begin ] --END-- [ RunTime:0.001000s ]
SQL: SHOW COLUMNS FROM `house_info` [ RunTime:0.0070s ]
SQL: SELECT `house_id`,`house_name` FROM `house_info`  [ RunTime:0.0060s ]
INFO: [ view_parse ] --START--
INFO: [ template_filter ] --START--
INFO: Run Behavior\ContentReplaceBehavior [ RunTime:0.000000s ]
INFO: [ template_filter ] --END-- [ RunTime:0.000000s ]
INFO: Run Behavior\ParseTemplateBehavior [ RunTime:0.016000s ]
INFO: [ view_parse ] --END-- [ RunTime:0.016000s ]
INFO: [ view_filter ] --START--
INFO: Run Behavior\WriteHtmlCacheBehavior [ RunTime:0.001000s ]
INFO: [ view_filter ] --END-- [ RunTime:0.001000s ]
INFO: [ app_end ] --START--
INFO: Run Behavior\ShowPageTraceBehavior [ RunTime:0.001000s ]
INFO: [ app_end ] --END-- [ RunTime:0.001000s ]

[ 2017-10-12T11:10:06+08:00 ] 127.0.0.1 /back.php/Lptxt/lpimg
INFO: [ app_init ] --START--
INFO: Run Behavior\BuildLiteBehavior [ RunTime:0.000000s ]
INFO: [ app_init ] --END-- [ RunTime:0.000000s ]
INFO: [ app_begin ] --START--
INFO: Run Behavior\ReadHtmlCacheBehavior [ RunTime:0.001000s ]
INFO: [ app_begin ] --END-- [ RunTime:0.001000s ]
SQL: SHOW COLUMNS FROM `house_info` [ RunTime:0.0070s ]
SQL: SELECT `house_id`,`house_name` FROM `house_info`  [ RunTime:0.0060s ]
SQL: SHOW COLUMNS FROM `house_image` [ RunTime:0.0070s ]
NOTIC: [8] Undefined variable: savePath E:\phpStudy\WWW\99xinfang\Application\Back\Controller\LptxtController.class.php 第 262 行.
NOTIC: [2] call_user_func() expects parameter 1 to be a valid callback, no array or string given E:\phpStudy\WWW\99xinfang\ThinkPHP\Library\Think\Upload.class.php 第 170 行.
NOTIC: [2] call_user_func() expects parameter 1 to be a valid callback, no array or string given E:\phpStudy\WWW\99xinfang\ThinkPHP\Library\Think\Upload.class.php 第 170 行.
NOTIC: [2] call_user_func() expects parameter 1 to be a valid callback, no array or string given E:\phpStudy\WWW\99xinfang\ThinkPHP\Library\Think\Upload.class.php 第 170 行.
NOTIC: [2] call_user_func() expects parameter 1 to be a valid callback, no array or string given E:\phpStudy\WWW\99xinfang\ThinkPHP\Library\Think\Upload.class.php 第 170 行.
NOTIC: [2] call_user_func() expects parameter 1 to be a valid callback, no array or string given E:\phpStudy\WWW\99xinfang\ThinkPHP\Library\Think\Upload.class.php 第 170 行.
NOTIC: [2] call_user_func() expects parameter 1 to be a valid callback, no array or string given E:\phpStudy\WWW\99xinfang\ThinkPHP\Library\Think\Upload.class.php 第 170 行.
NOTIC: [2] call_user_func() expects parameter 1 to be a valid callback, no array or string given E:\phpStudy\WWW\99xinfang\ThinkPHP\Library\Think\Upload.class.php 第 170 行.
NOTIC: [2] call_user_func() expects parameter 1 to be a valid callback, no array or string given E:\phpStudy\WWW\99xinfang\ThinkPHP\Library\Think\Upload.class.php 第 170 行.
NOTIC: [2] call_user_func() expects parameter 1 to be a valid callback, no array or string given E:\phpStudy\WWW\99xinfang\ThinkPHP\Library\Think\Upload.class.php 第 170 行.
NOTIC: [2] call_user_func() expects parameter 1 to be a valid callback, no array or string given E:\phpStudy\WWW\99xinfang\ThinkPHP\Library\Think\Upload.class.php 第 170 行.
SQL: INSERT INTO `house_image` (`img_face`,`house_id`,`img_class`,`image`) VALUES ('1','1','ybj','2017-10-12/59dedd0e69221.png') [ RunTime:0.0060s ]
SQL: INSERT INTO `house_image` (`house_id`,`img_class`,`image`) VALUES ('1','ybj','2017-10-12/59dedd0e6a5a9.png') [ RunTime:0.0060s ]
SQL: INSERT INTO `house_image` (`house_id`,`img_class`,`image`) VALUES ('1','ybj','2017-10-12/59dedd0e6b549.png') [ RunTime:0.0060s ]
SQL: INSERT INTO `house_image` (`house_id`,`img_class`,`image`) VALUES ('1','ybj','2017-10-12/59dedd0e6c4e9.png') [ RunTime:0.0060s ]
SQL: INSERT INTO `house_image` (`house_id`,`img_class`,`image`) VALUES ('1','ybj','2017-10-12/59dedd0e6d0a1.png') [ RunTime:0.0060s ]
SQL: INSERT INTO `house_image` (`house_id`,`img_class`,`image`) VALUES ('1','ybj','2017-10-12/59dedd0e6dc59.png') [ RunTime:0.0060s ]
SQL: INSERT INTO `house_image` (`house_id`,`img_class`,`image`) VALUES ('1','ybj','2017-10-12/59dedd0e6e811.png') [ RunTime:0.0060s ]
SQL: INSERT INTO `house_image` (`house_id`,`img_class`,`image`) VALUES ('1','ybj','2017-10-12/59dedd0e6f7b1.png') [ RunTime:0.0060s ]
SQL: INSERT INTO `house_image` (`house_id`,`img_class`,`image`) VALUES ('1','ybj','2017-10-12/59dedd0e6ff81.png') [ RunTime:0.0060s ]
SQL: INSERT INTO `house_image` (`house_id`,`img_class`,`image`) VALUES ('1','ybj','2017-10-12/59dedd0e70b39.png') [ RunTime:0.0060s ]
INFO: [ view_parse ] --START--
INFO: [ template_filter ] --START--
INFO: Run Behavior\ContentReplaceBehavior [ RunTime:0.000000s ]
INFO: [ template_filter ] --END-- [ RunTime:0.000000s ]
INFO: Run Behavior\ParseTemplateBehavior [ RunTime:0.005000s ]
INFO: [ view_parse ] --END-- [ RunTime:0.005000s ]
INFO: [ view_filter ] --START--
INFO: Run Behavior\WriteHtmlCacheBehavior [ RunTime:0.001000s ]
INFO: [ view_filter ] --END-- [ RunTime:0.001000s ]
INFO: [ app_end ] --START--
INFO: Run Behavior\ShowPageTraceBehavior [ RunTime:0.000000s ]
INFO: [ app_end ] --END-- [ RunTime:0.000000s ]

[ 2017-10-12T11:10:07+08:00 ] 127.0.0.1 /back.php/Lptxt/lpimg
INFO: [ app_init ] --START--
INFO: Run Behavior\BuildLiteBehavior [ RunTime:0.000000s ]
INFO: [ app_init ] --END-- [ RunTime:0.001000s ]
INFO: [ app_begin ] --START--
INFO: Run Behavior\ReadHtmlCacheBehavior [ RunTime:0.001000s ]
INFO: [ app_begin ] --END-- [ RunTime:0.001000s ]
SQL: SHOW COLUMNS FROM `house_info` [ RunTime:0.0060s ]
SQL: SELECT `house_id`,`house_name` FROM `house_info`  [ RunTime:0.0050s ]
INFO: [ view_parse ] --START--
INFO: [ template_filter ] --START--
INFO: Run Behavior\ContentReplaceBehavior [ RunTime:0.000000s ]
INFO: [ template_filter ] --END-- [ RunTime:0.000000s ]
INFO: Run Behavior\ParseTemplateBehavior [ RunTime:0.010000s ]
INFO: [ view_parse ] --END-- [ RunTime:0.010000s ]
INFO: [ view_filter ] --START--
INFO: Run Behavior\WriteHtmlCacheBehavior [ RunTime:0.000000s ]
INFO: [ view_filter ] --END-- [ RunTime:0.000000s ]
INFO: [ app_end ] --START--
INFO: Run Behavior\ShowPageTraceBehavior [ RunTime:0.001000s ]
INFO: [ app_end ] --END-- [ RunTime:0.001000s ]

[ 2017-10-12T11:10:18+08:00 ] 127.0.0.1 /back.php/Lptxt/lpimg
INFO: [ app_init ] --START--
INFO: Run Behavior\BuildLiteBehavior [ RunTime:0.000000s ]
INFO: [ app_init ] --END-- [ RunTime:0.001000s ]
INFO: [ app_begin ] --START--
INFO: Run Behavior\ReadHtmlCacheBehavior [ RunTime:0.001000s ]
INFO: [ app_begin ] --END-- [ RunTime:0.001000s ]
SQL: SHOW COLUMNS FROM `house_info` [ RunTime:0.0070s ]
SQL: SELECT `house_id`,`house_name` FROM `house_info`  [ RunTime:0.0070s ]
SQL: SHOW COLUMNS FROM `house_image` [ RunTime:0.0060s ]
NOTIC: [8] Undefined variable: savePath E:\phpStudy\WWW\99xinfang\Application\Back\Controller\LptxtController.class.php 第 262 行.
NOTIC: [2] call_user_func() expects parameter 1 to be a valid callback, no array or string given E:\phpStudy\WWW\99xinfang\ThinkPHP\Library\Think\Upload.class.php 第 170 行.
SQL: INSERT INTO `house_image` (`img_face`,`house_id`,`img_class`,`image`) VALUES ('1','1','ght','2017-10-12/59dedd1a12769.png') [ RunTime:0.0060s ]
INFO: [ view_parse ] --START--
INFO: [ template_filter ] --START--
INFO: Run Behavior\ContentReplaceBehavior [ RunTime:0.000000s ]
INFO: [ template_filter ] --END-- [ RunTime:0.000000s ]
INFO: Run Behavior\ParseTemplateBehavior [ RunTime:0.011000s ]
INFO: [ view_parse ] --END-- [ RunTime:0.011000s ]
INFO: [ view_filter ] --START--
INFO: Run Behavior\WriteHtmlCacheBehavior [ RunTime:0.001000s ]
INFO: [ view_filter ] --END-- [ RunTime:0.001000s ]
INFO: [ app_end ] --START--
INFO: Run Behavior\ShowPageTraceBehavior [ RunTime:0.001000s ]
INFO: [ app_end ] --END-- [ RunTime:0.002000s ]

[ 2017-10-12T11:10:19+08:00 ] 127.0.0.1 /back.php/Lptxt/lpimg
INFO: [ app_init ] --START--
INFO: Run Behavior\BuildLiteBehavior [ RunTime:0.001000s ]
INFO: [ app_init ] --END-- [ RunTime:0.001000s ]
INFO: [ app_begin ] --START--
INFO: Run Behavior\ReadHtmlCacheBehavior [ RunTime:0.002000s ]
INFO: [ app_begin ] --END-- [ RunTime:0.002000s ]
SQL: SHOW COLUMNS FROM `house_info` [ RunTime:0.0060s ]
SQL: SELECT `house_id`,`house_name` FROM `house_info`  [ RunTime:0.0050s ]
INFO: [ view_parse ] --START--
INFO: [ template_filter ] --START--
INFO: Run Behavior\ContentReplaceBehavior [ RunTime:0.000000s ]
INFO: [ template_filter ] --END-- [ RunTime:0.000000s ]
INFO: Run Behavior\ParseTemplateBehavior [ RunTime:0.008000s ]
INFO: [ view_parse ] --END-- [ RunTime:0.008000s ]
INFO: [ view_filter ] --START--
INFO: Run Behavior\WriteHtmlCacheBehavior [ RunTime:0.001000s ]
INFO: [ view_filter ] --END-- [ RunTime:0.001000s ]
INFO: [ app_end ] --START--
INFO: Run Behavior\ShowPageTraceBehavior [ RunTime:0.000000s ]
INFO: [ app_end ] --END-- [ RunTime:0.000000s ]

[ 2017-10-12T11:10:28+08:00 ] 127.0.0.1 /back.php/Lptxt/lpimg
INFO: [ app_init ] --START--
INFO: Run Behavior\BuildLiteBehavior [ RunTime:0.000000s ]
INFO: [ app_init ] --END-- [ RunTime:0.001000s ]
INFO: [ app_begin ] --START--
INFO: Run Behavior\ReadHtmlCacheBehavior [ RunTime:0.000000s ]
INFO: [ app_begin ] --END-- [ RunTime:0.000000s ]
SQL: SHOW COLUMNS FROM `house_info` [ RunTime:0.0070s ]
SQL: SELECT `house_id`,`house_name` FROM `house_info`  [ RunTime:0.0060s ]
SQL: SHOW COLUMNS FROM `house_image` [ RunTime:0.0060s ]
NOTIC: [8] Undefined variable: savePath E:\phpStudy\WWW\99xinfang\Application\Back\Controller\LptxtController.class.php 第 262 行.
NOTIC: [2] call_user_func() expects parameter 1 to be a valid callback, no array or string given E:\phpStudy\WWW\99xinfang\ThinkPHP\Library\Think\Upload.class.php 第 170 行.
NOTIC: [2] call_user_func() expects parameter 1 to be a valid callback, no array or string given E:\phpStudy\WWW\99xinfang\ThinkPHP\Library\Think\Upload.class.php 第 170 行.
NOTIC: [2] call_user_func() expects parameter 1 to be a valid callback, no array or string given E:\phpStudy\WWW\99xinfang\ThinkPHP\Library\Think\Upload.class.php 第 170 行.
NOTIC: [2] call_user_func() expects parameter 1 to be a valid callback, no array or string given E:\phpStudy\WWW\99xinfang\ThinkPHP\Library\Think\Upload.class.php 第 170 行.
NOTIC: [2] call_user_func() expects parameter 1 to be a valid callback, no array or string given E:\phpStudy\WWW\99xinfang\ThinkPHP\Library\Think\Upload.class.php 第 170 行.
NOTIC: [2] call_user_func() expects parameter 1 to be a valid callback, no array or string given E:\phpStudy\WWW\99xinfang\ThinkPHP\Library\Think\Upload.class.php 第 170 行.
NOTIC: [2] call_user_func() expects parameter 1 to be a valid callback, no array or string given E:\phpStudy\WWW\99xinfang\ThinkPHP\Library\Think\Upload.class.php 第 170 行.
NOTIC: [2] call_user_func() expects parameter 1 to be a valid callback, no array or string given E:\phpStudy\WWW\99xinfang\ThinkPHP\Library\Think\Upload.class.php 第 170 行.
NOTIC: [2] call_user_func() expects parameter 1 to be a valid callback, no array or string given E:\phpStudy\WWW\99xinfang\ThinkPHP\Library\Think\Upload.class.php 第 170 行.
SQL: INSERT INTO `house_image` (`img_face`,`house_id`,`img_class`,`image`) VALUES ('1','1','ptt','2017-10-12/59dedd23f19b9.jpg') [ RunTime:0.0060s ]
SQL: INSERT INTO `house_image` (`house_id`,`img_class`,`image`) VALUES ('1','ptt','2017-10-12/59dedd23f40c9.jpg') [ RunTime:0.0050s ]
SQL: INSERT INTO `house_image` (`house_id`,`img_class`,`image`) VALUES ('1','ptt','2017-10-12/59dedd2402599.jpg') [ RunTime:0.0050s ]
SQL: INSERT INTO `house_image` (`house_id`,`img_class`,`image`) VALUES ('1','ptt','2017-10-12/59dedd24048c1.jpg') [ RunTime:0.0050s ]
SQL: INSERT INTO `house_image` (`house_id`,`img_class`,`image`) VALUES ('1','ptt','2017-10-12/59dedd2406fd1.jpg') [ RunTime:0.0050s ]
SQL: INSERT INTO `house_image` (`house_id`,`img_class`,`image`) VALUES ('1','ptt','2017-10-12/59dedd2408f11.jpg') [ RunTime:0.0050s ]
SQL: INSERT INTO `house_image` (`house_id`,`img_class`,`image`) VALUES ('1','ptt','2017-10-12/59dedd240bdf1.jpg') [ RunTime:0.0060s ]
SQL: INSERT INTO `house_image` (`house_id`,`img_class`,`image`) VALUES ('1','ptt','2017-10-12/59dedd240e119.png') [ RunTime:0.0050s ]
SQL: INSERT INTO `house_image` (`house_id`,`img_class`,`image`) VALUES ('1','ptt','2017-10-12/59dedd240f4a1.png') [ RunTime:0.0060s ]
INFO: [ view_parse ] --START--
INFO: [ template_filter ] --START--
INFO: Run Behavior\ContentReplaceBehavior [ RunTime:0.000000s ]
INFO: [ template_filter ] --END-- [ RunTime:0.000000s ]
INFO: Run Behavior\ParseTemplateBehavior [ RunTime:0.012000s ]
INFO: [ view_parse ] --END-- [ RunTime:0.012000s ]
INFO: [ view_filter ] --START--
INFO: Run Behavior\WriteHtmlCacheBehavior [ RunTime:0.000000s ]
INFO: [ view_filter ] --END-- [ RunTime:0.001000s ]
INFO: [ app_end ] --START--
INFO: Run Behavior\ShowPageTraceBehavior [ RunTime:0.001000s ]
INFO: [ app_end ] --END-- [ RunTime:0.001000s ]

[ 2017-10-12T11:10:29+08:00 ] 127.0.0.1 /back.php/Lptxt/lpimg
INFO: [ app_init ] --START--
INFO: Run Behavior\BuildLiteBehavior [ RunTime:0.000000s ]
INFO: [ app_init ] --END-- [ RunTime:0.000000s ]
INFO: [ app_begin ] --START--
INFO: Run Behavior\ReadHtmlCacheBehavior [ RunTime:0.001000s ]
INFO: [ app_begin ] --END-- [ RunTime:0.001000s ]
SQL: SHOW COLUMNS FROM `house_info` [ RunTime:0.0060s ]
SQL: SELECT `house_id`,`house_name` FROM `house_info`  [ RunTime:0.0050s ]
INFO: [ view_parse ] --START--
INFO: [ template_filter ] --START--
INFO: Run Behavior\ContentReplaceBehavior [ RunTime:0.000000s ]
INFO: [ template_filter ] --END-- [ RunTime:0.000000s ]
INFO: Run Behavior\ParseTemplateBehavior [ RunTime:0.009000s ]
INFO: [ view_parse ] --END-- [ RunTime:0.009000s ]
INFO: [ view_filter ] --START--
INFO: Run Behavior\WriteHtmlCacheBehavior [ RunTime:0.000000s ]
INFO: [ view_filter ] --END-- [ RunTime:0.000000s ]
INFO: [ app_end ] --START--
INFO: Run Behavior\ShowPageTraceBehavior [ RunTime:0.001000s ]
INFO: [ app_end ] --END-- [ RunTime:0.001000s ]

[ 2017-10-12T11:10:38+08:00 ] 127.0.0.1 /back.php/Lptxt/lpimg
INFO: [ app_init ] --START--
INFO: Run Behavior\BuildLiteBehavior [ RunTime:0.000000s ]
INFO: [ app_init ] --END-- [ RunTime:0.000000s ]
INFO: [ app_begin ] --START--
INFO: Run Behavior\ReadHtmlCacheBehavior [ RunTime:0.000000s ]
INFO: [ app_begin ] --END-- [ RunTime:0.000000s ]
SQL: SHOW COLUMNS FROM `house_info` [ RunTime:0.0070s ]
SQL: SELECT `house_id`,`house_name` FROM `house_info`  [ RunTime:0.0060s ]
SQL: SHOW COLUMNS FROM `house_image` [ RunTime:0.0060s ]
NOTIC: [8] Undefined variable: savePath E:\phpStudy\WWW\99xinfang\Application\Back\Controller\LptxtController.class.php 第 262 行.
NOTIC: [2] call_user_func() expects parameter 1 to be a valid callback, no array or string given E:\phpStudy\WWW\99xinfang\ThinkPHP\Library\Think\Upload.class.php 第 170 行.
SQL: INSERT INTO `house_image` (`house_id`,`img_class`,`image`) VALUES ('1','face','2017-10-12/59dedd2ec7dc1.jpg') [ RunTime:0.0060s ]
INFO: [ view_parse ] --START--
INFO: [ template_filter ] --START--
INFO: Run Behavior\ContentReplaceBehavior [ RunTime:0.000000s ]
INFO: [ template_filter ] --END-- [ RunTime:0.000000s ]
INFO: Run Behavior\ParseTemplateBehavior [ RunTime:0.010000s ]
INFO: [ view_parse ] --END-- [ RunTime:0.010000s ]
INFO: [ view_filter ] --START--
INFO: Run Behavior\WriteHtmlCacheBehavior [ RunTime:0.001000s ]
INFO: [ view_filter ] --END-- [ RunTime:0.001000s ]
INFO: [ app_end ] --START--
INFO: Run Behavior\ShowPageTraceBehavior [ RunTime:0.001000s ]
INFO: [ app_end ] --END-- [ RunTime:0.001000s ]

[ 2017-10-12T11:10:39+08:00 ] 127.0.0.1 /back.php/Lptxt/lpimg
INFO: [ app_init ] --START--
INFO: Run Behavior\BuildLiteBehavior [ RunTime:0.000000s ]
INFO: [ app_init ] --END-- [ RunTime:0.001000s ]
INFO: [ app_begin ] --START--
INFO: Run Behavior\ReadHtmlCacheBehavior [ RunTime:0.001000s ]
INFO: [ app_begin ] --END-- [ RunTime:0.001000s ]
SQL: SHOW COLUMNS FROM `house_info` [ RunTime:0.0050s ]
SQL: SELECT `house_id`,`house_name` FROM `house_info`  [ RunTime:0.0050s ]
INFO: [ view_parse ] --START--
INFO: [ template_filter ] --START--
INFO: Run Behavior\ContentReplaceBehavior [ RunTime:0.000000s ]
INFO: [ template_filter ] --END-- [ RunTime:0.000000s ]
INFO: Run Behavior\ParseTemplateBehavior [ RunTime:0.019000s ]
INFO: [ view_parse ] --END-- [ RunTime:0.019000s ]
INFO: [ view_filter ] --START--
INFO: Run Behavior\WriteHtmlCacheBehavior [ RunTime:0.001000s ]
INFO: [ view_filter ] --END-- [ RunTime:0.001000s ]
INFO: [ app_end ] --START--
INFO: Run Behavior\ShowPageTraceBehavior [ RunTime:0.001000s ]
INFO: [ app_end ] --END-- [ RunTime:0.001000s ]

[ 2017-10-12T11:12:45+08:00 ] 127.0.0.1 /back.php/Lptxt/lpimg
INFO: [ app_init ] --START--
INFO: Run Behavior\BuildLiteBehavior [ RunTime:0.000000s ]
INFO: [ app_init ] --END-- [ RunTime:0.000000s ]
INFO: [ app_begin ] --START--
INFO: Run Behavior\ReadHtmlCacheBehavior [ RunTime:0.001000s ]
INFO: [ app_begin ] --END-- [ RunTime:0.002000s ]
SQL: SHOW COLUMNS FROM `house_info` [ RunTime:0.0070s ]
SQL: SELECT `house_id`,`house_name` FROM `house_info`  [ RunTime:0.0060s ]
INFO: [ view_parse ] --START--
INFO: [ template_filter ] --START--
INFO: Run Behavior\ContentReplaceBehavior [ RunTime:0.000000s ]
INFO: [ template_filter ] --END-- [ RunTime:0.001000s ]
INFO: Run Behavior\ParseTemplateBehavior [ RunTime:0.015000s ]
INFO: [ view_parse ] --END-- [ RunTime:0.015000s ]
INFO: [ view_filter ] --START--
INFO: Run Behavior\WriteHtmlCacheBehavior [ RunTime:0.001000s ]
INFO: [ view_filter ] --END-- [ RunTime:0.001000s ]
INFO: [ app_end ] --START--
INFO: Run Behavior\ShowPageTraceBehavior [ RunTime:0.001000s ]
INFO: [ app_end ] --END-- [ RunTime:0.001000s ]

[ 2017-10-12T11:12:54+08:00 ] 127.0.0.1 /back.php/Lptxt/lpimg
INFO: [ app_init ] --START--
INFO: Run Behavior\BuildLiteBehavior [ RunTime:0.000000s ]
INFO: [ app_init ] --END-- [ RunTime:0.000000s ]
INFO: [ app_begin ] --START--
INFO: Run Behavior\ReadHtmlCacheBehavior [ RunTime:0.000000s ]
INFO: [ app_begin ] --END-- [ RunTime:0.000000s ]
SQL: SHOW COLUMNS FROM `house_info` [ RunTime:0.0070s ]
SQL: SELECT `house_id`,`house_name` FROM `house_info`  [ RunTime:0.0060s ]
SQL: SHOW COLUMNS FROM `house_image` [ RunTime:0.0070s ]
NOTIC: [8] Undefined variable: savePath E:\phpStudy\WWW\99xinfang\Application\Back\Controller\LptxtController.class.php 第 262 行.
NOTIC: [2] call_user_func() expects parameter 1 to be a valid callback, no array or string given E:\phpStudy\WWW\99xinfang\ThinkPHP\Library\Think\Upload.class.php 第 170 行.
NOTIC: [2] call_user_func() expects parameter 1 to be a valid callback, no array or string given E:\phpStudy\WWW\99xinfang\ThinkPHP\Library\Think\Upload.class.php 第 170 行.
NOTIC: [2] call_user_func() expects parameter 1 to be a valid callback, no array or string given E:\phpStudy\WWW\99xinfang\ThinkPHP\Library\Think\Upload.class.php 第 170 行.
NOTIC: [2] call_user_func() expects parameter 1 to be a valid callback, no array or string given E:\phpStudy\WWW\99xinfang\ThinkPHP\Library\Think\Upload.class.php 第 170 行.
NOTIC: [2] call_user_func() expects parameter 1 to be a valid callback, no array or string given E:\phpStudy\WWW\99xinfang\ThinkPHP\Library\Think\Upload.class.php 第 170 行.
NOTIC: [2] call_user_func() expects parameter 1 to be a valid callback, no array or string given E:\phpStudy\WWW\99xinfang\ThinkPHP\Library\Think\Upload.class.php 第 170 行.
NOTIC: [2] call_user_func() expects parameter 1 to be a valid callback, no array or string given E:\phpStudy\WWW\99xinfang\ThinkPHP\Library\Think\Upload.class.php 第 170 行.
NOTIC: [2] call_user_func() expects parameter 1 to be a valid callback, no array or string given E:\phpStudy\WWW\99xinfang\ThinkPHP\Library\Think\Upload.class.php 第 170 行.
NOTIC: [2] call_user_func() expects parameter 1 to be a valid callback, no array or string given E:\phpStudy\WWW\99xinfang\ThinkPHP\Library\Think\Upload.class.php 第 170 行.
NOTIC: [2] call_user_func() expects parameter 1 to be a valid callback, no array or string given E:\phpStudy\WWW\99xinfang\ThinkPHP\Library\Think\Upload.class.php 第 170 行.
SQL: INSERT INTO `house_image` (`img_face`,`house_id`,`img_class`,`image`) VALUES ('1','1','xgt','2017-10-12/59deddb6bcdf9.png') [ RunTime:0.0060s ]
SQL: INSERT INTO `house_image` (`house_id`,`img_class`,`image`) VALUES ('1','xgt','2017-10-12/59deddb6bed39.png') [ RunTime:0.0060s ]
SQL: INSERT INTO `house_image` (`house_id`,`img_class`,`image`) VALUES ('1','xgt','2017-10-12/59deddb6c04a9.png') [ RunTime:0.0050s ]
SQL: INSERT INTO `house_image` (`house_id`,`img_class`,`image`) VALUES ('1','xgt','2017-10-12/59deddb6c1831.png') [ RunTime:0.0060s ]
SQL: INSERT INTO `house_image` (`house_id`,`img_class`,`image`) VALUES ('1','xgt','2017-10-12/59deddb6c2bb9.png') [ RunTime:0.0060s ]
SQL: INSERT INTO `house_image` (`house_id`,`img_class`,`image`) VALUES ('1','xgt','2017-10-12/59deddb6c3b59.png') [ RunTime:0.0060s ]
SQL: INSERT INTO `house_image` (`house_id`,`img_class`,`image`) VALUES ('1','xgt','2017-10-12/59deddb6c4af9.png') [ RunTime:0.0060s ]
SQL: INSERT INTO `house_image` (`house_id`,`img_class`,`image`) VALUES ('1','xgt','2017-10-12/59deddb6c5e81.png') [ RunTime:0.0050s ]
SQL: INSERT INTO `house_image` (`house_id`,`img_class`,`image`) VALUES ('1','xgt','2017-10-12/59deddb6c6e21.png') [ RunTime:0.0050s ]
SQL: INSERT INTO `house_image` (`house_id`,`img_class`,`image`) VALUES ('1','xgt','2017-10-12/59deddb6c7dc1.png') [ RunTime:0.0060s ]
INFO: [ view_parse ] --START--
INFO: [ template_filter ] --START--
INFO: Run Behavior\ContentReplaceBehavior [ RunTime:0.000000s ]
INFO: [ template_filter ] --END-- [ RunTime:0.000000s ]
INFO: Run Behavior\ParseTemplateBehavior [ RunTime:0.012000s ]
INFO: [ view_parse ] --END-- [ RunTime:0.012000s ]
INFO: [ view_filter ] --START--
INFO: Run Behavior\WriteHtmlCacheBehavior [ RunTime:0.001000s ]
INFO: [ view_filter ] --END-- [ RunTime:0.001000s ]
INFO: [ app_end ] --START--
INFO: Run Behavior\ShowPageTraceBehavior [ RunTime:0.002000s ]
INFO: [ app_end ] --END-- [ RunTime:0.002000s ]

[ 2017-10-12T11:12:56+08:00 ] 127.0.0.1 /back.php/Lptxt/lpimg
INFO: [ app_init ] --START--
INFO: Run Behavior\BuildLiteBehavior [ RunTime:0.000000s ]
INFO: [ app_init ] --END-- [ RunTime:0.001000s ]
INFO: [ app_begin ] --START--
INFO: Run Behavior\ReadHtmlCacheBehavior [ RunTime:0.001000s ]
INFO: [ app_begin ] --END-- [ RunTime:0.001000s ]
SQL: SHOW COLUMNS FROM `house_info` [ RunTime:0.0080s ]
SQL: SELECT `house_id`,`house_name` FROM `house_info`  [ RunTime:0.0060s ]
INFO: [ view_parse ] --START--
INFO: [ template_filter ] --START--
INFO: Run Behavior\ContentReplaceBehavior [ RunTime:0.000000s ]
INFO: [ template_filter ] --END-- [ RunTime:0.001000s ]
INFO: Run Behavior\ParseTemplateBehavior [ RunTime:0.018000s ]
INFO: [ view_parse ] --END-- [ RunTime:0.018000s ]
INFO: [ view_filter ] --START--
INFO: Run Behavior\WriteHtmlCacheBehavior [ RunTime:0.001000s ]
INFO: [ view_filter ] --END-- [ RunTime:0.001000s ]
INFO: [ app_end ] --START--
INFO: Run Behavior\ShowPageTraceBehavior [ RunTime:0.001000s ]
INFO: [ app_end ] --END-- [ RunTime:0.001000s ]

[ 2017-10-12T11:13:06+08:00 ] 127.0.0.1 /back.php/Lptxt/lpimg
INFO: [ app_init ] --START--
INFO: Run Behavior\BuildLiteBehavior [ RunTime:0.000000s ]
INFO: [ app_init ] --END-- [ RunTime:0.000000s ]
INFO: [ app_begin ] --START--
INFO: Run Behavior\ReadHtmlCacheBehavior [ RunTime:0.000000s ]
INFO: [ app_begin ] --END-- [ RunTime:0.000000s ]
SQL: SHOW COLUMNS FROM `house_info` [ RunTime:0.0060s ]
SQL: SELECT `house_id`,`house_name` FROM `house_info`  [ RunTime:0.0050s ]
SQL: SHOW COLUMNS FROM `house_image` [ RunTime:0.0050s ]
NOTIC: [8] Undefined variable: savePath E:\phpStudy\WWW\99xinfang\Application\Back\Controller\LptxtController.class.php 第 262 行.
NOTIC: [2] call_user_func() expects parameter 1 to be a valid callback, no array or string given E:\phpStudy\WWW\99xinfang\ThinkPHP\Library\Think\Upload.class.php 第 170 行.
NOTIC: [2] call_user_func() expects parameter 1 to be a valid callback, no array or string given E:\phpStudy\WWW\99xinfang\ThinkPHP\Library\Think\Upload.class.php 第 170 行.
NOTIC: [2] call_user_func() expects parameter 1 to be a valid callback, no array or string given E:\phpStudy\WWW\99xinfang\ThinkPHP\Library\Think\Upload.class.php 第 170 行.
NOTIC: [2] call_user_func() expects parameter 1 to be a valid callback, no array or string given E:\phpStudy\WWW\99xinfang\ThinkPHP\Library\Think\Upload.class.php 第 170 行.
NOTIC: [2] call_user_func() expects parameter 1 to be a valid callback, no array or string given E:\phpStudy\WWW\99xinfang\ThinkPHP\Library\Think\Upload.class.php 第 170 行.
NOTIC: [2] call_user_func() expects parameter 1 to be a valid callback, no array or string given E:\phpStudy\WWW\99xinfang\ThinkPHP\Library\Think\Upload.class.php 第 170 行.
SQL: INSERT INTO `house_image` (`img_face`,`house_id`,`img_class`,`image`) VALUES ('1','1','sjt','2017-10-12/59deddc21e2e9.png') [ RunTime:0.0040s ]
SQL: INSERT INTO `house_image` (`house_id`,`img_class`,`image`) VALUES ('1','sjt','2017-10-12/59deddc21f289.png') [ RunTime:0.0040s ]
SQL: INSERT INTO `house_image` (`house_id`,`img_class`,`image`) VALUES ('1','sjt','2017-10-12/59deddc21fa59.png') [ RunTime:0.0050s ]
SQL: INSERT INTO `house_image` (`house_id`,`img_class`,`image`) VALUES ('1','sjt','2017-10-12/59deddc220611.png') [ RunTime:0.0050s ]
SQL: INSERT INTO `house_image` (`house_id`,`img_class`,`image`) VALUES ('1','sjt','2017-10-12/59deddc2211c9.png') [ RunTime:0.0050s ]
SQL: INSERT INTO `house_image` (`house_id`,`img_class`,`image`) VALUES ('1','sjt','2017-10-12/59deddc222169.png') [ RunTime:0.0050s ]
INFO: [ view_parse ] --START--
INFO: [ template_filter ] --START--
INFO: Run Behavior\ContentReplaceBehavior [ RunTime:0.000000s ]
INFO: [ template_filter ] --END-- [ RunTime:0.000000s ]
INFO: Run Behavior\ParseTemplateBehavior [ RunTime:0.006000s ]
INFO: [ view_parse ] --END-- [ RunTime:0.006000s ]
INFO: [ view_filter ] --START--
INFO: Run Behavior\WriteHtmlCacheBehavior [ RunTime:0.000000s ]
INFO: [ view_filter ] --END-- [ RunTime:0.000000s ]
INFO: [ app_end ] --START--
INFO: Run Behavior\ShowPageTraceBehavior [ RunTime:0.000000s ]
INFO: [ app_end ] --END-- [ RunTime:0.000000s ]

[ 2017-10-12T11:13:07+08:00 ] 127.0.0.1 /back.php/Lptxt/lpimg
INFO: [ app_init ] --START--
INFO: Run Behavior\BuildLiteBehavior [ RunTime:0.000000s ]
INFO: [ app_init ] --END-- [ RunTime:0.001000s ]
INFO: [ app_begin ] --START--
INFO: Run Behavior\ReadHtmlCacheBehavior [ RunTime:0.000000s ]
INFO: [ app_begin ] --END-- [ RunTime:0.000000s ]
SQL: SHOW COLUMNS FROM `house_info` [ RunTime:0.0060s ]
SQL: SELECT `house_id`,`house_name` FROM `house_info`  [ RunTime:0.0050s ]
INFO: [ view_parse ] --START--
INFO: [ template_filter ] --START--
INFO: Run Behavior\ContentReplaceBehavior [ RunTime:0.000000s ]
INFO: [ template_filter ] --END-- [ RunTime:0.001000s ]
INFO: Run Behavior\ParseTemplateBehavior [ RunTime:0.010000s ]
INFO: [ view_parse ] --END-- [ RunTime:0.010000s ]
INFO: [ view_filter ] --START--
INFO: Run Behavior\WriteHtmlCacheBehavior [ RunTime:0.001000s ]
INFO: [ view_filter ] --END-- [ RunTime:0.001000s ]
INFO: [ app_end ] --START--
INFO: Run Behavior\ShowPageTraceBehavior [ RunTime:0.001000s ]
INFO: [ app_end ] --END-- [ RunTime:0.001000s ]

[ 2017-10-12T11:13:18+08:00 ] 127.0.0.1 /back.php/Lptxt/lpimg
INFO: [ app_init ] --START--
INFO: Run Behavior\BuildLiteBehavior [ RunTime:0.000000s ]
INFO: [ app_init ] --END-- [ RunTime:0.001000s ]
INFO: [ app_begin ] --START--
INFO: Run Behavior\ReadHtmlCacheBehavior [ RunTime:0.000000s ]
INFO: [ app_begin ] --END-- [ RunTime:0.000000s ]
SQL: SHOW COLUMNS FROM `house_info` [ RunTime:0.0070s ]
SQL: SELECT `house_id`,`house_name` FROM `house_info`  [ RunTime:0.0060s ]
SQL: SHOW COLUMNS FROM `house_image` [ RunTime:0.0060s ]
NOTIC: [8] Undefined variable: savePath E:\phpStudy\WWW\99xinfang\Application\Back\Controller\LptxtController.class.php 第 262 行.
NOTIC: [2] call_user_func() expects parameter 1 to be a valid callback, no array or string given E:\phpStudy\WWW\99xinfang\ThinkPHP\Library\Think\Upload.class.php 第 170 行.
NOTIC: [2] call_user_func() expects parameter 1 to be a valid callback, no array or string given E:\phpStudy\WWW\99xinfang\ThinkPHP\Library\Think\Upload.class.php 第 170 行.
NOTIC: [2] call_user_func() expects parameter 1 to be a valid callback, no array or string given E:\phpStudy\WWW\99xinfang\ThinkPHP\Library\Think\Upload.class.php 第 170 行.
NOTIC: [2] call_user_func() expects parameter 1 to be a valid callback, no array or string given E:\phpStudy\WWW\99xinfang\ThinkPHP\Library\Think\Upload.class.php 第 170 行.
NOTIC: [2] call_user_func() expects parameter 1 to be a valid callback, no array or string given E:\phpStudy\WWW\99xinfang\ThinkPHP\Library\Think\Upload.class.php 第 170 行.
NOTIC: [2] call_user_func() expects parameter 1 to be a valid callback, no array or string given E:\phpStudy\WWW\99xinfang\ThinkPHP\Library\Think\Upload.class.php 第 170 行.
NOTIC: [2] call_user_func() expects parameter 1 to be a valid callback, no array or string given E:\phpStudy\WWW\99xinfang\ThinkPHP\Library\Think\Upload.class.php 第 170 行.
NOTIC: [2] call_user_func() expects parameter 1 to be a valid callback, no array or string given E:\phpStudy\WWW\99xinfang\ThinkPHP\Library\Think\Upload.class.php 第 170 行.
NOTIC: [2] call_user_func() expects parameter 1 to be a valid callback, no array or string given E:\phpStudy\WWW\99xinfang\ThinkPHP\Library\Think\Upload.class.php 第 170 行.
NOTIC: [2] call_user_func() expects parameter 1 to be a valid callback, no array or string given E:\phpStudy\WWW\99xinfang\ThinkPHP\Library\Think\Upload.class.php 第 170 行.
SQL: INSERT INTO `house_image` (`img_face`,`house_id`,`img_class`,`image`) VALUES ('1','1','ybj','2017-10-12/59deddce44449.png') [ RunTime:0.0060s ]
SQL: INSERT INTO `house_image` (`house_id`,`img_class`,`image`) VALUES ('1','ybj','2017-10-12/59deddce45bb9.png') [ RunTime:0.0060s ]
SQL: INSERT INTO `house_image` (`house_id`,`img_class`,`image`) VALUES ('1','ybj','2017-10-12/59deddce46f41.png') [ RunTime:0.0060s ]
SQL: INSERT INTO `house_image` (`house_id`,`img_class`,`image`) VALUES ('1','ybj','2017-10-12/59deddce486b1.png') [ RunTime:0.0060s ]
SQL: INSERT INTO `house_image` (`house_id`,`img_class`,`image`) VALUES ('1','ybj','2017-10-12/59deddce49e21.png') [ RunTime:0.0060s ]
SQL: INSERT INTO `house_image` (`house_id`,`img_class`,`image`) VALUES ('1','ybj','2017-10-12/59deddce4b1a9.png') [ RunTime:0.0060s ]
SQL: INSERT INTO `house_image` (`house_id`,`img_class`,`image`) VALUES ('1','ybj','2017-10-12/59deddce4c531.png') [ RunTime:0.0060s ]
SQL: INSERT INTO `house_image` (`house_id`,`img_class`,`image`) VALUES ('1','ybj','2017-10-12/59deddce4d0e9.png') [ RunTime:0.0060s ]
SQL: INSERT INTO `house_image` (`house_id`,`img_class`,`image`) VALUES ('1','ybj','2017-10-12/59deddce4dca1.png') [ RunTime:0.0060s ]
SQL: INSERT INTO `house_image` (`house_id`,`img_class`,`image`) VALUES ('1','ybj','2017-10-12/59deddce4e859.png') [ RunTime:0.0060s ]
INFO: [ view_parse ] --START--
INFO: [ template_filter ] --START--
INFO: Run Behavior\ContentReplaceBehavior [ RunTime:0.000000s ]
INFO: [ template_filter ] --END-- [ RunTime:0.000000s ]
INFO: Run Behavior\ParseTemplateBehavior [ RunTime:0.010000s ]
INFO: [ view_parse ] --END-- [ RunTime:0.011000s ]
INFO: [ view_filter ] --START--
INFO: Run Behavior\WriteHtmlCacheBehavior [ RunTime:0.001000s ]
INFO: [ view_filter ] --END-- [ RunTime:0.001000s ]
INFO: [ app_end ] --START--
INFO: Run Behavior\ShowPageTraceBehavior [ RunTime:0.001000s ]
INFO: [ app_end ] --END-- [ RunTime:0.001000s ]

[ 2017-10-12T11:13:19+08:00 ] 127.0.0.1 /back.php/Lptxt/lpimg
INFO: [ app_init ] --START--
INFO: Run Behavior\BuildLiteBehavior [ RunTime:0.000000s ]
INFO: [ app_init ] --END-- [ RunTime:0.001000s ]
INFO: [ app_begin ] --START--
INFO: Run Behavior\ReadHtmlCacheBehavior [ RunTime:0.001000s ]
INFO: [ app_begin ] --END-- [ RunTime:0.001000s ]
SQL: SHOW COLUMNS FROM `house_info` [ RunTime:0.0080s ]
SQL: SELECT `house_id`,`house_name` FROM `house_info`  [ RunTime:0.0070s ]
INFO: [ view_parse ] --START--
INFO: [ template_filter ] --START--
INFO: Run Behavior\ContentReplaceBehavior [ RunTime:0.000000s ]
INFO: [ template_filter ] --END-- [ RunTime:0.000000s ]
INFO: Run Behavior\ParseTemplateBehavior [ RunTime:0.008000s ]
INFO: [ view_parse ] --END-- [ RunTime:0.009000s ]
INFO: [ view_filter ] --START--
INFO: Run Behavior\WriteHtmlCacheBehavior [ RunTime:0.000000s ]
INFO: [ view_filter ] --END-- [ RunTime:0.000000s ]
INFO: [ app_end ] --START--
INFO: Run Behavior\ShowPageTraceBehavior [ RunTime:0.001000s ]
INFO: [ app_end ] --END-- [ RunTime:0.001000s ]

[ 2017-10-12T11:13:30+08:00 ] 127.0.0.1 /back.php/Lptxt/lpimg
INFO: [ app_init ] --START--
INFO: Run Behavior\BuildLiteBehavior [ RunTime:0.000000s ]
INFO: [ app_init ] --END-- [ RunTime:0.000000s ]
INFO: [ app_begin ] --START--
INFO: Run Behavior\ReadHtmlCacheBehavior [ RunTime:0.001000s ]
INFO: [ app_begin ] --END-- [ RunTime:0.001000s ]
SQL: SHOW COLUMNS FROM `house_info` [ RunTime:0.0070s ]
SQL: SELECT `house_id`,`house_name` FROM `house_info`  [ RunTime:0.0050s ]
SQL: SHOW COLUMNS FROM `house_image` [ RunTime:0.0050s ]
NOTIC: [8] Undefined variable: savePath E:\phpStudy\WWW\99xinfang\Application\Back\Controller\LptxtController.class.php 第 262 行.
NOTIC: [2] call_user_func() expects parameter 1 to be a valid callback, no array or string given E:\phpStudy\WWW\99xinfang\ThinkPHP\Library\Think\Upload.class.php 第 170 行.
SQL: INSERT INTO `house_image` (`img_face`,`house_id`,`img_class`,`image`) VALUES ('1','1','ght','2017-10-12/59dedddaaa901.png') [ RunTime:0.0050s ]
INFO: [ view_parse ] --START--
INFO: [ template_filter ] --START--
INFO: Run Behavior\ContentReplaceBehavior [ RunTime:0.000000s ]
INFO: [ template_filter ] --END-- [ RunTime:0.000000s ]
INFO: Run Behavior\ParseTemplateBehavior [ RunTime:0.006000s ]
INFO: [ view_parse ] --END-- [ RunTime:0.006000s ]
INFO: [ view_filter ] --START--
INFO: Run Behavior\WriteHtmlCacheBehavior [ RunTime:0.001000s ]
INFO: [ view_filter ] --END-- [ RunTime:0.001000s ]
INFO: [ app_end ] --START--
INFO: Run Behavior\ShowPageTraceBehavior [ RunTime:0.001000s ]
INFO: [ app_end ] --END-- [ RunTime:0.001000s ]

[ 2017-10-12T11:13:31+08:00 ] 127.0.0.1 /back.php/Lptxt/lpimg
INFO: [ app_init ] --START--
INFO: Run Behavior\BuildLiteBehavior [ RunTime:0.000000s ]
INFO: [ app_init ] --END-- [ RunTime:0.000000s ]
INFO: [ app_begin ] --START--
INFO: Run Behavior\ReadHtmlCacheBehavior [ RunTime:0.001000s ]
INFO: [ app_begin ] --END-- [ RunTime:0.001000s ]
SQL: SHOW COLUMNS FROM `house_info` [ RunTime:0.0060s ]
SQL: SELECT `house_id`,`house_name` FROM `house_info`  [ RunTime:0.0040s ]
INFO: [ view_parse ] --START--
INFO: [ template_filter ] --START--
INFO: Run Behavior\ContentReplaceBehavior [ RunTime:0.000000s ]
INFO: [ template_filter ] --END-- [ RunTime:0.000000s ]
INFO: Run Behavior\ParseTemplateBehavior [ RunTime:0.008000s ]
INFO: [ view_parse ] --END-- [ RunTime:0.009000s ]
INFO: [ view_filter ] --START--
INFO: Run Behavior\WriteHtmlCacheBehavior [ RunTime:0.000000s ]
INFO: [ view_filter ] --END-- [ RunTime:0.000000s ]
INFO: [ app_end ] --START--
INFO: Run Behavior\ShowPageTraceBehavior [ RunTime:0.001000s ]
INFO: [ app_end ] --END-- [ RunTime:0.001000s ]

[ 2017-10-12T11:13:42+08:00 ] 127.0.0.1 /back.php/Lptxt/lpimg
INFO: [ app_init ] --START--
INFO: Run Behavior\BuildLiteBehavior [ RunTime:0.000000s ]
INFO: [ app_init ] --END-- [ RunTime:0.000000s ]
INFO: [ app_begin ] --START--
INFO: Run Behavior\ReadHtmlCacheBehavior [ RunTime:0.000000s ]
INFO: [ app_begin ] --END-- [ RunTime:0.000000s ]
SQL: SHOW COLUMNS FROM `house_info` [ RunTime:0.0080s ]
SQL: SELECT `house_id`,`house_name` FROM `house_info`  [ RunTime:0.0060s ]
SQL: SHOW COLUMNS FROM `house_image` [ RunTime:0.0060s ]
NOTIC: [8] Undefined variable: savePath E:\phpStudy\WWW\99xinfang\Application\Back\Controller\LptxtController.class.php 第 262 行.
NOTIC: [2] call_user_func() expects parameter 1 to be a valid callback, no array or string given E:\phpStudy\WWW\99xinfang\ThinkPHP\Library\Think\Upload.class.php 第 170 行.
NOTIC: [2] call_user_func() expects parameter 1 to be a valid callback, no array or string given E:\phpStudy\WWW\99xinfang\ThinkPHP\Library\Think\Upload.class.php 第 170 行.
NOTIC: [2] call_user_func() expects parameter 1 to be a valid callback, no array or string given E:\phpStudy\WWW\99xinfang\ThinkPHP\Library\Think\Upload.class.php 第 170 行.
NOTIC: [2] call_user_func() expects parameter 1 to be a valid callback, no array or string given E:\phpStudy\WWW\99xinfang\ThinkPHP\Library\Think\Upload.class.php 第 170 行.
NOTIC: [2] call_user_func() expects parameter 1 to be a valid callback, no array or string given E:\phpStudy\WWW\99xinfang\ThinkPHP\Library\Think\Upload.class.php 第 170 行.
NOTIC: [2] call_user_func() expects parameter 1 to be a valid callback, no array or string given E:\phpStudy\WWW\99xinfang\ThinkPHP\Library\Think\Upload.class.php 第 170 行.
NOTIC: [2] call_user_func() expects parameter 1 to be a valid callback, no array or string given E:\phpStudy\WWW\99xinfang\ThinkPHP\Library\Think\Upload.class.php 第 170 行.
NOTIC: [2] call_user_func() expects parameter 1 to be a valid callback, no array or string given E:\phpStudy\WWW\99xinfang\ThinkPHP\Library\Think\Upload.class.php 第 170 行.
NOTIC: [2] call_user_func() expects parameter 1 to be a valid callback, no array or string given E:\phpStudy\WWW\99xinfang\ThinkPHP\Library\Think\Upload.class.php 第 170 行.
SQL: INSERT INTO `house_image` (`house_id`,`img_class`,`image`) VALUES ('1','ptt','2017-10-12/59dedde69f551.jpg') [ RunTime:0.0060s ]
SQL: INSERT INTO `house_image` (`house_id`,`img_class`,`image`) VALUES ('1','ptt','2017-10-12/59dedde6a1c61.jpg') [ RunTime:0.0060s ]
SQL: INSERT INTO `house_image` (`house_id`,`img_class`,`image`) VALUES ('1','ptt','2017-10-12/59dedde6a3f89.jpg') [ RunTime:0.0060s ]
SQL: INSERT INTO `house_image` (`house_id`,`img_class`,`image`) VALUES ('1','ptt','2017-10-12/59dedde6a5ae1.jpg') [ RunTime:0.0060s ]
SQL: INSERT INTO `house_image` (`house_id`,`img_class`,`image`) VALUES ('1','ptt','2017-10-12/59dedde6a7a21.jpg') [ RunTime:0.0060s ]
SQL: INSERT INTO `house_image` (`house_id`,`img_class`,`image`) VALUES ('1','ptt','2017-10-12/59dedde6a9579.jpg') [ RunTime:0.0060s ]
SQL: INSERT INTO `house_image` (`house_id`,`img_class`,`image`) VALUES ('1','ptt','2017-10-12/59dedde6abc89.jpg') [ RunTime:0.0060s ]
SQL: INSERT INTO `house_image` (`house_id`,`img_class`,`image`) VALUES ('1','ptt','2017-10-12/59dedde6ad3f9.png') [ RunTime:0.0060s ]
SQL: INSERT INTO `house_image` (`house_id`,`img_class`,`image`) VALUES ('1','ptt','2017-10-12/59dedde6ae781.png') [ RunTime:0.0060s ]
INFO: [ view_parse ] --START--
INFO: [ template_filter ] --START--
INFO: Run Behavior\ContentReplaceBehavior [ RunTime:0.000000s ]
INFO: [ template_filter ] --END-- [ RunTime:0.000000s ]
INFO: Run Behavior\ParseTemplateBehavior [ RunTime:0.011000s ]
INFO: [ view_parse ] --END-- [ RunTime:0.012000s ]
INFO: [ view_filter ] --START--
INFO: Run Behavior\WriteHtmlCacheBehavior [ RunTime:0.000000s ]
INFO: [ view_filter ] --END-- [ RunTime:0.001000s ]
INFO: [ app_end ] --START--
INFO: Run Behavior\ShowPageTraceBehavior [ RunTime:0.001000s ]
INFO: [ app_end ] --END-- [ RunTime:0.001000s ]

[ 2017-10-12T11:13:43+08:00 ] 127.0.0.1 /back.php/Lptxt/lpimg
INFO: [ app_init ] --START--
INFO: Run Behavior\BuildLiteBehavior [ RunTime:0.000000s ]
INFO: [ app_init ] --END-- [ RunTime:0.001000s ]
INFO: [ app_begin ] --START--
INFO: Run Behavior\ReadHtmlCacheBehavior [ RunTime:0.002000s ]
INFO: [ app_begin ] --END-- [ RunTime:0.002000s ]
SQL: SHOW COLUMNS FROM `house_info` [ RunTime:0.0060s ]
SQL: SELECT `house_id`,`house_name` FROM `house_info`  [ RunTime:0.0050s ]
INFO: [ view_parse ] --START--
INFO: [ template_filter ] --START--
INFO: Run Behavior\ContentReplaceBehavior [ RunTime:0.000000s ]
INFO: [ template_filter ] --END-- [ RunTime:0.000000s ]
INFO: Run Behavior\ParseTemplateBehavior [ RunTime:0.008000s ]
INFO: [ view_parse ] --END-- [ RunTime:0.008000s ]
INFO: [ view_filter ] --START--
INFO: Run Behavior\WriteHtmlCacheBehavior [ RunTime:0.000000s ]
INFO: [ view_filter ] --END-- [ RunTime:0.000000s ]
INFO: [ app_end ] --START--
INFO: Run Behavior\ShowPageTraceBehavior [ RunTime:0.000000s ]
INFO: [ app_end ] --END-- [ RunTime:0.000000s ]

[ 2017-10-12T11:13:53+08:00 ] 127.0.0.1 /back.php/Lptxt/lpimg
INFO: [ app_init ] --START--
INFO: Run Behavior\BuildLiteBehavior [ RunTime:0.000000s ]
INFO: [ app_init ] --END-- [ RunTime:0.001000s ]
INFO: [ app_begin ] --START--
INFO: Run Behavior\ReadHtmlCacheBehavior [ RunTime:0.002000s ]
INFO: [ app_begin ] --END-- [ RunTime:0.002000s ]
SQL: SHOW COLUMNS FROM `house_info` [ RunTime:0.0070s ]
SQL: SELECT `house_id`,`house_name` FROM `house_info`  [ RunTime:0.0060s ]
SQL: SHOW COLUMNS FROM `house_image` [ RunTime:0.0060s ]
NOTIC: [8] Undefined variable: savePath E:\phpStudy\WWW\99xinfang\Application\Back\Controller\LptxtController.class.php 第 262 行.
NOTIC: [2] call_user_func() expects parameter 1 to be a valid callback, no array or string given E:\phpStudy\WWW\99xinfang\ThinkPHP\Library\Think\Upload.class.php 第 170 行.
SQL: INSERT INTO `house_image` (`house_id`,`img_class`,`image`) VALUES ('1','face','2017-10-12/59deddf168e39.jpg') [ RunTime:0.0060s ]
INFO: [ view_parse ] --START--
INFO: [ template_filter ] --START--
INFO: Run Behavior\ContentReplaceBehavior [ RunTime:0.000000s ]
INFO: [ template_filter ] --END-- [ RunTime:0.001000s ]
INFO: Run Behavior\ParseTemplateBehavior [ RunTime:0.010000s ]
INFO: [ view_parse ] --END-- [ RunTime:0.010000s ]
INFO: [ view_filter ] --START--
INFO: Run Behavior\WriteHtmlCacheBehavior [ RunTime:0.001000s ]
INFO: [ view_filter ] --END-- [ RunTime:0.001000s ]
INFO: [ app_end ] --START--
INFO: Run Behavior\ShowPageTraceBehavior [ RunTime:0.002000s ]
INFO: [ app_end ] --END-- [ RunTime:0.002000s ]

[ 2017-10-12T11:13:54+08:00 ] 127.0.0.1 /back.php/Lptxt/lpimg
INFO: [ app_init ] --START--
INFO: Run Behavior\BuildLiteBehavior [ RunTime:0.000000s ]
INFO: [ app_init ] --END-- [ RunTime:0.001000s ]
INFO: [ app_begin ] --START--
INFO: Run Behavior\ReadHtmlCacheBehavior [ RunTime:0.001000s ]
INFO: [ app_begin ] --END-- [ RunTime:0.001000s ]
SQL: SHOW COLUMNS FROM `house_info` [ RunTime:0.0060s ]
SQL: SELECT `house_id`,`house_name` FROM `house_info`  [ RunTime:0.0050s ]
INFO: [ view_parse ] --START--
INFO: [ template_filter ] --START--
INFO: Run Behavior\ContentReplaceBehavior [ RunTime:0.000000s ]
INFO: [ template_filter ] --END-- [ RunTime:0.000000s ]
INFO: Run Behavior\ParseTemplateBehavior [ RunTime:0.014000s ]
INFO: [ view_parse ] --END-- [ RunTime:0.015000s ]
INFO: [ view_filter ] --START--
INFO: Run Behavior\WriteHtmlCacheBehavior [ RunTime:0.000000s ]
INFO: [ view_filter ] --END-- [ RunTime:0.000000s ]
INFO: [ app_end ] --START--
INFO: Run Behavior\ShowPageTraceBehavior [ RunTime:0.001000s ]
INFO: [ app_end ] --END-- [ RunTime:0.001000s ]

